CRITICAL - 2024-02-07 00:49:12 --> ErrorException: Undefined variable: listKategori
in APPPATH\Views\kategori\edit-kategori.php on line 19.
 1 APPPATH\Views\kategori\edit-kategori.php(19): CodeIgniter\Debug\Exceptions->errorHandler(8, 'Undefined variable: listKategori', 'C:\\xampp\\htdocs\\ci4\\app\\Views\\kategori\\edit-kategori.php', 19, [...])
 2 SYSTEMPATH\View\View.php(228): include('C:\\xampp\\htdocs\\ci4\\app\\Views\\kategori\\edit-kategori.php')
 3 SYSTEMPATH\View\View.php(231): CodeIgniter\View\View->CodeIgniter\View\{closure}()
 4 SYSTEMPATH\Common.php(1178): CodeIgniter\View\View->render('kategori/edit-kategori', [], true)
 5 APPPATH\Controllers\Kategori.php(41): view('kategori/edit-kategori', [...])
 6 SYSTEMPATH\CodeIgniter.php(941): App\Controllers\Kategori->editKategori('8')
 7 SYSTEMPATH\CodeIgniter.php(502): CodeIgniter\CodeIgniter->runController(Object(App\Controllers\Kategori))
 8 SYSTEMPATH\CodeIgniter.php(361): CodeIgniter\CodeIgniter->handleRequest(null, Object(Config\Cache), false)
 9 FCPATH\index.php(79): CodeIgniter\CodeIgniter->run()
10 SYSTEMPATH\Commands\Server\rewrite.php(47): require_once('C:\\xampp\\htdocs\\ci4\\public\\index.php')
CRITICAL - 2024-02-07 00:50:01 --> ErrorException: Undefined variable: listKategori
in APPPATH\Views\kategori\edit-kategori.php on line 19.
 1 APPPATH\Views\kategori\edit-kategori.php(19): CodeIgniter\Debug\Exceptions->errorHandler(8, 'Undefined variable: listKategori', 'C:\\xampp\\htdocs\\ci4\\app\\Views\\kategori\\edit-kategori.php', 19, [...])
 2 SYSTEMPATH\View\View.php(228): include('C:\\xampp\\htdocs\\ci4\\app\\Views\\kategori\\edit-kategori.php')
 3 SYSTEMPATH\View\View.php(231): CodeIgniter\View\View->CodeIgniter\View\{closure}()
 4 SYSTEMPATH\Common.php(1178): CodeIgniter\View\View->render('kategori/edit-kategori', [], true)
 5 APPPATH\Controllers\Kategori.php(41): view('kategori/edit-kategori', [...])
 6 SYSTEMPATH\CodeIgniter.php(941): App\Controllers\Kategori->editKategori('8')
 7 SYSTEMPATH\CodeIgniter.php(502): CodeIgniter\CodeIgniter->runController(Object(App\Controllers\Kategori))
 8 SYSTEMPATH\CodeIgniter.php(361): CodeIgniter\CodeIgniter->handleRequest(null, Object(Config\Cache), false)
 9 FCPATH\index.php(79): CodeIgniter\CodeIgniter->run()
10 SYSTEMPATH\Commands\Server\rewrite.php(47): require_once('C:\\xampp\\htdocs\\ci4\\public\\index.php')
CRITICAL - 2024-02-07 00:50:04 --> ErrorException: Undefined variable: listKategori
in APPPATH\Views\kategori\edit-kategori.php on line 19.
 1 APPPATH\Views\kategori\edit-kategori.php(19): CodeIgniter\Debug\Exceptions->errorHandler(8, 'Undefined variable: listKategori', 'C:\\xampp\\htdocs\\ci4\\app\\Views\\kategori\\edit-kategori.php', 19, [...])
 2 SYSTEMPATH\View\View.php(228): include('C:\\xampp\\htdocs\\ci4\\app\\Views\\kategori\\edit-kategori.php')
 3 SYSTEMPATH\View\View.php(231): CodeIgniter\View\View->CodeIgniter\View\{closure}()
 4 SYSTEMPATH\Common.php(1178): CodeIgniter\View\View->render('kategori/edit-kategori', [], true)
 5 APPPATH\Controllers\Kategori.php(41): view('kategori/edit-kategori', [...])
 6 SYSTEMPATH\CodeIgniter.php(941): App\Controllers\Kategori->editKategori('8')
 7 SYSTEMPATH\CodeIgniter.php(502): CodeIgniter\CodeIgniter->runController(Object(App\Controllers\Kategori))
 8 SYSTEMPATH\CodeIgniter.php(361): CodeIgniter\CodeIgniter->handleRequest(null, Object(Config\Cache), false)
 9 FCPATH\index.php(79): CodeIgniter\CodeIgniter->run()
10 SYSTEMPATH\Commands\Server\rewrite.php(47): require_once('C:\\xampp\\htdocs\\ci4\\public\\index.php')
CRITICAL - 2024-02-07 00:50:05 --> ErrorException: Undefined variable: listKategori
in APPPATH\Views\kategori\edit-kategori.php on line 19.
 1 APPPATH\Views\kategori\edit-kategori.php(19): CodeIgniter\Debug\Exceptions->errorHandler(8, 'Undefined variable: listKategori', 'C:\\xampp\\htdocs\\ci4\\app\\Views\\kategori\\edit-kategori.php', 19, [...])
 2 SYSTEMPATH\View\View.php(228): include('C:\\xampp\\htdocs\\ci4\\app\\Views\\kategori\\edit-kategori.php')
 3 SYSTEMPATH\View\View.php(231): CodeIgniter\View\View->CodeIgniter\View\{closure}()
 4 SYSTEMPATH\Common.php(1178): CodeIgniter\View\View->render('kategori/edit-kategori', [], true)
 5 APPPATH\Controllers\Kategori.php(41): view('kategori/edit-kategori', [...])
 6 SYSTEMPATH\CodeIgniter.php(941): App\Controllers\Kategori->editKategori('8')
 7 SYSTEMPATH\CodeIgniter.php(502): CodeIgniter\CodeIgniter->runController(Object(App\Controllers\Kategori))
 8 SYSTEMPATH\CodeIgniter.php(361): CodeIgniter\CodeIgniter->handleRequest(null, Object(Config\Cache), false)
 9 FCPATH\index.php(79): CodeIgniter\CodeIgniter->run()
10 SYSTEMPATH\Commands\Server\rewrite.php(47): require_once('C:\\xampp\\htdocs\\ci4\\public\\index.php')
CRITICAL - 2024-02-07 00:52:18 --> ErrorException: Undefined variable: listKategori
in APPPATH\Views\kategori\edit-kategori.php on line 19.
 1 APPPATH\Views\kategori\edit-kategori.php(19): CodeIgniter\Debug\Exceptions->errorHandler(8, 'Undefined variable: listKategori', 'C:\\xampp\\htdocs\\ci4\\app\\Views\\kategori\\edit-kategori.php', 19, [...])
 2 SYSTEMPATH\View\View.php(228): include('C:\\xampp\\htdocs\\ci4\\app\\Views\\kategori\\edit-kategori.php')
 3 SYSTEMPATH\View\View.php(231): CodeIgniter\View\View->CodeIgniter\View\{closure}()
 4 SYSTEMPATH\Common.php(1178): CodeIgniter\View\View->render('kategori/edit-kategori', [], true)
 5 APPPATH\Controllers\Kategori.php(41): view('kategori/edit-kategori', [...])
 6 SYSTEMPATH\CodeIgniter.php(941): App\Controllers\Kategori->editKategori('8')
 7 SYSTEMPATH\CodeIgniter.php(502): CodeIgniter\CodeIgniter->runController(Object(App\Controllers\Kategori))
 8 SYSTEMPATH\CodeIgniter.php(361): CodeIgniter\CodeIgniter->handleRequest(null, Object(Config\Cache), false)
 9 FCPATH\index.php(79): CodeIgniter\CodeIgniter->run()
10 SYSTEMPATH\Commands\Server\rewrite.php(47): require_once('C:\\xampp\\htdocs\\ci4\\public\\index.php')
CRITICAL - 2024-02-07 00:52:36 --> ErrorException: Undefined variable: listKategori
in APPPATH\Views\kategori\edit-kategori.php on line 19.
 1 APPPATH\Views\kategori\edit-kategori.php(19): CodeIgniter\Debug\Exceptions->errorHandler(8, 'Undefined variable: listKategori', 'C:\\xampp\\htdocs\\ci4\\app\\Views\\kategori\\edit-kategori.php', 19, [...])
 2 SYSTEMPATH\View\View.php(228): include('C:\\xampp\\htdocs\\ci4\\app\\Views\\kategori\\edit-kategori.php')
 3 SYSTEMPATH\View\View.php(231): CodeIgniter\View\View->CodeIgniter\View\{closure}()
 4 SYSTEMPATH\Common.php(1178): CodeIgniter\View\View->render('kategori/edit-kategori', [], true)
 5 APPPATH\Controllers\Kategori.php(41): view('kategori/edit-kategori', [...])
 6 SYSTEMPATH\CodeIgniter.php(941): App\Controllers\Kategori->editKategori('8')
 7 SYSTEMPATH\CodeIgniter.php(502): CodeIgniter\CodeIgniter->runController(Object(App\Controllers\Kategori))
 8 SYSTEMPATH\CodeIgniter.php(361): CodeIgniter\CodeIgniter->handleRequest(null, Object(Config\Cache), false)
 9 FCPATH\index.php(79): CodeIgniter\CodeIgniter->run()
10 SYSTEMPATH\Commands\Server\rewrite.php(47): require_once('C:\\xampp\\htdocs\\ci4\\public\\index.php')
CRITICAL - 2024-02-07 00:53:37 --> ErrorException: Undefined variable: listKategori
in APPPATH\Views\kategori\edit-kategori.php on line 19.
 1 APPPATH\Views\kategori\edit-kategori.php(19): CodeIgniter\Debug\Exceptions->errorHandler(8, 'Undefined variable: listKategori', 'C:\\xampp\\htdocs\\ci4\\app\\Views\\kategori\\edit-kategori.php', 19, [...])
 2 SYSTEMPATH\View\View.php(228): include('C:\\xampp\\htdocs\\ci4\\app\\Views\\kategori\\edit-kategori.php')
 3 SYSTEMPATH\View\View.php(231): CodeIgniter\View\View->CodeIgniter\View\{closure}()
 4 SYSTEMPATH\Common.php(1178): CodeIgniter\View\View->render('kategori/edit-kategori', [], true)
 5 APPPATH\Controllers\Kategori.php(41): view('kategori/edit-kategori', [...])
 6 SYSTEMPATH\CodeIgniter.php(941): App\Controllers\Kategori->editKategori('8')
 7 SYSTEMPATH\CodeIgniter.php(502): CodeIgniter\CodeIgniter->runController(Object(App\Controllers\Kategori))
 8 SYSTEMPATH\CodeIgniter.php(361): CodeIgniter\CodeIgniter->handleRequest(null, Object(Config\Cache), false)
 9 FCPATH\index.php(79): CodeIgniter\CodeIgniter->run()
10 SYSTEMPATH\Commands\Server\rewrite.php(47): require_once('C:\\xampp\\htdocs\\ci4\\public\\index.php')
CRITICAL - 2024-02-07 00:54:05 --> ErrorException: Undefined variable: listKategori
in APPPATH\Views\kategori\edit-kategori.php on line 19.
 1 APPPATH\Views\kategori\edit-kategori.php(19): CodeIgniter\Debug\Exceptions->errorHandler(8, 'Undefined variable: listKategori', 'C:\\xampp\\htdocs\\ci4\\app\\Views\\kategori\\edit-kategori.php', 19, [...])
 2 SYSTEMPATH\View\View.php(228): include('C:\\xampp\\htdocs\\ci4\\app\\Views\\kategori\\edit-kategori.php')
 3 SYSTEMPATH\View\View.php(231): CodeIgniter\View\View->CodeIgniter\View\{closure}()
 4 SYSTEMPATH\Common.php(1178): CodeIgniter\View\View->render('kategori/edit-kategori', [], true)
 5 APPPATH\Controllers\Kategori.php(41): view('kategori/edit-kategori', [...])
 6 SYSTEMPATH\CodeIgniter.php(941): App\Controllers\Kategori->editKategori('8')
 7 SYSTEMPATH\CodeIgniter.php(502): CodeIgniter\CodeIgniter->runController(Object(App\Controllers\Kategori))
 8 SYSTEMPATH\CodeIgniter.php(361): CodeIgniter\CodeIgniter->handleRequest(null, Object(Config\Cache), false)
 9 FCPATH\index.php(79): CodeIgniter\CodeIgniter->run()
10 SYSTEMPATH\Commands\Server\rewrite.php(47): require_once('C:\\xampp\\htdocs\\ci4\\public\\index.php')
CRITICAL - 2024-02-07 00:54:45 --> ErrorException: Undefined variable: listKategori
in APPPATH\Views\kategori\edit-kategori.php on line 19.
 1 APPPATH\Views\kategori\edit-kategori.php(19): CodeIgniter\Debug\Exceptions->errorHandler(8, 'Undefined variable: listKategori', 'C:\\xampp\\htdocs\\ci4\\app\\Views\\kategori\\edit-kategori.php', 19, [...])
 2 SYSTEMPATH\View\View.php(228): include('C:\\xampp\\htdocs\\ci4\\app\\Views\\kategori\\edit-kategori.php')
 3 SYSTEMPATH\View\View.php(231): CodeIgniter\View\View->CodeIgniter\View\{closure}()
 4 SYSTEMPATH\Common.php(1178): CodeIgniter\View\View->render('kategori/edit-kategori', [], true)
 5 APPPATH\Controllers\Kategori.php(41): view('kategori/edit-kategori', [...])
 6 SYSTEMPATH\CodeIgniter.php(941): App\Controllers\Kategori->editKategori('8')
 7 SYSTEMPATH\CodeIgniter.php(502): CodeIgniter\CodeIgniter->runController(Object(App\Controllers\Kategori))
 8 SYSTEMPATH\CodeIgniter.php(361): CodeIgniter\CodeIgniter->handleRequest(null, Object(Config\Cache), false)
 9 FCPATH\index.php(79): CodeIgniter\CodeIgniter->run()
10 SYSTEMPATH\Commands\Server\rewrite.php(47): require_once('C:\\xampp\\htdocs\\ci4\\public\\index.php')
CRITICAL - 2024-02-07 00:55:30 --> ErrorException: Undefined variable: listKategori
in APPPATH\Views\kategori\edit-kategori.php on line 19.
 1 APPPATH\Views\kategori\edit-kategori.php(19): CodeIgniter\Debug\Exceptions->errorHandler(8, 'Undefined variable: listKategori', 'C:\\xampp\\htdocs\\ci4\\app\\Views\\kategori\\edit-kategori.php', 19, [...])
 2 SYSTEMPATH\View\View.php(228): include('C:\\xampp\\htdocs\\ci4\\app\\Views\\kategori\\edit-kategori.php')
 3 SYSTEMPATH\View\View.php(231): CodeIgniter\View\View->CodeIgniter\View\{closure}()
 4 SYSTEMPATH\Common.php(1178): CodeIgniter\View\View->render('kategori/edit-kategori', [], true)
 5 APPPATH\Controllers\Kategori.php(41): view('kategori/edit-kategori', [...])
 6 SYSTEMPATH\CodeIgniter.php(941): App\Controllers\Kategori->editKategori('8')
 7 SYSTEMPATH\CodeIgniter.php(502): CodeIgniter\CodeIgniter->runController(Object(App\Controllers\Kategori))
 8 SYSTEMPATH\CodeIgniter.php(361): CodeIgniter\CodeIgniter->handleRequest(null, Object(Config\Cache), false)
 9 FCPATH\index.php(79): CodeIgniter\CodeIgniter->run()
10 SYSTEMPATH\Commands\Server\rewrite.php(47): require_once('C:\\xampp\\htdocs\\ci4\\public\\index.php')
CRITICAL - 2024-02-07 00:58:33 --> ErrorException: Undefined variable: listKategori
in APPPATH\Views\kategori\edit-kategori.php on line 19.
 1 APPPATH\Views\kategori\edit-kategori.php(19): CodeIgniter\Debug\Exceptions->errorHandler(8, 'Undefined variable: listKategori', 'C:\\xampp\\htdocs\\ci4\\app\\Views\\kategori\\edit-kategori.php', 19, [...])
 2 SYSTEMPATH\View\View.php(228): include('C:\\xampp\\htdocs\\ci4\\app\\Views\\kategori\\edit-kategori.php')
 3 SYSTEMPATH\View\View.php(231): CodeIgniter\View\View->CodeIgniter\View\{closure}()
 4 SYSTEMPATH\Common.php(1178): CodeIgniter\View\View->render('kategori/edit-kategori', [], true)
 5 APPPATH\Controllers\Kategori.php(41): view('kategori/edit-kategori', [...])
 6 SYSTEMPATH\CodeIgniter.php(941): App\Controllers\Kategori->editKategori('8')
 7 SYSTEMPATH\CodeIgniter.php(502): CodeIgniter\CodeIgniter->runController(Object(App\Controllers\Kategori))
 8 SYSTEMPATH\CodeIgniter.php(361): CodeIgniter\CodeIgniter->handleRequest(null, Object(Config\Cache), false)
 9 FCPATH\index.php(79): CodeIgniter\CodeIgniter->run()
10 SYSTEMPATH\Commands\Server\rewrite.php(47): require_once('C:\\xampp\\htdocs\\ci4\\public\\index.php')
CRITICAL - 2024-02-07 14:31:50 --> CodeIgniter\Database\Exceptions\DatabaseException: Updates are not allowed unless they contain a "where" or "like" clause.
in SYSTEMPATH\Model.php on line 388.
 1 SYSTEMPATH\BaseModel.php(987): CodeIgniter\Model->doUpdate(null, [...])
 2 SYSTEMPATH\Model.php(807): CodeIgniter\BaseModel->update(null, [...])
 3 APPPATH\Controllers\Satuan.php(49): CodeIgniter\Model->update(null, [...])
 4 SYSTEMPATH\CodeIgniter.php(941): App\Controllers\Satuan->updateSatuan()
 5 SYSTEMPATH\CodeIgniter.php(502): CodeIgniter\CodeIgniter->runController(Object(App\Controllers\Satuan))
 6 SYSTEMPATH\CodeIgniter.php(361): CodeIgniter\CodeIgniter->handleRequest(null, Object(Config\Cache), false)
 7 FCPATH\index.php(79): CodeIgniter\CodeIgniter->run()
 8 SYSTEMPATH\Commands\Server\rewrite.php(47): require_once('C:\\xampp\\htdocs\\ci4\\public\\index.php')
CRITICAL - 2024-02-07 14:32:15 --> CodeIgniter\Database\Exceptions\DatabaseException: Updates are not allowed unless they contain a "where" or "like" clause.
in SYSTEMPATH\Model.php on line 388.
 1 SYSTEMPATH\BaseModel.php(987): CodeIgniter\Model->doUpdate(null, [...])
 2 SYSTEMPATH\Model.php(807): CodeIgniter\BaseModel->update(null, [...])
 3 APPPATH\Controllers\Satuan.php(49): CodeIgniter\Model->update(null, [...])
 4 SYSTEMPATH\CodeIgniter.php(941): App\Controllers\Satuan->updateSatuan()
 5 SYSTEMPATH\CodeIgniter.php(502): CodeIgniter\CodeIgniter->runController(Object(App\Controllers\Satuan))
 6 SYSTEMPATH\CodeIgniter.php(361): CodeIgniter\CodeIgniter->handleRequest(null, Object(Config\Cache), false)
 7 FCPATH\index.php(79): CodeIgniter\CodeIgniter->run()
 8 SYSTEMPATH\Commands\Server\rewrite.php(47): require_once('C:\\xampp\\htdocs\\ci4\\public\\index.php')
CRITICAL - 2024-02-07 14:38:55 --> CodeIgniter\Database\Exceptions\DatabaseException: Updates are not allowed unless they contain a "where" or "like" clause.
in SYSTEMPATH\Model.php on line 388.
 1 SYSTEMPATH\BaseModel.php(987): CodeIgniter\Model->doUpdate(null, [...])
 2 SYSTEMPATH\Model.php(807): CodeIgniter\BaseModel->update(null, [...])
 3 APPPATH\Controllers\Satuan.php(49): CodeIgniter\Model->update(null, [...])
 4 SYSTEMPATH\CodeIgniter.php(941): App\Controllers\Satuan->updateSatuan()
 5 SYSTEMPATH\CodeIgniter.php(502): CodeIgniter\CodeIgniter->runController(Object(App\Controllers\Satuan))
 6 SYSTEMPATH\CodeIgniter.php(361): CodeIgniter\CodeIgniter->handleRequest(null, Object(Config\Cache), false)
 7 FCPATH\index.php(79): CodeIgniter\CodeIgniter->run()
 8 SYSTEMPATH\Commands\Server\rewrite.php(47): require_once('C:\\xampp\\htdocs\\ci4\\public\\index.php')
CRITICAL - 2024-02-07 14:42:55 --> CodeIgniter\Database\Exceptions\DatabaseException: Updates are not allowed unless they contain a "where" or "like" clause.
in SYSTEMPATH\Model.php on line 388.
 1 SYSTEMPATH\BaseModel.php(987): CodeIgniter\Model->doUpdate(null, [...])
 2 SYSTEMPATH\Model.php(807): CodeIgniter\BaseModel->update(null, [...])
 3 APPPATH\Controllers\Satuan.php(49): CodeIgniter\Model->update(null, [...])
 4 SYSTEMPATH\CodeIgniter.php(941): App\Controllers\Satuan->updateSatuan()
 5 SYSTEMPATH\CodeIgniter.php(502): CodeIgniter\CodeIgniter->runController(Object(App\Controllers\Satuan))
 6 SYSTEMPATH\CodeIgniter.php(361): CodeIgniter\CodeIgniter->handleRequest(null, Object(Config\Cache), false)
 7 FCPATH\index.php(79): CodeIgniter\CodeIgniter->run()
 8 SYSTEMPATH\Commands\Server\rewrite.php(47): require_once('C:\\xampp\\htdocs\\ci4\\public\\index.php')
CRITICAL - 2024-02-07 14:44:45 --> CodeIgniter\Database\Exceptions\DatabaseException: Updates are not allowed unless they contain a "where" or "like" clause.
in SYSTEMPATH\Model.php on line 388.
 1 SYSTEMPATH\BaseModel.php(987): CodeIgniter\Model->doUpdate(null, [...])
 2 SYSTEMPATH\Model.php(807): CodeIgniter\BaseModel->update(null, [...])
 3 APPPATH\Controllers\Satuan.php(49): CodeIgniter\Model->update(null, [...])
 4 SYSTEMPATH\CodeIgniter.php(941): App\Controllers\Satuan->updateSatuan()
 5 SYSTEMPATH\CodeIgniter.php(502): CodeIgniter\CodeIgniter->runController(Object(App\Controllers\Satuan))
 6 SYSTEMPATH\CodeIgniter.php(361): CodeIgniter\CodeIgniter->handleRequest(null, Object(Config\Cache), false)
 7 FCPATH\index.php(79): CodeIgniter\CodeIgniter->run()
 8 SYSTEMPATH\Commands\Server\rewrite.php(47): require_once('C:\\xampp\\htdocs\\ci4\\public\\index.php')
ERROR - 2024-02-07 15:06:13 --> mysqli_sql_exception: Column 'katid' cannot be null in C:\xampp\htdocs\ci4\vendor\codeigniter4\framework\system\Database\MySQLi\Connection.php:306
Stack trace:
#0 C:\xampp\htdocs\ci4\vendor\codeigniter4\framework\system\Database\MySQLi\Connection.php(306): mysqli->query('INSERT INTO `pr...', 0)
#1 C:\xampp\htdocs\ci4\vendor\codeigniter4\framework\system\Database\BaseConnection.php(693): CodeIgniter\Database\MySQLi\Connection->execute('INSERT INTO `pr...')
#2 C:\xampp\htdocs\ci4\vendor\codeigniter4\framework\system\Database\BaseConnection.php(607): CodeIgniter\Database\BaseConnection->simpleQuery('INSERT INTO `pr...')
#3 C:\xampp\htdocs\ci4\vendor\codeigniter4\framework\system\Database\BaseBuilder.php(2302): CodeIgniter\Database\BaseConnection->query('INSERT INTO `pr...', Array, false)
#4 C:\xampp\htdocs\ci4\vendor\codeigniter4\framework\system\Model.php(326): CodeIgniter\Database\BaseBuilder->insert()
#5 C:\xampp\htdocs\ci4\vendor\codeigniter4\framework\system\BaseModel.php(802): CodeIgniter\Model->doInsert(Array)
#6 C:\xampp\htdocs\ci4\vendor\codeigniter4\framework\system\Model.php(744): CodeIgniter\BaseModel->insert(Array, true)
#7 C:\xampp\htdocs\ci4\app\Controllers\Produk.php(40): CodeIgniter\Model->insert(Array)
#8 C:\xampp\htdocs\ci4\vendor\codeigniter4\framework\system\CodeIgniter.php(941): App\Controllers\Produk->simpanProduk()
#9 C:\xampp\htdocs\ci4\vendor\codeigniter4\framework\system\CodeIgniter.php(502): CodeIgniter\CodeIgniter->runController(Object(App\Controllers\Produk))
#10 C:\xampp\htdocs\ci4\vendor\codeigniter4\framework\system\CodeIgniter.php(361): CodeIgniter\CodeIgniter->handleRequest(NULL, Object(Config\Cache), false)
#11 C:\xampp\htdocs\ci4\public\index.php(79): CodeIgniter\CodeIgniter->run()
#12 C:\xampp\htdocs\ci4\vendor\codeigniter4\framework\system\Commands\Server\rewrite.php(47): require_once('C:\\xampp\\htdocs...')
#13 {main}
CRITICAL - 2024-02-07 15:06:13 --> CodeIgniter\Database\Exceptions\DatabaseException: Column 'katid' cannot be null
in SYSTEMPATH\Database\BaseConnection.php on line 647.
 1 SYSTEMPATH\Database\BaseBuilder.php(2302): CodeIgniter\Database\BaseConnection->query('INSERT INTO `produkk` (`kode_produk`, `nama_produk`, `harga_beli`, `harga_jual`, `diskon`, `katid`, `satid`, `stok`) VALUES (:kode_produk:, :nama_produk:, :harga_beli:, :harga_jual:, :diskon:, :katid:, :satid:, :stok:)', [...], false)
 2 SYSTEMPATH\Model.php(326): CodeIgniter\Database\BaseBuilder->insert()
 3 SYSTEMPATH\BaseModel.php(802): CodeIgniter\Model->doInsert([...])
 4 SYSTEMPATH\Model.php(744): CodeIgniter\BaseModel->insert([...], true)
 5 APPPATH\Controllers\Produk.php(40): CodeIgniter\Model->insert([...])
 6 SYSTEMPATH\CodeIgniter.php(941): App\Controllers\Produk->simpanProduk()
 7 SYSTEMPATH\CodeIgniter.php(502): CodeIgniter\CodeIgniter->runController(Object(App\Controllers\Produk))
 8 SYSTEMPATH\CodeIgniter.php(361): CodeIgniter\CodeIgniter->handleRequest(null, Object(Config\Cache), false)
 9 FCPATH\index.php(79): CodeIgniter\CodeIgniter->run()
10 SYSTEMPATH\Commands\Server\rewrite.php(47): require_once('C:\\xampp\\htdocs\\ci4\\public\\index.php')
CRITICAL - 2024-02-07 15:06:13 --> [Caused by] CodeIgniter\Database\Exceptions\DatabaseException: Column 'katid' cannot be null
in SYSTEMPATH\Database\MySQLi\Connection.php on line 311.
 1 SYSTEMPATH\Database\BaseConnection.php(693): CodeIgniter\Database\MySQLi\Connection->execute('INSERT INTO `produkk` (`kode_produk`, `nama_produk`, `harga_beli`, `harga_jual`, `diskon`, `katid`, `satid`, `stok`) VALUES (\'234\', \'h\', \'1000\', \'1500\', \'10\', NULL, NULL, \'12\')')
 2 SYSTEMPATH\Database\BaseConnection.php(607): CodeIgniter\Database\BaseConnection->simpleQuery('INSERT INTO `produkk` (`kode_produk`, `nama_produk`, `harga_beli`, `harga_jual`, `diskon`, `katid`, `satid`, `stok`) VALUES (\'234\', \'h\', \'1000\', \'1500\', \'10\', NULL, NULL, \'12\')')
 3 SYSTEMPATH\Database\BaseBuilder.php(2302): CodeIgniter\Database\BaseConnection->query('INSERT INTO `produkk` (`kode_produk`, `nama_produk`, `harga_beli`, `harga_jual`, `diskon`, `katid`, `satid`, `stok`) VALUES (:kode_produk:, :nama_produk:, :harga_beli:, :harga_jual:, :diskon:, :katid:, :satid:, :stok:)', [...], false)
 4 SYSTEMPATH\Model.php(326): CodeIgniter\Database\BaseBuilder->insert()
 5 SYSTEMPATH\BaseModel.php(802): CodeIgniter\Model->doInsert([...])
 6 SYSTEMPATH\Model.php(744): CodeIgniter\BaseModel->insert([...], true)
 7 APPPATH\Controllers\Produk.php(40): CodeIgniter\Model->insert([...])
 8 SYSTEMPATH\CodeIgniter.php(941): App\Controllers\Produk->simpanProduk()
 9 SYSTEMPATH\CodeIgniter.php(502): CodeIgniter\CodeIgniter->runController(Object(App\Controllers\Produk))
10 SYSTEMPATH\CodeIgniter.php(361): CodeIgniter\CodeIgniter->handleRequest(null, Object(Config\Cache), false)
11 FCPATH\index.php(79): CodeIgniter\CodeIgniter->run()
12 SYSTEMPATH\Commands\Server\rewrite.php(47): require_once('C:\\xampp\\htdocs\\ci4\\public\\index.php')
CRITICAL - 2024-02-07 15:06:13 --> [Caused by] mysqli_sql_exception: Column 'katid' cannot be null
in SYSTEMPATH\Database\MySQLi\Connection.php on line 306.
 1 SYSTEMPATH\Database\MySQLi\Connection.php(306): mysqli->query('INSERT INTO `produkk` (`kode_produk`, `nama_produk`, `harga_beli`, `harga_jual`, `diskon`, `katid`, `satid`, `stok`) VALUES (\'234\', \'h\', \'1000\', \'1500\', \'10\', NULL, NULL, \'12\')', 0)
 2 SYSTEMPATH\Database\BaseConnection.php(693): CodeIgniter\Database\MySQLi\Connection->execute('INSERT INTO `produkk` (`kode_produk`, `nama_produk`, `harga_beli`, `harga_jual`, `diskon`, `katid`, `satid`, `stok`) VALUES (\'234\', \'h\', \'1000\', \'1500\', \'10\', NULL, NULL, \'12\')')
 3 SYSTEMPATH\Database\BaseConnection.php(607): CodeIgniter\Database\BaseConnection->simpleQuery('INSERT INTO `produkk` (`kode_produk`, `nama_produk`, `harga_beli`, `harga_jual`, `diskon`, `katid`, `satid`, `stok`) VALUES (\'234\', \'h\', \'1000\', \'1500\', \'10\', NULL, NULL, \'12\')')
 4 SYSTEMPATH\Database\BaseBuilder.php(2302): CodeIgniter\Database\BaseConnection->query('INSERT INTO `produkk` (`kode_produk`, `nama_produk`, `harga_beli`, `harga_jual`, `diskon`, `katid`, `satid`, `stok`) VALUES (:kode_produk:, :nama_produk:, :harga_beli:, :harga_jual:, :diskon:, :katid:, :satid:, :stok:)', [...], false)
 5 SYSTEMPATH\Model.php(326): CodeIgniter\Database\BaseBuilder->insert()
 6 SYSTEMPATH\BaseModel.php(802): CodeIgniter\Model->doInsert([...])
 7 SYSTEMPATH\Model.php(744): CodeIgniter\BaseModel->insert([...], true)
 8 APPPATH\Controllers\Produk.php(40): CodeIgniter\Model->insert([...])
 9 SYSTEMPATH\CodeIgniter.php(941): App\Controllers\Produk->simpanProduk()
10 SYSTEMPATH\CodeIgniter.php(502): CodeIgniter\CodeIgniter->runController(Object(App\Controllers\Produk))
11 SYSTEMPATH\CodeIgniter.php(361): CodeIgniter\CodeIgniter->handleRequest(null, Object(Config\Cache), false)
12 FCPATH\index.php(79): CodeIgniter\CodeIgniter->run()
13 SYSTEMPATH\Commands\Server\rewrite.php(47): require_once('C:\\xampp\\htdocs\\ci4\\public\\index.php')
ERROR - 2024-02-07 15:07:03 --> mysqli_sql_exception: Column 'katid' cannot be null in C:\xampp\htdocs\ci4\vendor\codeigniter4\framework\system\Database\MySQLi\Connection.php:306
Stack trace:
#0 C:\xampp\htdocs\ci4\vendor\codeigniter4\framework\system\Database\MySQLi\Connection.php(306): mysqli->query('INSERT INTO `pr...', 0)
#1 C:\xampp\htdocs\ci4\vendor\codeigniter4\framework\system\Database\BaseConnection.php(693): CodeIgniter\Database\MySQLi\Connection->execute('INSERT INTO `pr...')
#2 C:\xampp\htdocs\ci4\vendor\codeigniter4\framework\system\Database\BaseConnection.php(607): CodeIgniter\Database\BaseConnection->simpleQuery('INSERT INTO `pr...')
#3 C:\xampp\htdocs\ci4\vendor\codeigniter4\framework\system\Database\BaseBuilder.php(2302): CodeIgniter\Database\BaseConnection->query('INSERT INTO `pr...', Array, false)
#4 C:\xampp\htdocs\ci4\vendor\codeigniter4\framework\system\Model.php(326): CodeIgniter\Database\BaseBuilder->insert()
#5 C:\xampp\htdocs\ci4\vendor\codeigniter4\framework\system\BaseModel.php(802): CodeIgniter\Model->doInsert(Array)
#6 C:\xampp\htdocs\ci4\vendor\codeigniter4\framework\system\Model.php(744): CodeIgniter\BaseModel->insert(Array, true)
#7 C:\xampp\htdocs\ci4\app\Controllers\Produk.php(40): CodeIgniter\Model->insert(Array)
#8 C:\xampp\htdocs\ci4\vendor\codeigniter4\framework\system\CodeIgniter.php(941): App\Controllers\Produk->simpanProduk()
#9 C:\xampp\htdocs\ci4\vendor\codeigniter4\framework\system\CodeIgniter.php(502): CodeIgniter\CodeIgniter->runController(Object(App\Controllers\Produk))
#10 C:\xampp\htdocs\ci4\vendor\codeigniter4\framework\system\CodeIgniter.php(361): CodeIgniter\CodeIgniter->handleRequest(NULL, Object(Config\Cache), false)
#11 C:\xampp\htdocs\ci4\public\index.php(79): CodeIgniter\CodeIgniter->run()
#12 C:\xampp\htdocs\ci4\vendor\codeigniter4\framework\system\Commands\Server\rewrite.php(47): require_once('C:\\xampp\\htdocs...')
#13 {main}
CRITICAL - 2024-02-07 15:07:03 --> CodeIgniter\Database\Exceptions\DatabaseException: Column 'katid' cannot be null
in SYSTEMPATH\Database\BaseConnection.php on line 647.
 1 SYSTEMPATH\Database\BaseBuilder.php(2302): CodeIgniter\Database\BaseConnection->query('INSERT INTO `produkk` (`kode_produk`, `nama_produk`, `harga_beli`, `harga_jual`, `diskon`, `katid`, `satid`, `stok`) VALUES (:kode_produk:, :nama_produk:, :harga_beli:, :harga_jual:, :diskon:, :katid:, :satid:, :stok:)', [...], false)
 2 SYSTEMPATH\Model.php(326): CodeIgniter\Database\BaseBuilder->insert()
 3 SYSTEMPATH\BaseModel.php(802): CodeIgniter\Model->doInsert([...])
 4 SYSTEMPATH\Model.php(744): CodeIgniter\BaseModel->insert([...], true)
 5 APPPATH\Controllers\Produk.php(40): CodeIgniter\Model->insert([...])
 6 SYSTEMPATH\CodeIgniter.php(941): App\Controllers\Produk->simpanProduk()
 7 SYSTEMPATH\CodeIgniter.php(502): CodeIgniter\CodeIgniter->runController(Object(App\Controllers\Produk))
 8 SYSTEMPATH\CodeIgniter.php(361): CodeIgniter\CodeIgniter->handleRequest(null, Object(Config\Cache), false)
 9 FCPATH\index.php(79): CodeIgniter\CodeIgniter->run()
10 SYSTEMPATH\Commands\Server\rewrite.php(47): require_once('C:\\xampp\\htdocs\\ci4\\public\\index.php')
CRITICAL - 2024-02-07 15:07:03 --> [Caused by] CodeIgniter\Database\Exceptions\DatabaseException: Column 'katid' cannot be null
in SYSTEMPATH\Database\MySQLi\Connection.php on line 311.
 1 SYSTEMPATH\Database\BaseConnection.php(693): CodeIgniter\Database\MySQLi\Connection->execute('INSERT INTO `produkk` (`kode_produk`, `nama_produk`, `harga_beli`, `harga_jual`, `diskon`, `katid`, `satid`, `stok`) VALUES (\'234\', \'h\', \'1000\', \'1500\', \'10\', NULL, NULL, \'12\')')
 2 SYSTEMPATH\Database\BaseConnection.php(607): CodeIgniter\Database\BaseConnection->simpleQuery('INSERT INTO `produkk` (`kode_produk`, `nama_produk`, `harga_beli`, `harga_jual`, `diskon`, `katid`, `satid`, `stok`) VALUES (\'234\', \'h\', \'1000\', \'1500\', \'10\', NULL, NULL, \'12\')')
 3 SYSTEMPATH\Database\BaseBuilder.php(2302): CodeIgniter\Database\BaseConnection->query('INSERT INTO `produkk` (`kode_produk`, `nama_produk`, `harga_beli`, `harga_jual`, `diskon`, `katid`, `satid`, `stok`) VALUES (:kode_produk:, :nama_produk:, :harga_beli:, :harga_jual:, :diskon:, :katid:, :satid:, :stok:)', [...], false)
 4 SYSTEMPATH\Model.php(326): CodeIgniter\Database\BaseBuilder->insert()
 5 SYSTEMPATH\BaseModel.php(802): CodeIgniter\Model->doInsert([...])
 6 SYSTEMPATH\Model.php(744): CodeIgniter\BaseModel->insert([...], true)
 7 APPPATH\Controllers\Produk.php(40): CodeIgniter\Model->insert([...])
 8 SYSTEMPATH\CodeIgniter.php(941): App\Controllers\Produk->simpanProduk()
 9 SYSTEMPATH\CodeIgniter.php(502): CodeIgniter\CodeIgniter->runController(Object(App\Controllers\Produk))
10 SYSTEMPATH\CodeIgniter.php(361): CodeIgniter\CodeIgniter->handleRequest(null, Object(Config\Cache), false)
11 FCPATH\index.php(79): CodeIgniter\CodeIgniter->run()
12 SYSTEMPATH\Commands\Server\rewrite.php(47): require_once('C:\\xampp\\htdocs\\ci4\\public\\index.php')
CRITICAL - 2024-02-07 15:07:03 --> [Caused by] mysqli_sql_exception: Column 'katid' cannot be null
in SYSTEMPATH\Database\MySQLi\Connection.php on line 306.
 1 SYSTEMPATH\Database\MySQLi\Connection.php(306): mysqli->query('INSERT INTO `produkk` (`kode_produk`, `nama_produk`, `harga_beli`, `harga_jual`, `diskon`, `katid`, `satid`, `stok`) VALUES (\'234\', \'h\', \'1000\', \'1500\', \'10\', NULL, NULL, \'12\')', 0)
 2 SYSTEMPATH\Database\BaseConnection.php(693): CodeIgniter\Database\MySQLi\Connection->execute('INSERT INTO `produkk` (`kode_produk`, `nama_produk`, `harga_beli`, `harga_jual`, `diskon`, `katid`, `satid`, `stok`) VALUES (\'234\', \'h\', \'1000\', \'1500\', \'10\', NULL, NULL, \'12\')')
 3 SYSTEMPATH\Database\BaseConnection.php(607): CodeIgniter\Database\BaseConnection->simpleQuery('INSERT INTO `produkk` (`kode_produk`, `nama_produk`, `harga_beli`, `harga_jual`, `diskon`, `katid`, `satid`, `stok`) VALUES (\'234\', \'h\', \'1000\', \'1500\', \'10\', NULL, NULL, \'12\')')
 4 SYSTEMPATH\Database\BaseBuilder.php(2302): CodeIgniter\Database\BaseConnection->query('INSERT INTO `produkk` (`kode_produk`, `nama_produk`, `harga_beli`, `harga_jual`, `diskon`, `katid`, `satid`, `stok`) VALUES (:kode_produk:, :nama_produk:, :harga_beli:, :harga_jual:, :diskon:, :katid:, :satid:, :stok:)', [...], false)
 5 SYSTEMPATH\Model.php(326): CodeIgniter\Database\BaseBuilder->insert()
 6 SYSTEMPATH\BaseModel.php(802): CodeIgniter\Model->doInsert([...])
 7 SYSTEMPATH\Model.php(744): CodeIgniter\BaseModel->insert([...], true)
 8 APPPATH\Controllers\Produk.php(40): CodeIgniter\Model->insert([...])
 9 SYSTEMPATH\CodeIgniter.php(941): App\Controllers\Produk->simpanProduk()
10 SYSTEMPATH\CodeIgniter.php(502): CodeIgniter\CodeIgniter->runController(Object(App\Controllers\Produk))
11 SYSTEMPATH\CodeIgniter.php(361): CodeIgniter\CodeIgniter->handleRequest(null, Object(Config\Cache), false)
12 FCPATH\index.php(79): CodeIgniter\CodeIgniter->run()
13 SYSTEMPATH\Commands\Server\rewrite.php(47): require_once('C:\\xampp\\htdocs\\ci4\\public\\index.php')
ERROR - 2024-02-07 15:07:08 --> mysqli_sql_exception: Column 'katid' cannot be null in C:\xampp\htdocs\ci4\vendor\codeigniter4\framework\system\Database\MySQLi\Connection.php:306
Stack trace:
#0 C:\xampp\htdocs\ci4\vendor\codeigniter4\framework\system\Database\MySQLi\Connection.php(306): mysqli->query('INSERT INTO `pr...', 0)
#1 C:\xampp\htdocs\ci4\vendor\codeigniter4\framework\system\Database\BaseConnection.php(693): CodeIgniter\Database\MySQLi\Connection->execute('INSERT INTO `pr...')
#2 C:\xampp\htdocs\ci4\vendor\codeigniter4\framework\system\Database\BaseConnection.php(607): CodeIgniter\Database\BaseConnection->simpleQuery('INSERT INTO `pr...')
#3 C:\xampp\htdocs\ci4\vendor\codeigniter4\framework\system\Database\BaseBuilder.php(2302): CodeIgniter\Database\BaseConnection->query('INSERT INTO `pr...', Array, false)
#4 C:\xampp\htdocs\ci4\vendor\codeigniter4\framework\system\Model.php(326): CodeIgniter\Database\BaseBuilder->insert()
#5 C:\xampp\htdocs\ci4\vendor\codeigniter4\framework\system\BaseModel.php(802): CodeIgniter\Model->doInsert(Array)
#6 C:\xampp\htdocs\ci4\vendor\codeigniter4\framework\system\Model.php(744): CodeIgniter\BaseModel->insert(Array, true)
#7 C:\xampp\htdocs\ci4\app\Controllers\Produk.php(40): CodeIgniter\Model->insert(Array)
#8 C:\xampp\htdocs\ci4\vendor\codeigniter4\framework\system\CodeIgniter.php(941): App\Controllers\Produk->simpanProduk()
#9 C:\xampp\htdocs\ci4\vendor\codeigniter4\framework\system\CodeIgniter.php(502): CodeIgniter\CodeIgniter->runController(Object(App\Controllers\Produk))
#10 C:\xampp\htdocs\ci4\vendor\codeigniter4\framework\system\CodeIgniter.php(361): CodeIgniter\CodeIgniter->handleRequest(NULL, Object(Config\Cache), false)
#11 C:\xampp\htdocs\ci4\public\index.php(79): CodeIgniter\CodeIgniter->run()
#12 C:\xampp\htdocs\ci4\vendor\codeigniter4\framework\system\Commands\Server\rewrite.php(47): require_once('C:\\xampp\\htdocs...')
#13 {main}
CRITICAL - 2024-02-07 15:07:08 --> CodeIgniter\Database\Exceptions\DatabaseException: Column 'katid' cannot be null
in SYSTEMPATH\Database\BaseConnection.php on line 647.
 1 SYSTEMPATH\Database\BaseBuilder.php(2302): CodeIgniter\Database\BaseConnection->query('INSERT INTO `produkk` (`kode_produk`, `nama_produk`, `harga_beli`, `harga_jual`, `diskon`, `katid`, `satid`, `stok`) VALUES (:kode_produk:, :nama_produk:, :harga_beli:, :harga_jual:, :diskon:, :katid:, :satid:, :stok:)', [...], false)
 2 SYSTEMPATH\Model.php(326): CodeIgniter\Database\BaseBuilder->insert()
 3 SYSTEMPATH\BaseModel.php(802): CodeIgniter\Model->doInsert([...])
 4 SYSTEMPATH\Model.php(744): CodeIgniter\BaseModel->insert([...], true)
 5 APPPATH\Controllers\Produk.php(40): CodeIgniter\Model->insert([...])
 6 SYSTEMPATH\CodeIgniter.php(941): App\Controllers\Produk->simpanProduk()
 7 SYSTEMPATH\CodeIgniter.php(502): CodeIgniter\CodeIgniter->runController(Object(App\Controllers\Produk))
 8 SYSTEMPATH\CodeIgniter.php(361): CodeIgniter\CodeIgniter->handleRequest(null, Object(Config\Cache), false)
 9 FCPATH\index.php(79): CodeIgniter\CodeIgniter->run()
10 SYSTEMPATH\Commands\Server\rewrite.php(47): require_once('C:\\xampp\\htdocs\\ci4\\public\\index.php')
CRITICAL - 2024-02-07 15:07:08 --> [Caused by] CodeIgniter\Database\Exceptions\DatabaseException: Column 'katid' cannot be null
in SYSTEMPATH\Database\MySQLi\Connection.php on line 311.
 1 SYSTEMPATH\Database\BaseConnection.php(693): CodeIgniter\Database\MySQLi\Connection->execute('INSERT INTO `produkk` (`kode_produk`, `nama_produk`, `harga_beli`, `harga_jual`, `diskon`, `katid`, `satid`, `stok`) VALUES (\'234\', \'h\', \'1000\', \'1500\', \'10\', NULL, NULL, \'12\')')
 2 SYSTEMPATH\Database\BaseConnection.php(607): CodeIgniter\Database\BaseConnection->simpleQuery('INSERT INTO `produkk` (`kode_produk`, `nama_produk`, `harga_beli`, `harga_jual`, `diskon`, `katid`, `satid`, `stok`) VALUES (\'234\', \'h\', \'1000\', \'1500\', \'10\', NULL, NULL, \'12\')')
 3 SYSTEMPATH\Database\BaseBuilder.php(2302): CodeIgniter\Database\BaseConnection->query('INSERT INTO `produkk` (`kode_produk`, `nama_produk`, `harga_beli`, `harga_jual`, `diskon`, `katid`, `satid`, `stok`) VALUES (:kode_produk:, :nama_produk:, :harga_beli:, :harga_jual:, :diskon:, :katid:, :satid:, :stok:)', [...], false)
 4 SYSTEMPATH\Model.php(326): CodeIgniter\Database\BaseBuilder->insert()
 5 SYSTEMPATH\BaseModel.php(802): CodeIgniter\Model->doInsert([...])
 6 SYSTEMPATH\Model.php(744): CodeIgniter\BaseModel->insert([...], true)
 7 APPPATH\Controllers\Produk.php(40): CodeIgniter\Model->insert([...])
 8 SYSTEMPATH\CodeIgniter.php(941): App\Controllers\Produk->simpanProduk()
 9 SYSTEMPATH\CodeIgniter.php(502): CodeIgniter\CodeIgniter->runController(Object(App\Controllers\Produk))
10 SYSTEMPATH\CodeIgniter.php(361): CodeIgniter\CodeIgniter->handleRequest(null, Object(Config\Cache), false)
11 FCPATH\index.php(79): CodeIgniter\CodeIgniter->run()
12 SYSTEMPATH\Commands\Server\rewrite.php(47): require_once('C:\\xampp\\htdocs\\ci4\\public\\index.php')
CRITICAL - 2024-02-07 15:07:08 --> [Caused by] mysqli_sql_exception: Column 'katid' cannot be null
in SYSTEMPATH\Database\MySQLi\Connection.php on line 306.
 1 SYSTEMPATH\Database\MySQLi\Connection.php(306): mysqli->query('INSERT INTO `produkk` (`kode_produk`, `nama_produk`, `harga_beli`, `harga_jual`, `diskon`, `katid`, `satid`, `stok`) VALUES (\'234\', \'h\', \'1000\', \'1500\', \'10\', NULL, NULL, \'12\')', 0)
 2 SYSTEMPATH\Database\BaseConnection.php(693): CodeIgniter\Database\MySQLi\Connection->execute('INSERT INTO `produkk` (`kode_produk`, `nama_produk`, `harga_beli`, `harga_jual`, `diskon`, `katid`, `satid`, `stok`) VALUES (\'234\', \'h\', \'1000\', \'1500\', \'10\', NULL, NULL, \'12\')')
 3 SYSTEMPATH\Database\BaseConnection.php(607): CodeIgniter\Database\BaseConnection->simpleQuery('INSERT INTO `produkk` (`kode_produk`, `nama_produk`, `harga_beli`, `harga_jual`, `diskon`, `katid`, `satid`, `stok`) VALUES (\'234\', \'h\', \'1000\', \'1500\', \'10\', NULL, NULL, \'12\')')
 4 SYSTEMPATH\Database\BaseBuilder.php(2302): CodeIgniter\Database\BaseConnection->query('INSERT INTO `produkk` (`kode_produk`, `nama_produk`, `harga_beli`, `harga_jual`, `diskon`, `katid`, `satid`, `stok`) VALUES (:kode_produk:, :nama_produk:, :harga_beli:, :harga_jual:, :diskon:, :katid:, :satid:, :stok:)', [...], false)
 5 SYSTEMPATH\Model.php(326): CodeIgniter\Database\BaseBuilder->insert()
 6 SYSTEMPATH\BaseModel.php(802): CodeIgniter\Model->doInsert([...])
 7 SYSTEMPATH\Model.php(744): CodeIgniter\BaseModel->insert([...], true)
 8 APPPATH\Controllers\Produk.php(40): CodeIgniter\Model->insert([...])
 9 SYSTEMPATH\CodeIgniter.php(941): App\Controllers\Produk->simpanProduk()
10 SYSTEMPATH\CodeIgniter.php(502): CodeIgniter\CodeIgniter->runController(Object(App\Controllers\Produk))
11 SYSTEMPATH\CodeIgniter.php(361): CodeIgniter\CodeIgniter->handleRequest(null, Object(Config\Cache), false)
12 FCPATH\index.php(79): CodeIgniter\CodeIgniter->run()
13 SYSTEMPATH\Commands\Server\rewrite.php(47): require_once('C:\\xampp\\htdocs\\ci4\\public\\index.php')
CRITICAL - 2024-02-07 15:18:45 --> ParseError: syntax error, unexpected ']'
in APPPATH\Controllers\Produk.php on line 21.
 1 SYSTEMPATH\Autoloader\Autoloader.php(288): CodeIgniter\Autoloader\Autoloader->includeFile('C:\\xampp\\htdocs\\ci4\\app\\Controllers\\Produk.php')
 2 SYSTEMPATH\Autoloader\Autoloader.php(266): CodeIgniter\Autoloader\Autoloader->loadInNamespace('App\\Controllers\\Produk')
 3 [internal function]: CodeIgniter\Autoloader\Autoloader->loadClass('App\\Controllers\\Produk')
 4 [internal function]: spl_autoload_call('App\\Controllers\\Produk')
 5 SYSTEMPATH\CodeIgniter.php(899): class_exists('\\App\\Controllers\\Produk', true)
 6 SYSTEMPATH\CodeIgniter.php(489): CodeIgniter\CodeIgniter->startController()
 7 SYSTEMPATH\CodeIgniter.php(361): CodeIgniter\CodeIgniter->handleRequest(null, Object(Config\Cache), false)
 8 FCPATH\index.php(79): CodeIgniter\CodeIgniter->run()
 9 SYSTEMPATH\Commands\Server\rewrite.php(47): require_once('C:\\xampp\\htdocs\\ci4\\public\\index.php')
