CRITICAL - 2024-01-22 11:03:29 --> ParseError: syntax error, unexpected 'endforeach' (T_ENDFOREACH), expecting end of file
in APPPATH\Views\kategori\data.php on line 45.
 1 SYSTEMPATH\View\View.php(231): CodeIgniter\View\View->CodeIgniter\View\{closure}()
 2 SYSTEMPATH\Common.php(1178): CodeIgniter\View\View->render('kategori/data', [], true)
 3 APPPATH\Controllers\Kategori.php(18): view('kategori/data', [...])
 4 SYSTEMPATH\CodeIgniter.php(941): App\Controllers\Kategori->index()
 5 SYSTEMPATH\CodeIgniter.php(502): CodeIgniter\CodeIgniter->runController(Object(App\Controllers\Kategori))
 6 SYSTEMPATH\CodeIgniter.php(361): CodeIgniter\CodeIgniter->handleRequest(null, Object(Config\Cache), false)
 7 FCPATH\index.php(79): CodeIgniter\CodeIgniter->run()
 8 SYSTEMPATH\Commands\Server\rewrite.php(47): require_once('C:\\xampp\\htdocs\\ci4\\public\\index.php')
ERROR - 2024-01-22 12:26:35 --> Error connecting to the database: mysqli_sql_exception: No connection could be made because the target machine actively refused it.
 in C:\xampp\htdocs\ci4\vendor\codeigniter4\framework\system\Database\MySQLi\Connection.php:185
Stack trace:
#0 C:\xampp\htdocs\ci4\vendor\codeigniter4\framework\system\Database\MySQLi\Connection.php(185): mysqli->real_connect('localhost', 'root', '', 'ci4', 3306, '', 0)
#1 C:\xampp\htdocs\ci4\vendor\codeigniter4\framework\system\Database\BaseConnection.php(392): CodeIgniter\Database\MySQLi\Connection->connect(false)
#2 C:\xampp\htdocs\ci4\vendor\codeigniter4\framework\system\Database\BaseConnection.php(575): CodeIgniter\Database\BaseConnection->initialize()
#3 C:\xampp\htdocs\ci4\vendor\codeigniter4\framework\system\Database\BaseBuilder.php(1697): CodeIgniter\Database\BaseConnection->query('SELECT COUNT(*)...', Array, false)
#4 C:\xampp\htdocs\ci4\vendor\codeigniter4\framework\system\Model.php(624): CodeIgniter\Database\BaseBuilder->countAllResults(false)
#5 C:\xampp\htdocs\ci4\vendor\codeigniter4\framework\system\BaseModel.php(1239): CodeIgniter\Model->countAllResults(false)
#6 C:\xampp\htdocs\ci4\app\Controllers\Kategori.php(16): CodeIgniter\BaseModel->paginate(5)
#7 C:\xampp\htdocs\ci4\vendor\codeigniter4\framework\system\CodeIgniter.php(941): App\Controllers\Kategori->index()
#8 C:\xampp\htdocs\ci4\vendor\codeigniter4\framework\system\CodeIgniter.php(502): CodeIgniter\CodeIgniter->runController(Object(App\Controllers\Kategori))
#9 C:\xampp\htdocs\ci4\vendor\codeigniter4\framework\system\CodeIgniter.php(361): CodeIgniter\CodeIgniter->handleRequest(NULL, Object(Config\Cache), false)
#10 C:\xampp\htdocs\ci4\public\index.php(79): CodeIgniter\CodeIgniter->run()
#11 C:\xampp\htdocs\ci4\vendor\codeigniter4\framework\system\Commands\Server\rewrite.php(47): require_once('C:\\xampp\\htdocs...')
#12 {main}

Next CodeIgniter\Database\Exceptions\DatabaseException: No connection could be made because the target machine actively refused it.
 in C:\xampp\htdocs\ci4\vendor\codeigniter4\framework\system\Database\MySQLi\Connection.php:229
Stack trace:
#0 C:\xampp\htdocs\ci4\vendor\codeigniter4\framework\system\Database\BaseConnection.php(392): CodeIgniter\Database\MySQLi\Connection->connect(false)
#1 C:\xampp\htdocs\ci4\vendor\codeigniter4\framework\system\Database\BaseConnection.php(575): CodeIgniter\Database\BaseConnection->initialize()
#2 C:\xampp\htdocs\ci4\vendor\codeigniter4\framework\system\Database\BaseBuilder.php(1697): CodeIgniter\Database\BaseConnection->query('SELECT COUNT(*)...', Array, false)
#3 C:\xampp\htdocs\ci4\vendor\codeigniter4\framework\system\Model.php(624): CodeIgniter\Database\BaseBuilder->countAllResults(false)
#4 C:\xampp\htdocs\ci4\vendor\codeigniter4\framework\system\BaseModel.php(1239): CodeIgniter\Model->countAllResults(false)
#5 C:\xampp\htdocs\ci4\app\Controllers\Kategori.php(16): CodeIgniter\BaseModel->paginate(5)
#6 C:\xampp\htdocs\ci4\vendor\codeigniter4\framework\system\CodeIgniter.php(941): App\Controllers\Kategori->index()
#7 C:\xampp\htdocs\ci4\vendor\codeigniter4\framework\system\CodeIgniter.php(502): CodeIgniter\CodeIgniter->runController(Object(App\Controllers\Kategori))
#8 C:\xampp\htdocs\ci4\vendor\codeigniter4\framework\system\CodeIgniter.php(361): CodeIgniter\CodeIgniter->handleRequest(NULL, Object(Config\Cache), false)
#9 C:\xampp\htdocs\ci4\public\index.php(79): CodeIgniter\CodeIgniter->run()
#10 C:\xampp\htdocs\ci4\vendor\codeigniter4\framework\system\Commands\Server\rewrite.php(47): require_once('C:\\xampp\\htdocs...')
#11 {main}
CRITICAL - 2024-01-22 12:26:35 --> CodeIgniter\Database\Exceptions\DatabaseException: Unable to connect to the database.
Main connection [MySQLi]: No connection could be made because the target machine actively refused it.

in SYSTEMPATH\Database\BaseConnection.php on line 428.
 1 SYSTEMPATH\Database\BaseConnection.php(575): CodeIgniter\Database\BaseConnection->initialize()
 2 SYSTEMPATH\Database\BaseBuilder.php(1697): CodeIgniter\Database\BaseConnection->query('SELECT COUNT(*) AS `numrows`
FROM `kategori`', [], false)
 3 SYSTEMPATH\Model.php(624): CodeIgniter\Database\BaseBuilder->countAllResults(false)
 4 SYSTEMPATH\BaseModel.php(1239): CodeIgniter\Model->countAllResults(false)
 5 APPPATH\Controllers\Kategori.php(16): CodeIgniter\BaseModel->paginate(5)
 6 SYSTEMPATH\CodeIgniter.php(941): App\Controllers\Kategori->index()
 7 SYSTEMPATH\CodeIgniter.php(502): CodeIgniter\CodeIgniter->runController(Object(App\Controllers\Kategori))
 8 SYSTEMPATH\CodeIgniter.php(361): CodeIgniter\CodeIgniter->handleRequest(null, Object(Config\Cache), false)
 9 FCPATH\index.php(79): CodeIgniter\CodeIgniter->run()
10 SYSTEMPATH\Commands\Server\rewrite.php(47): require_once('C:\\xampp\\htdocs\\ci4\\public\\index.php')
CRITICAL - 2024-01-22 13:13:04 --> ErrorException: Undefined index: url
in APPPATH\Views\pagination\custom_paging.php on line 20.
 1 APPPATH\Views\pagination\custom_paging.php(20): CodeIgniter\Debug\Exceptions->errorHandler(8, 'Undefined index: url', 'C:\\xampp\\htdocs\\ci4\\app\\Views\\pagination\\custom_paging.php', 20, [...])
 2 SYSTEMPATH\View\View.php(228): include('C:\\xampp\\htdocs\\ci4\\app\\Views\\pagination\\custom_paging.php')
 3 SYSTEMPATH\View\View.php(231): CodeIgniter\View\View->CodeIgniter\View\{closure}()
 4 SYSTEMPATH\Pager\Pager.php(128): CodeIgniter\View\View->render('App\\Views\\pagination\\custom_paging')
 5 SYSTEMPATH\Pager\Pager.php(85): CodeIgniter\Pager\Pager->displayLinks('kategori', 'paging_data')
 6 APPPATH\Views\kategori\data.php(52): CodeIgniter\Pager\Pager->links('kategori', 'paging_data')
 7 SYSTEMPATH\View\View.php(228): include('C:\\xampp\\htdocs\\ci4\\app\\Views\\kategori\\data.php')
 8 SYSTEMPATH\View\View.php(231): CodeIgniter\View\View->CodeIgniter\View\{closure}()
 9 SYSTEMPATH\Common.php(1178): CodeIgniter\View\View->render('kategori/data', [], true)
10 APPPATH\Controllers\Kategori.php(19): view('kategori/data', [...])
11 SYSTEMPATH\CodeIgniter.php(941): App\Controllers\Kategori->index()
12 SYSTEMPATH\CodeIgniter.php(502): CodeIgniter\CodeIgniter->runController(Object(App\Controllers\Kategori))
13 SYSTEMPATH\CodeIgniter.php(361): CodeIgniter\CodeIgniter->handleRequest(null, Object(Config\Cache), false)
14 FCPATH\index.php(79): CodeIgniter\CodeIgniter->run()
15 SYSTEMPATH\Commands\Server\rewrite.php(47): require_once('C:\\xampp\\htdocs\\ci4\\public\\index.php')
CRITICAL - 2024-01-22 13:15:20 --> ErrorException: Undefined index: url
in APPPATH\Views\pagination\custom_paging.php on line 20.
 1 APPPATH\Views\pagination\custom_paging.php(20): CodeIgniter\Debug\Exceptions->errorHandler(8, 'Undefined index: url', 'C:\\xampp\\htdocs\\ci4\\app\\Views\\pagination\\custom_paging.php', 20, [...])
 2 SYSTEMPATH\View\View.php(228): include('C:\\xampp\\htdocs\\ci4\\app\\Views\\pagination\\custom_paging.php')
 3 SYSTEMPATH\View\View.php(231): CodeIgniter\View\View->CodeIgniter\View\{closure}()
 4 SYSTEMPATH\Pager\Pager.php(128): CodeIgniter\View\View->render('App\\Views\\pagination\\custom_paging')
 5 SYSTEMPATH\Pager\Pager.php(85): CodeIgniter\Pager\Pager->displayLinks('kategori', 'paging_data')
 6 APPPATH\Views\kategori\data.php(52): CodeIgniter\Pager\Pager->links('kategori', 'paging_data')
 7 SYSTEMPATH\View\View.php(228): include('C:\\xampp\\htdocs\\ci4\\app\\Views\\kategori\\data.php')
 8 SYSTEMPATH\View\View.php(231): CodeIgniter\View\View->CodeIgniter\View\{closure}()
 9 SYSTEMPATH\Common.php(1178): CodeIgniter\View\View->render('kategori/data', [], true)
10 APPPATH\Controllers\Kategori.php(19): view('kategori/data', [...])
11 SYSTEMPATH\CodeIgniter.php(941): App\Controllers\Kategori->index()
12 SYSTEMPATH\CodeIgniter.php(502): CodeIgniter\CodeIgniter->runController(Object(App\Controllers\Kategori))
13 SYSTEMPATH\CodeIgniter.php(361): CodeIgniter\CodeIgniter->handleRequest(null, Object(Config\Cache), false)
14 FCPATH\index.php(79): CodeIgniter\CodeIgniter->run()
15 SYSTEMPATH\Commands\Server\rewrite.php(47): require_once('C:\\xampp\\htdocs\\ci4\\public\\index.php')
CRITICAL - 2024-01-22 13:15:24 --> ErrorException: Undefined index: url
in APPPATH\Views\pagination\custom_paging.php on line 20.
 1 APPPATH\Views\pagination\custom_paging.php(20): CodeIgniter\Debug\Exceptions->errorHandler(8, 'Undefined index: url', 'C:\\xampp\\htdocs\\ci4\\app\\Views\\pagination\\custom_paging.php', 20, [...])
 2 SYSTEMPATH\View\View.php(228): include('C:\\xampp\\htdocs\\ci4\\app\\Views\\pagination\\custom_paging.php')
 3 SYSTEMPATH\View\View.php(231): CodeIgniter\View\View->CodeIgniter\View\{closure}()
 4 SYSTEMPATH\Pager\Pager.php(128): CodeIgniter\View\View->render('App\\Views\\pagination\\custom_paging')
 5 SYSTEMPATH\Pager\Pager.php(85): CodeIgniter\Pager\Pager->displayLinks('kategori', 'paging_data')
 6 APPPATH\Views\kategori\data.php(52): CodeIgniter\Pager\Pager->links('kategori', 'paging_data')
 7 SYSTEMPATH\View\View.php(228): include('C:\\xampp\\htdocs\\ci4\\app\\Views\\kategori\\data.php')
 8 SYSTEMPATH\View\View.php(231): CodeIgniter\View\View->CodeIgniter\View\{closure}()
 9 SYSTEMPATH\Common.php(1178): CodeIgniter\View\View->render('kategori/data', [], true)
10 APPPATH\Controllers\Kategori.php(19): view('kategori/data', [...])
11 SYSTEMPATH\CodeIgniter.php(941): App\Controllers\Kategori->index()
12 SYSTEMPATH\CodeIgniter.php(502): CodeIgniter\CodeIgniter->runController(Object(App\Controllers\Kategori))
13 SYSTEMPATH\CodeIgniter.php(361): CodeIgniter\CodeIgniter->handleRequest(null, Object(Config\Cache), false)
14 FCPATH\index.php(79): CodeIgniter\CodeIgniter->run()
15 SYSTEMPATH\Commands\Server\rewrite.php(47): require_once('C:\\xampp\\htdocs\\ci4\\public\\index.php')
CRITICAL - 2024-01-22 13:17:35 --> ErrorException: Undefined index: url
in APPPATH\Views\pagination\custom_paging.php on line 20.
 1 APPPATH\Views\pagination\custom_paging.php(20): CodeIgniter\Debug\Exceptions->errorHandler(8, 'Undefined index: url', 'C:\\xampp\\htdocs\\ci4\\app\\Views\\pagination\\custom_paging.php', 20, [...])
 2 SYSTEMPATH\View\View.php(228): include('C:\\xampp\\htdocs\\ci4\\app\\Views\\pagination\\custom_paging.php')
 3 SYSTEMPATH\View\View.php(231): CodeIgniter\View\View->CodeIgniter\View\{closure}()
 4 SYSTEMPATH\Pager\Pager.php(128): CodeIgniter\View\View->render('App\\Views\\pagination\\custom_paging')
 5 SYSTEMPATH\Pager\Pager.php(85): CodeIgniter\Pager\Pager->displayLinks('kategori', 'paging_data')
 6 APPPATH\Views\kategori\data.php(52): CodeIgniter\Pager\Pager->links('kategori', 'paging_data')
 7 SYSTEMPATH\View\View.php(228): include('C:\\xampp\\htdocs\\ci4\\app\\Views\\kategori\\data.php')
 8 SYSTEMPATH\View\View.php(231): CodeIgniter\View\View->CodeIgniter\View\{closure}()
 9 SYSTEMPATH\Common.php(1178): CodeIgniter\View\View->render('kategori/data', [], true)
10 APPPATH\Controllers\Kategori.php(19): view('kategori/data', [...])
11 SYSTEMPATH\CodeIgniter.php(941): App\Controllers\Kategori->index()
12 SYSTEMPATH\CodeIgniter.php(502): CodeIgniter\CodeIgniter->runController(Object(App\Controllers\Kategori))
13 SYSTEMPATH\CodeIgniter.php(361): CodeIgniter\CodeIgniter->handleRequest(null, Object(Config\Cache), false)
14 FCPATH\index.php(79): CodeIgniter\CodeIgniter->run()
15 SYSTEMPATH\Commands\Server\rewrite.php(47): require_once('C:\\xampp\\htdocs\\ci4\\public\\index.php')
CRITICAL - 2024-01-22 13:21:29 --> ErrorException: Use of undefined constant url - assumed 'url' (this will throw an Error in a future version of PHP)
in APPPATH\Views\pagination\custom_paging.php on line 20.
 1 APPPATH\Views\pagination\custom_paging.php(20): CodeIgniter\Debug\Exceptions->errorHandler(2, 'Use of undefined constant url - assumed \'url\' (this will throw an Error in a future version of PHP)', 'C:\\xampp\\htdocs\\ci4\\app\\Views\\pagination\\custom_paging.php', 20, [...])
 2 SYSTEMPATH\View\View.php(228): include('C:\\xampp\\htdocs\\ci4\\app\\Views\\pagination\\custom_paging.php')
 3 SYSTEMPATH\View\View.php(231): CodeIgniter\View\View->CodeIgniter\View\{closure}()
 4 SYSTEMPATH\Pager\Pager.php(128): CodeIgniter\View\View->render('App\\Views\\pagination\\custom_paging')
 5 SYSTEMPATH\Pager\Pager.php(85): CodeIgniter\Pager\Pager->displayLinks('kategori', 'paging_data')
 6 APPPATH\Views\kategori\data.php(52): CodeIgniter\Pager\Pager->links('kategori', 'paging_data')
 7 SYSTEMPATH\View\View.php(228): include('C:\\xampp\\htdocs\\ci4\\app\\Views\\kategori\\data.php')
 8 SYSTEMPATH\View\View.php(231): CodeIgniter\View\View->CodeIgniter\View\{closure}()
 9 SYSTEMPATH\Common.php(1178): CodeIgniter\View\View->render('kategori/data', [], true)
10 APPPATH\Controllers\Kategori.php(19): view('kategori/data', [...])
11 SYSTEMPATH\CodeIgniter.php(941): App\Controllers\Kategori->index()
12 SYSTEMPATH\CodeIgniter.php(502): CodeIgniter\CodeIgniter->runController(Object(App\Controllers\Kategori))
13 SYSTEMPATH\CodeIgniter.php(361): CodeIgniter\CodeIgniter->handleRequest(null, Object(Config\Cache), false)
14 FCPATH\index.php(79): CodeIgniter\CodeIgniter->run()
15 SYSTEMPATH\Commands\Server\rewrite.php(47): require_once('C:\\xampp\\htdocs\\ci4\\public\\index.php')
CRITICAL - 2024-01-22 13:21:57 --> ErrorException: Undefined index: url
in APPPATH\Views\pagination\custom_paging.php on line 20.
 1 APPPATH\Views\pagination\custom_paging.php(20): CodeIgniter\Debug\Exceptions->errorHandler(8, 'Undefined index: url', 'C:\\xampp\\htdocs\\ci4\\app\\Views\\pagination\\custom_paging.php', 20, [...])
 2 SYSTEMPATH\View\View.php(228): include('C:\\xampp\\htdocs\\ci4\\app\\Views\\pagination\\custom_paging.php')
 3 SYSTEMPATH\View\View.php(231): CodeIgniter\View\View->CodeIgniter\View\{closure}()
 4 SYSTEMPATH\Pager\Pager.php(128): CodeIgniter\View\View->render('App\\Views\\pagination\\custom_paging')
 5 SYSTEMPATH\Pager\Pager.php(85): CodeIgniter\Pager\Pager->displayLinks('kategori', 'paging_data')
 6 APPPATH\Views\kategori\data.php(52): CodeIgniter\Pager\Pager->links('kategori', 'paging_data')
 7 SYSTEMPATH\View\View.php(228): include('C:\\xampp\\htdocs\\ci4\\app\\Views\\kategori\\data.php')
 8 SYSTEMPATH\View\View.php(231): CodeIgniter\View\View->CodeIgniter\View\{closure}()
 9 SYSTEMPATH\Common.php(1178): CodeIgniter\View\View->render('kategori/data', [], true)
10 APPPATH\Controllers\Kategori.php(19): view('kategori/data', [...])
11 SYSTEMPATH\CodeIgniter.php(941): App\Controllers\Kategori->index()
12 SYSTEMPATH\CodeIgniter.php(502): CodeIgniter\CodeIgniter->runController(Object(App\Controllers\Kategori))
13 SYSTEMPATH\CodeIgniter.php(361): CodeIgniter\CodeIgniter->handleRequest(null, Object(Config\Cache), false)
14 FCPATH\index.php(79): CodeIgniter\CodeIgniter->run()
15 SYSTEMPATH\Commands\Server\rewrite.php(47): require_once('C:\\xampp\\htdocs\\ci4\\public\\index.php')
CRITICAL - 2024-01-22 13:38:41 --> ErrorException: Undefined index: url
in APPPATH\Views\pagination\custom_paging.php on line 20.
 1 APPPATH\Views\pagination\custom_paging.php(20): CodeIgniter\Debug\Exceptions->errorHandler(8, 'Undefined index: url', 'C:\\xampp\\htdocs\\ci4\\app\\Views\\pagination\\custom_paging.php', 20, [...])
 2 SYSTEMPATH\View\View.php(228): include('C:\\xampp\\htdocs\\ci4\\app\\Views\\pagination\\custom_paging.php')
 3 SYSTEMPATH\View\View.php(231): CodeIgniter\View\View->CodeIgniter\View\{closure}()
 4 SYSTEMPATH\Pager\Pager.php(128): CodeIgniter\View\View->render('App\\Views\\pagination\\custom_paging')
 5 SYSTEMPATH\Pager\Pager.php(85): CodeIgniter\Pager\Pager->displayLinks('kategori', 'paging_data')
 6 APPPATH\Views\kategori\data.php(52): CodeIgniter\Pager\Pager->links('kategori', 'paging_data')
 7 SYSTEMPATH\View\View.php(228): include('C:\\xampp\\htdocs\\ci4\\app\\Views\\kategori\\data.php')
 8 SYSTEMPATH\View\View.php(231): CodeIgniter\View\View->CodeIgniter\View\{closure}()
 9 SYSTEMPATH\Common.php(1178): CodeIgniter\View\View->render('kategori/data', [], true)
10 APPPATH\Controllers\Kategori.php(19): view('kategori/data', [...])
11 SYSTEMPATH\CodeIgniter.php(941): App\Controllers\Kategori->index()
12 SYSTEMPATH\CodeIgniter.php(502): CodeIgniter\CodeIgniter->runController(Object(App\Controllers\Kategori))
13 SYSTEMPATH\CodeIgniter.php(361): CodeIgniter\CodeIgniter->handleRequest(null, Object(Config\Cache), false)
14 FCPATH\index.php(79): CodeIgniter\CodeIgniter->run()
15 SYSTEMPATH\Commands\Server\rewrite.php(47): require_once('C:\\xampp\\htdocs\\ci4\\public\\index.php')
CRITICAL - 2024-01-22 13:43:20 --> ErrorException: Undefined index: url
in APPPATH\Views\pagination\custom_paging.php on line 20.
 1 APPPATH\Views\pagination\custom_paging.php(20): CodeIgniter\Debug\Exceptions->errorHandler(8, 'Undefined index: url', 'C:\\xampp\\htdocs\\ci4\\app\\Views\\pagination\\custom_paging.php', 20, [...])
 2 SYSTEMPATH\View\View.php(228): include('C:\\xampp\\htdocs\\ci4\\app\\Views\\pagination\\custom_paging.php')
 3 SYSTEMPATH\View\View.php(231): CodeIgniter\View\View->CodeIgniter\View\{closure}()
 4 SYSTEMPATH\Pager\Pager.php(128): CodeIgniter\View\View->render('App\\Views\\pagination\\custom_paging')
 5 SYSTEMPATH\Pager\Pager.php(85): CodeIgniter\Pager\Pager->displayLinks('kategori', 'paging_data')
 6 APPPATH\Views\kategori\data.php(52): CodeIgniter\Pager\Pager->links('kategori', 'paging_data')
 7 SYSTEMPATH\View\View.php(228): include('C:\\xampp\\htdocs\\ci4\\app\\Views\\kategori\\data.php')
 8 SYSTEMPATH\View\View.php(231): CodeIgniter\View\View->CodeIgniter\View\{closure}()
 9 SYSTEMPATH\Common.php(1178): CodeIgniter\View\View->render('kategori/data', [], true)
10 APPPATH\Controllers\Kategori.php(19): view('kategori/data', [...])
11 SYSTEMPATH\CodeIgniter.php(941): App\Controllers\Kategori->index()
12 SYSTEMPATH\CodeIgniter.php(502): CodeIgniter\CodeIgniter->runController(Object(App\Controllers\Kategori))
13 SYSTEMPATH\CodeIgniter.php(361): CodeIgniter\CodeIgniter->handleRequest(null, Object(Config\Cache), false)
14 FCPATH\index.php(79): CodeIgniter\CodeIgniter->run()
15 SYSTEMPATH\Commands\Server\rewrite.php(47): require_once('C:\\xampp\\htdocs\\ci4\\public\\index.php')
CRITICAL - 2024-01-22 13:44:59 --> ErrorException: Undefined index: url
in APPPATH\Views\pagination\custom_paging.php on line 20.
 1 APPPATH\Views\pagination\custom_paging.php(20): CodeIgniter\Debug\Exceptions->errorHandler(8, 'Undefined index: url', 'C:\\xampp\\htdocs\\ci4\\app\\Views\\pagination\\custom_paging.php', 20, [...])
 2 SYSTEMPATH\View\View.php(228): include('C:\\xampp\\htdocs\\ci4\\app\\Views\\pagination\\custom_paging.php')
 3 SYSTEMPATH\View\View.php(231): CodeIgniter\View\View->CodeIgniter\View\{closure}()
 4 SYSTEMPATH\Pager\Pager.php(128): CodeIgniter\View\View->render('App\\Views\\pagination\\custom_paging')
 5 SYSTEMPATH\Pager\Pager.php(85): CodeIgniter\Pager\Pager->displayLinks('kategori', 'paging_data')
 6 APPPATH\Views\kategori\data.php(52): CodeIgniter\Pager\Pager->links('kategori', 'paging_data')
 7 SYSTEMPATH\View\View.php(228): include('C:\\xampp\\htdocs\\ci4\\app\\Views\\kategori\\data.php')
 8 SYSTEMPATH\View\View.php(231): CodeIgniter\View\View->CodeIgniter\View\{closure}()
 9 SYSTEMPATH\Common.php(1178): CodeIgniter\View\View->render('kategori/data', [], true)
10 APPPATH\Controllers\Kategori.php(19): view('kategori/data', [...])
11 SYSTEMPATH\CodeIgniter.php(941): App\Controllers\Kategori->index()
12 SYSTEMPATH\CodeIgniter.php(502): CodeIgniter\CodeIgniter->runController(Object(App\Controllers\Kategori))
13 SYSTEMPATH\CodeIgniter.php(361): CodeIgniter\CodeIgniter->handleRequest(null, Object(Config\Cache), false)
14 FCPATH\index.php(79): CodeIgniter\CodeIgniter->run()
15 SYSTEMPATH\Commands\Server\rewrite.php(47): require_once('C:\\xampp\\htdocs\\ci4\\public\\index.php')
CRITICAL - 2024-01-22 13:45:06 --> ErrorException: Undefined index: url
in APPPATH\Views\pagination\custom_paging.php on line 20.
 1 APPPATH\Views\pagination\custom_paging.php(20): CodeIgniter\Debug\Exceptions->errorHandler(8, 'Undefined index: url', 'C:\\xampp\\htdocs\\ci4\\app\\Views\\pagination\\custom_paging.php', 20, [...])
 2 SYSTEMPATH\View\View.php(228): include('C:\\xampp\\htdocs\\ci4\\app\\Views\\pagination\\custom_paging.php')
 3 SYSTEMPATH\View\View.php(231): CodeIgniter\View\View->CodeIgniter\View\{closure}()
 4 SYSTEMPATH\Pager\Pager.php(128): CodeIgniter\View\View->render('App\\Views\\pagination\\custom_paging')
 5 SYSTEMPATH\Pager\Pager.php(85): CodeIgniter\Pager\Pager->displayLinks('kategori', 'paging_data')
 6 APPPATH\Views\kategori\data.php(52): CodeIgniter\Pager\Pager->links('kategori', 'paging_data')
 7 SYSTEMPATH\View\View.php(228): include('C:\\xampp\\htdocs\\ci4\\app\\Views\\kategori\\data.php')
 8 SYSTEMPATH\View\View.php(231): CodeIgniter\View\View->CodeIgniter\View\{closure}()
 9 SYSTEMPATH\Common.php(1178): CodeIgniter\View\View->render('kategori/data', [], true)
10 APPPATH\Controllers\Kategori.php(19): view('kategori/data', [...])
11 SYSTEMPATH\CodeIgniter.php(941): App\Controllers\Kategori->index()
12 SYSTEMPATH\CodeIgniter.php(502): CodeIgniter\CodeIgniter->runController(Object(App\Controllers\Kategori))
13 SYSTEMPATH\CodeIgniter.php(361): CodeIgniter\CodeIgniter->handleRequest(null, Object(Config\Cache), false)
14 FCPATH\index.php(79): CodeIgniter\CodeIgniter->run()
15 SYSTEMPATH\Commands\Server\rewrite.php(47): require_once('C:\\xampp\\htdocs\\ci4\\public\\index.php')
CRITICAL - 2024-01-22 13:48:17 --> ErrorException: Undefined index: url
in APPPATH\Views\pagination\custom_paging.php on line 20.
 1 APPPATH\Views\pagination\custom_paging.php(20): CodeIgniter\Debug\Exceptions->errorHandler(8, 'Undefined index: url', 'C:\\xampp\\htdocs\\ci4\\app\\Views\\pagination\\custom_paging.php', 20, [...])
 2 SYSTEMPATH\View\View.php(228): include('C:\\xampp\\htdocs\\ci4\\app\\Views\\pagination\\custom_paging.php')
 3 SYSTEMPATH\View\View.php(231): CodeIgniter\View\View->CodeIgniter\View\{closure}()
 4 SYSTEMPATH\Pager\Pager.php(128): CodeIgniter\View\View->render('App\\Views\\pagination\\custom_paging')
 5 SYSTEMPATH\Pager\Pager.php(85): CodeIgniter\Pager\Pager->displayLinks('kategori', 'paging_data')
 6 APPPATH\Views\kategori\data.php(52): CodeIgniter\Pager\Pager->links('kategori', 'paging_data')
 7 SYSTEMPATH\View\View.php(228): include('C:\\xampp\\htdocs\\ci4\\app\\Views\\kategori\\data.php')
 8 SYSTEMPATH\View\View.php(231): CodeIgniter\View\View->CodeIgniter\View\{closure}()
 9 SYSTEMPATH\Common.php(1178): CodeIgniter\View\View->render('kategori/data', [], true)
10 APPPATH\Controllers\Kategori.php(19): view('kategori/data', [...])
11 SYSTEMPATH\CodeIgniter.php(941): App\Controllers\Kategori->index()
12 SYSTEMPATH\CodeIgniter.php(502): CodeIgniter\CodeIgniter->runController(Object(App\Controllers\Kategori))
13 SYSTEMPATH\CodeIgniter.php(361): CodeIgniter\CodeIgniter->handleRequest(null, Object(Config\Cache), false)
14 FCPATH\index.php(79): CodeIgniter\CodeIgniter->run()
15 SYSTEMPATH\Commands\Server\rewrite.php(47): require_once('C:\\xampp\\htdocs\\ci4\\public\\index.php')
CRITICAL - 2024-01-22 13:50:47 --> ErrorException: Undefined index: url
in APPPATH\Views\pagination\custom_paging.php on line 20.
 1 APPPATH\Views\pagination\custom_paging.php(20): CodeIgniter\Debug\Exceptions->errorHandler(8, 'Undefined index: url', 'C:\\xampp\\htdocs\\ci4\\app\\Views\\pagination\\custom_paging.php', 20, [...])
 2 SYSTEMPATH\View\View.php(228): include('C:\\xampp\\htdocs\\ci4\\app\\Views\\pagination\\custom_paging.php')
 3 SYSTEMPATH\View\View.php(231): CodeIgniter\View\View->CodeIgniter\View\{closure}()
 4 SYSTEMPATH\Pager\Pager.php(128): CodeIgniter\View\View->render('App\\Views\\pagination\\custom_paging')
 5 SYSTEMPATH\Pager\Pager.php(85): CodeIgniter\Pager\Pager->displayLinks('kategori', 'paging_data')
 6 APPPATH\Views\kategori\data.php(52): CodeIgniter\Pager\Pager->links('kategori', 'paging_data')
 7 SYSTEMPATH\View\View.php(228): include('C:\\xampp\\htdocs\\ci4\\app\\Views\\kategori\\data.php')
 8 SYSTEMPATH\View\View.php(231): CodeIgniter\View\View->CodeIgniter\View\{closure}()
 9 SYSTEMPATH\Common.php(1178): CodeIgniter\View\View->render('kategori/data', [], true)
10 APPPATH\Controllers\Kategori.php(19): view('kategori/data', [...])
11 SYSTEMPATH\CodeIgniter.php(941): App\Controllers\Kategori->index()
12 SYSTEMPATH\CodeIgniter.php(502): CodeIgniter\CodeIgniter->runController(Object(App\Controllers\Kategori))
13 SYSTEMPATH\CodeIgniter.php(361): CodeIgniter\CodeIgniter->handleRequest(null, Object(Config\Cache), false)
14 FCPATH\index.php(79): CodeIgniter\CodeIgniter->run()
15 SYSTEMPATH\Commands\Server\rewrite.php(47): require_once('C:\\xampp\\htdocs\\ci4\\public\\index.php')
CRITICAL - 2024-01-22 13:57:50 --> ErrorException: Undefined index: url
in APPPATH\Views\pagination\custom_paging.php on line 20.
 1 APPPATH\Views\pagination\custom_paging.php(20): CodeIgniter\Debug\Exceptions->errorHandler(8, 'Undefined index: url', 'C:\\xampp\\htdocs\\ci4\\app\\Views\\pagination\\custom_paging.php', 20, [...])
 2 SYSTEMPATH\View\View.php(228): include('C:\\xampp\\htdocs\\ci4\\app\\Views\\pagination\\custom_paging.php')
 3 SYSTEMPATH\View\View.php(231): CodeIgniter\View\View->CodeIgniter\View\{closure}()
 4 SYSTEMPATH\Pager\Pager.php(128): CodeIgniter\View\View->render('App\\Views\\pagination\\custom_paging')
 5 SYSTEMPATH\Pager\Pager.php(85): CodeIgniter\Pager\Pager->displayLinks('kategori', 'paging_data')
 6 APPPATH\Views\kategori\data.php(52): CodeIgniter\Pager\Pager->links('kategori', 'paging_data')
 7 SYSTEMPATH\View\View.php(228): include('C:\\xampp\\htdocs\\ci4\\app\\Views\\kategori\\data.php')
 8 SYSTEMPATH\View\View.php(231): CodeIgniter\View\View->CodeIgniter\View\{closure}()
 9 SYSTEMPATH\Common.php(1178): CodeIgniter\View\View->render('kategori/data', [], true)
10 APPPATH\Controllers\Kategori.php(19): view('kategori/data', [...])
11 SYSTEMPATH\CodeIgniter.php(941): App\Controllers\Kategori->index()
12 SYSTEMPATH\CodeIgniter.php(502): CodeIgniter\CodeIgniter->runController(Object(App\Controllers\Kategori))
13 SYSTEMPATH\CodeIgniter.php(361): CodeIgniter\CodeIgniter->handleRequest(null, Object(Config\Cache), false)
14 FCPATH\index.php(79): CodeIgniter\CodeIgniter->run()
15 SYSTEMPATH\Commands\Server\rewrite.php(47): require_once('C:\\xampp\\htdocs\\ci4\\public\\index.php')
