INFO - 2024-01-26 14:16:56 --> Session: Class initialized using 'CodeIgniter\Session\Handlers\FileHandler' driver.
INFO - 2024-01-26 14:16:59 --> Session: Class initialized using 'CodeIgniter\Session\Handlers\FileHandler' driver.
INFO - 2024-01-26 14:23:33 --> Session: Class initialized using 'CodeIgniter\Session\Handlers\FileHandler' driver.
INFO - 2024-01-26 14:23:39 --> Session: Class initialized using 'CodeIgniter\Session\Handlers\FileHandler' driver.
INFO - 2024-01-26 14:24:04 --> Session: Class initialized using 'CodeIgniter\Session\Handlers\FileHandler' driver.
INFO - 2024-01-26 14:35:12 --> Session: Class initialized using 'CodeIgniter\Session\Handlers\FileHandler' driver.
INFO - 2024-01-26 14:35:33 --> Session: Class initialized using 'CodeIgniter\Session\Handlers\FileHandler' driver.
INFO - 2024-01-26 14:35:35 --> Session: Class initialized using 'CodeIgniter\Session\Handlers\FileHandler' driver.
INFO - 2024-01-26 14:36:51 --> Session: Class initialized using 'CodeIgniter\Session\Handlers\FileHandler' driver.
INFO - 2024-01-26 14:37:20 --> Session: Class initialized using 'CodeIgniter\Session\Handlers\FileHandler' driver.
INFO - 2024-01-26 14:39:05 --> Session: Class initialized using 'CodeIgniter\Session\Handlers\FileHandler' driver.
INFO - 2024-01-26 14:39:09 --> Session: Class initialized using 'CodeIgniter\Session\Handlers\FileHandler' driver.
INFO - 2024-01-26 14:42:29 --> Session: Class initialized using 'CodeIgniter\Session\Handlers\FileHandler' driver.
INFO - 2024-01-26 14:44:15 --> Session: Class initialized using 'CodeIgniter\Session\Handlers\FileHandler' driver.
INFO - 2024-01-26 14:44:31 --> Session: Class initialized using 'CodeIgniter\Session\Handlers\FileHandler' driver.
INFO - 2024-01-26 15:00:58 --> Session: Class initialized using 'CodeIgniter\Session\Handlers\FileHandler' driver.
INFO - 2024-01-26 15:06:24 --> Session: Class initialized using 'CodeIgniter\Session\Handlers\FileHandler' driver.
CRITICAL - 2024-01-26 15:06:30 --> ErrorException: Undefined variable: datasatuan
in APPPATH\Views\satuan\data_satuan.php on line 12.
 1 APPPATH\Views\satuan\data_satuan.php(12): CodeIgniter\Debug\Exceptions->errorHandler(8, 'Undefined variable: datasatuan', 'C:\\xampp\\htdocs\\ci4\\app\\Views\\satuan\\data_satuan.php', 12, [...])
 2 SYSTEMPATH\View\View.php(228): include('C:\\xampp\\htdocs\\ci4\\app\\Views\\satuan\\data_satuan.php')
 3 SYSTEMPATH\View\View.php(231): CodeIgniter\View\View->CodeIgniter\View\{closure}()
 4 SYSTEMPATH\Common.php(1178): CodeIgniter\View\View->render('satuan/data_satuan', [], true)
 5 APPPATH\Controllers\Satuan.php(9): view('satuan/data_satuan')
 6 SYSTEMPATH\CodeIgniter.php(941): App\Controllers\Satuan->index()
 7 SYSTEMPATH\CodeIgniter.php(502): CodeIgniter\CodeIgniter->runController(Object(App\Controllers\Satuan))
 8 SYSTEMPATH\CodeIgniter.php(361): CodeIgniter\CodeIgniter->handleRequest(null, Object(Config\Cache), false)
 9 FCPATH\index.php(79): CodeIgniter\CodeIgniter->run()
10 SYSTEMPATH\Commands\Server\rewrite.php(47): require_once('C:\\xampp\\htdocs\\ci4\\public\\index.php')
CRITICAL - 2024-01-26 15:06:52 --> ErrorException: Undefined variable: data_satuan
in APPPATH\Views\satuan\data_satuan.php on line 12.
 1 APPPATH\Views\satuan\data_satuan.php(12): CodeIgniter\Debug\Exceptions->errorHandler(8, 'Undefined variable: data_satuan', 'C:\\xampp\\htdocs\\ci4\\app\\Views\\satuan\\data_satuan.php', 12, [...])
 2 SYSTEMPATH\View\View.php(228): include('C:\\xampp\\htdocs\\ci4\\app\\Views\\satuan\\data_satuan.php')
 3 SYSTEMPATH\View\View.php(231): CodeIgniter\View\View->CodeIgniter\View\{closure}()
 4 SYSTEMPATH\Common.php(1178): CodeIgniter\View\View->render('satuan/data_satuan', [], true)
 5 APPPATH\Controllers\Satuan.php(9): view('satuan/data_satuan')
 6 SYSTEMPATH\CodeIgniter.php(941): App\Controllers\Satuan->index()
 7 SYSTEMPATH\CodeIgniter.php(502): CodeIgniter\CodeIgniter->runController(Object(App\Controllers\Satuan))
 8 SYSTEMPATH\CodeIgniter.php(361): CodeIgniter\CodeIgniter->handleRequest(null, Object(Config\Cache), false)
 9 FCPATH\index.php(79): CodeIgniter\CodeIgniter->run()
10 SYSTEMPATH\Commands\Server\rewrite.php(47): require_once('C:\\xampp\\htdocs\\ci4\\public\\index.php')
INFO - 2024-01-26 15:16:24 --> Session: Class initialized using 'CodeIgniter\Session\Handlers\FileHandler' driver.
CRITICAL - 2024-01-26 15:16:34 --> CodeIgniter\View\Exceptions\ViewException: Invalid file: "Produk/data_produk.php"
in SYSTEMPATH\Exceptions\FrameworkException.php on line 39.
 1 SYSTEMPATH\View\View.php(216): CodeIgniter\Exceptions\FrameworkException::forInvalidFile('Produk/data_produk.php')
 2 SYSTEMPATH\Common.php(1178): CodeIgniter\View\View->render('Produk/data_produk', [], true)
 3 APPPATH\Controllers\Produk.php(9): view('Produk/data_produk')
 4 SYSTEMPATH\CodeIgniter.php(941): App\Controllers\Produk->index()
 5 SYSTEMPATH\CodeIgniter.php(502): CodeIgniter\CodeIgniter->runController(Object(App\Controllers\Produk))
 6 SYSTEMPATH\CodeIgniter.php(361): CodeIgniter\CodeIgniter->handleRequest(null, Object(Config\Cache), false)
 7 FCPATH\index.php(79): CodeIgniter\CodeIgniter->run()
 8 SYSTEMPATH\Commands\Server\rewrite.php(47): require_once('C:\\xampp\\htdocs\\ci4\\public\\index.php')
INFO - 2024-01-26 15:18:10 --> Session: Class initialized using 'CodeIgniter\Session\Handlers\FileHandler' driver.
INFO - 2024-01-26 15:18:19 --> Session: Class initialized using 'CodeIgniter\Session\Handlers\FileHandler' driver.
CRITICAL - 2024-01-26 15:19:01 --> CodeIgniter\View\Exceptions\ViewException: Invalid file: "produk/data_produk.php"
in SYSTEMPATH\Exceptions\FrameworkException.php on line 39.
 1 SYSTEMPATH\View\View.php(216): CodeIgniter\Exceptions\FrameworkException::forInvalidFile('produk/data_produk.php')
 2 SYSTEMPATH\Common.php(1178): CodeIgniter\View\View->render('produk/data_produk', [], true)
 3 APPPATH\Controllers\Produk.php(9): view('produk/data_produk')
 4 SYSTEMPATH\CodeIgniter.php(941): App\Controllers\Produk->index()
 5 SYSTEMPATH\CodeIgniter.php(502): CodeIgniter\CodeIgniter->runController(Object(App\Controllers\Produk))
 6 SYSTEMPATH\CodeIgniter.php(361): CodeIgniter\CodeIgniter->handleRequest(null, Object(Config\Cache), false)
 7 FCPATH\index.php(79): CodeIgniter\CodeIgniter->run()
 8 SYSTEMPATH\Commands\Server\rewrite.php(47): require_once('C:\\xampp\\htdocs\\ci4\\public\\index.php')
CRITICAL - 2024-01-26 15:19:03 --> CodeIgniter\View\Exceptions\ViewException: Invalid file: "produk/data_produk.php"
in SYSTEMPATH\Exceptions\FrameworkException.php on line 39.
 1 SYSTEMPATH\View\View.php(216): CodeIgniter\Exceptions\FrameworkException::forInvalidFile('produk/data_produk.php')
 2 SYSTEMPATH\Common.php(1178): CodeIgniter\View\View->render('produk/data_produk', [], true)
 3 APPPATH\Controllers\Produk.php(9): view('produk/data_produk')
 4 SYSTEMPATH\CodeIgniter.php(941): App\Controllers\Produk->index()
 5 SYSTEMPATH\CodeIgniter.php(502): CodeIgniter\CodeIgniter->runController(Object(App\Controllers\Produk))
 6 SYSTEMPATH\CodeIgniter.php(361): CodeIgniter\CodeIgniter->handleRequest(null, Object(Config\Cache), false)
 7 FCPATH\index.php(79): CodeIgniter\CodeIgniter->run()
 8 SYSTEMPATH\Commands\Server\rewrite.php(47): require_once('C:\\xampp\\htdocs\\ci4\\public\\index.php')
CRITICAL - 2024-01-26 15:20:17 --> CodeIgniter\View\Exceptions\ViewException: Invalid file: "produk/data_produk.php"
in SYSTEMPATH\Exceptions\FrameworkException.php on line 39.
 1 SYSTEMPATH\View\View.php(216): CodeIgniter\Exceptions\FrameworkException::forInvalidFile('produk/data_produk.php')
 2 SYSTEMPATH\Common.php(1178): CodeIgniter\View\View->render('produk/data_produk', [], true)
 3 APPPATH\Controllers\Produk.php(9): view('produk/data_produk')
 4 SYSTEMPATH\CodeIgniter.php(941): App\Controllers\Produk->index()
 5 SYSTEMPATH\CodeIgniter.php(502): CodeIgniter\CodeIgniter->runController(Object(App\Controllers\Produk))
 6 SYSTEMPATH\CodeIgniter.php(361): CodeIgniter\CodeIgniter->handleRequest(null, Object(Config\Cache), false)
 7 FCPATH\index.php(79): CodeIgniter\CodeIgniter->run()
 8 SYSTEMPATH\Commands\Server\rewrite.php(47): require_once('C:\\xampp\\htdocs\\ci4\\public\\index.php')
CRITICAL - 2024-01-26 15:20:19 --> CodeIgniter\View\Exceptions\ViewException: Invalid file: "produk/data_produk.php"
in SYSTEMPATH\Exceptions\FrameworkException.php on line 39.
 1 SYSTEMPATH\View\View.php(216): CodeIgniter\Exceptions\FrameworkException::forInvalidFile('produk/data_produk.php')
 2 SYSTEMPATH\Common.php(1178): CodeIgniter\View\View->render('produk/data_produk', [], true)
 3 APPPATH\Controllers\Produk.php(9): view('produk/data_produk')
 4 SYSTEMPATH\CodeIgniter.php(941): App\Controllers\Produk->index()
 5 SYSTEMPATH\CodeIgniter.php(502): CodeIgniter\CodeIgniter->runController(Object(App\Controllers\Produk))
 6 SYSTEMPATH\CodeIgniter.php(361): CodeIgniter\CodeIgniter->handleRequest(null, Object(Config\Cache), false)
 7 FCPATH\index.php(79): CodeIgniter\CodeIgniter->run()
 8 SYSTEMPATH\Commands\Server\rewrite.php(47): require_once('C:\\xampp\\htdocs\\ci4\\public\\index.php')
CRITICAL - 2024-01-26 15:20:20 --> CodeIgniter\View\Exceptions\ViewException: Invalid file: "produk/data_produk.php"
in SYSTEMPATH\Exceptions\FrameworkException.php on line 39.
 1 SYSTEMPATH\View\View.php(216): CodeIgniter\Exceptions\FrameworkException::forInvalidFile('produk/data_produk.php')
 2 SYSTEMPATH\Common.php(1178): CodeIgniter\View\View->render('produk/data_produk', [], true)
 3 APPPATH\Controllers\Produk.php(9): view('produk/data_produk')
 4 SYSTEMPATH\CodeIgniter.php(941): App\Controllers\Produk->index()
 5 SYSTEMPATH\CodeIgniter.php(502): CodeIgniter\CodeIgniter->runController(Object(App\Controllers\Produk))
 6 SYSTEMPATH\CodeIgniter.php(361): CodeIgniter\CodeIgniter->handleRequest(null, Object(Config\Cache), false)
 7 FCPATH\index.php(79): CodeIgniter\CodeIgniter->run()
 8 SYSTEMPATH\Commands\Server\rewrite.php(47): require_once('C:\\xampp\\htdocs\\ci4\\public\\index.php')
CRITICAL - 2024-01-26 15:20:21 --> CodeIgniter\View\Exceptions\ViewException: Invalid file: "produk/data_produk.php"
in SYSTEMPATH\Exceptions\FrameworkException.php on line 39.
 1 SYSTEMPATH\View\View.php(216): CodeIgniter\Exceptions\FrameworkException::forInvalidFile('produk/data_produk.php')
 2 SYSTEMPATH\Common.php(1178): CodeIgniter\View\View->render('produk/data_produk', [], true)
 3 APPPATH\Controllers\Produk.php(9): view('produk/data_produk')
 4 SYSTEMPATH\CodeIgniter.php(941): App\Controllers\Produk->index()
 5 SYSTEMPATH\CodeIgniter.php(502): CodeIgniter\CodeIgniter->runController(Object(App\Controllers\Produk))
 6 SYSTEMPATH\CodeIgniter.php(361): CodeIgniter\CodeIgniter->handleRequest(null, Object(Config\Cache), false)
 7 FCPATH\index.php(79): CodeIgniter\CodeIgniter->run()
 8 SYSTEMPATH\Commands\Server\rewrite.php(47): require_once('C:\\xampp\\htdocs\\ci4\\public\\index.php')
CRITICAL - 2024-01-26 15:20:21 --> CodeIgniter\View\Exceptions\ViewException: Invalid file: "produk/data_produk.php"
in SYSTEMPATH\Exceptions\FrameworkException.php on line 39.
 1 SYSTEMPATH\View\View.php(216): CodeIgniter\Exceptions\FrameworkException::forInvalidFile('produk/data_produk.php')
 2 SYSTEMPATH\Common.php(1178): CodeIgniter\View\View->render('produk/data_produk', [], true)
 3 APPPATH\Controllers\Produk.php(9): view('produk/data_produk')
 4 SYSTEMPATH\CodeIgniter.php(941): App\Controllers\Produk->index()
 5 SYSTEMPATH\CodeIgniter.php(502): CodeIgniter\CodeIgniter->runController(Object(App\Controllers\Produk))
 6 SYSTEMPATH\CodeIgniter.php(361): CodeIgniter\CodeIgniter->handleRequest(null, Object(Config\Cache), false)
 7 FCPATH\index.php(79): CodeIgniter\CodeIgniter->run()
 8 SYSTEMPATH\Commands\Server\rewrite.php(47): require_once('C:\\xampp\\htdocs\\ci4\\public\\index.php')
CRITICAL - 2024-01-26 15:20:22 --> CodeIgniter\View\Exceptions\ViewException: Invalid file: "produk/data_produk.php"
in SYSTEMPATH\Exceptions\FrameworkException.php on line 39.
 1 SYSTEMPATH\View\View.php(216): CodeIgniter\Exceptions\FrameworkException::forInvalidFile('produk/data_produk.php')
 2 SYSTEMPATH\Common.php(1178): CodeIgniter\View\View->render('produk/data_produk', [], true)
 3 APPPATH\Controllers\Produk.php(9): view('produk/data_produk')
 4 SYSTEMPATH\CodeIgniter.php(941): App\Controllers\Produk->index()
 5 SYSTEMPATH\CodeIgniter.php(502): CodeIgniter\CodeIgniter->runController(Object(App\Controllers\Produk))
 6 SYSTEMPATH\CodeIgniter.php(361): CodeIgniter\CodeIgniter->handleRequest(null, Object(Config\Cache), false)
 7 FCPATH\index.php(79): CodeIgniter\CodeIgniter->run()
 8 SYSTEMPATH\Commands\Server\rewrite.php(47): require_once('C:\\xampp\\htdocs\\ci4\\public\\index.php')
CRITICAL - 2024-01-26 15:21:28 --> CodeIgniter\View\Exceptions\ViewException: Invalid file: "produk/data_produk.php"
in SYSTEMPATH\Exceptions\FrameworkException.php on line 39.
 1 SYSTEMPATH\View\View.php(216): CodeIgniter\Exceptions\FrameworkException::forInvalidFile('produk/data_produk.php')
 2 SYSTEMPATH\Common.php(1178): CodeIgniter\View\View->render('produk/data_produk', [], true)
 3 APPPATH\Controllers\Produk.php(9): view('produk/data_produk')
 4 SYSTEMPATH\CodeIgniter.php(941): App\Controllers\Produk->index()
 5 SYSTEMPATH\CodeIgniter.php(502): CodeIgniter\CodeIgniter->runController(Object(App\Controllers\Produk))
 6 SYSTEMPATH\CodeIgniter.php(361): CodeIgniter\CodeIgniter->handleRequest(null, Object(Config\Cache), false)
 7 FCPATH\index.php(79): CodeIgniter\CodeIgniter->run()
 8 SYSTEMPATH\Commands\Server\rewrite.php(47): require_once('C:\\xampp\\htdocs\\ci4\\public\\index.php')
INFO - 2024-01-26 15:24:38 --> Session: Class initialized using 'CodeIgniter\Session\Handlers\FileHandler' driver.
INFO - 2024-01-26 15:25:00 --> Session: Class initialized using 'CodeIgniter\Session\Handlers\FileHandler' driver.
INFO - 2024-01-26 15:25:20 --> Session: Class initialized using 'CodeIgniter\Session\Handlers\FileHandler' driver.
INFO - 2024-01-26 15:26:06 --> Session: Class initialized using 'CodeIgniter\Session\Handlers\FileHandler' driver.
INFO - 2024-01-26 15:26:16 --> Session: Class initialized using 'CodeIgniter\Session\Handlers\FileHandler' driver.
INFO - 2024-01-26 15:26:47 --> Session: Class initialized using 'CodeIgniter\Session\Handlers\FileHandler' driver.
