CRITICAL - 2024-02-02 14:09:24 --> ErrorException: Undefined variable: kategori
in APPPATH\Views\kategori\data_kategori.php on line 57.
 1 APPPATH\Views\kategori\data_kategori.php(57): CodeIgniter\Debug\Exceptions->errorHandler(8, 'Undefined variable: kategori', 'C:\\xampp\\htdocs\\ci4\\app\\Views\\kategori\\data_kategori.php', 57, [...])
 2 SYSTEMPATH\View\View.php(228): include('C:\\xampp\\htdocs\\ci4\\app\\Views\\kategori\\data_kategori.php')
 3 SYSTEMPATH\View\View.php(231): CodeIgniter\View\View->CodeIgniter\View\{closure}()
 4 SYSTEMPATH\Common.php(1178): CodeIgniter\View\View->render('kategori/data_kategori', [], true)
 5 APPPATH\Controllers\Kategori.php(14): view('kategori/data_kategori', [...])
 6 SYSTEMPATH\CodeIgniter.php(941): App\Controllers\Kategori->index()
 7 SYSTEMPATH\CodeIgniter.php(502): CodeIgniter\CodeIgniter->runController(Object(App\Controllers\Kategori))
 8 SYSTEMPATH\CodeIgniter.php(361): CodeIgniter\CodeIgniter->handleRequest(null, Object(Config\Cache), false)
 9 FCPATH\index.php(79): CodeIgniter\CodeIgniter->run()
10 SYSTEMPATH\Commands\Server\rewrite.php(47): require_once('C:\\xampp\\htdocs\\ci4\\public\\index.php')
CRITICAL - 2024-02-02 14:09:59 --> ErrorException: Array to string conversion
in APPPATH\Views\kategori\data_kategori.php on line 57.
 1 APPPATH\Views\kategori\data_kategori.php(57): CodeIgniter\Debug\Exceptions->errorHandler(8, 'Array to string conversion', 'C:\\xampp\\htdocs\\ci4\\app\\Views\\kategori\\data_kategori.php', 57, [...])
 2 SYSTEMPATH\View\View.php(228): include('C:\\xampp\\htdocs\\ci4\\app\\Views\\kategori\\data_kategori.php')
 3 SYSTEMPATH\View\View.php(231): CodeIgniter\View\View->CodeIgniter\View\{closure}()
 4 SYSTEMPATH\Common.php(1178): CodeIgniter\View\View->render('kategori/data_kategori', [], true)
 5 APPPATH\Controllers\Kategori.php(14): view('kategori/data_kategori', [...])
 6 SYSTEMPATH\CodeIgniter.php(941): App\Controllers\Kategori->index()
 7 SYSTEMPATH\CodeIgniter.php(502): CodeIgniter\CodeIgniter->runController(Object(App\Controllers\Kategori))
 8 SYSTEMPATH\CodeIgniter.php(361): CodeIgniter\CodeIgniter->handleRequest(null, Object(Config\Cache), false)
 9 FCPATH\index.php(79): CodeIgniter\CodeIgniter->run()
10 SYSTEMPATH\Commands\Server\rewrite.php(47): require_once('C:\\xampp\\htdocs\\ci4\\public\\index.php')
CRITICAL - 2024-02-02 14:10:01 --> ErrorException: Array to string conversion
in APPPATH\Views\kategori\data_kategori.php on line 57.
 1 APPPATH\Views\kategori\data_kategori.php(57): CodeIgniter\Debug\Exceptions->errorHandler(8, 'Array to string conversion', 'C:\\xampp\\htdocs\\ci4\\app\\Views\\kategori\\data_kategori.php', 57, [...])
 2 SYSTEMPATH\View\View.php(228): include('C:\\xampp\\htdocs\\ci4\\app\\Views\\kategori\\data_kategori.php')
 3 SYSTEMPATH\View\View.php(231): CodeIgniter\View\View->CodeIgniter\View\{closure}()
 4 SYSTEMPATH\Common.php(1178): CodeIgniter\View\View->render('kategori/data_kategori', [], true)
 5 APPPATH\Controllers\Kategori.php(14): view('kategori/data_kategori', [...])
 6 SYSTEMPATH\CodeIgniter.php(941): App\Controllers\Kategori->index()
 7 SYSTEMPATH\CodeIgniter.php(502): CodeIgniter\CodeIgniter->runController(Object(App\Controllers\Kategori))
 8 SYSTEMPATH\CodeIgniter.php(361): CodeIgniter\CodeIgniter->handleRequest(null, Object(Config\Cache), false)
 9 FCPATH\index.php(79): CodeIgniter\CodeIgniter->run()
10 SYSTEMPATH\Commands\Server\rewrite.php(47): require_once('C:\\xampp\\htdocs\\ci4\\public\\index.php')
CRITICAL - 2024-02-02 14:10:02 --> ErrorException: Array to string conversion
in APPPATH\Views\kategori\data_kategori.php on line 57.
 1 APPPATH\Views\kategori\data_kategori.php(57): CodeIgniter\Debug\Exceptions->errorHandler(8, 'Array to string conversion', 'C:\\xampp\\htdocs\\ci4\\app\\Views\\kategori\\data_kategori.php', 57, [...])
 2 SYSTEMPATH\View\View.php(228): include('C:\\xampp\\htdocs\\ci4\\app\\Views\\kategori\\data_kategori.php')
 3 SYSTEMPATH\View\View.php(231): CodeIgniter\View\View->CodeIgniter\View\{closure}()
 4 SYSTEMPATH\Common.php(1178): CodeIgniter\View\View->render('kategori/data_kategori', [], true)
 5 APPPATH\Controllers\Kategori.php(14): view('kategori/data_kategori', [...])
 6 SYSTEMPATH\CodeIgniter.php(941): App\Controllers\Kategori->index()
 7 SYSTEMPATH\CodeIgniter.php(502): CodeIgniter\CodeIgniter->runController(Object(App\Controllers\Kategori))
 8 SYSTEMPATH\CodeIgniter.php(361): CodeIgniter\CodeIgniter->handleRequest(null, Object(Config\Cache), false)
 9 FCPATH\index.php(79): CodeIgniter\CodeIgniter->run()
10 SYSTEMPATH\Commands\Server\rewrite.php(47): require_once('C:\\xampp\\htdocs\\ci4\\public\\index.php')
CRITICAL - 2024-02-02 14:10:19 --> ErrorException: Undefined index: slug
in APPPATH\Views\kategori\data_kategori.php on line 57.
 1 APPPATH\Views\kategori\data_kategori.php(57): CodeIgniter\Debug\Exceptions->errorHandler(8, 'Undefined index: slug', 'C:\\xampp\\htdocs\\ci4\\app\\Views\\kategori\\data_kategori.php', 57, [...])
 2 SYSTEMPATH\View\View.php(228): include('C:\\xampp\\htdocs\\ci4\\app\\Views\\kategori\\data_kategori.php')
 3 SYSTEMPATH\View\View.php(231): CodeIgniter\View\View->CodeIgniter\View\{closure}()
 4 SYSTEMPATH\Common.php(1178): CodeIgniter\View\View->render('kategori/data_kategori', [], true)
 5 APPPATH\Controllers\Kategori.php(14): view('kategori/data_kategori', [...])
 6 SYSTEMPATH\CodeIgniter.php(941): App\Controllers\Kategori->index()
 7 SYSTEMPATH\CodeIgniter.php(502): CodeIgniter\CodeIgniter->runController(Object(App\Controllers\Kategori))
 8 SYSTEMPATH\CodeIgniter.php(361): CodeIgniter\CodeIgniter->handleRequest(null, Object(Config\Cache), false)
 9 FCPATH\index.php(79): CodeIgniter\CodeIgniter->run()
10 SYSTEMPATH\Commands\Server\rewrite.php(47): require_once('C:\\xampp\\htdocs\\ci4\\public\\index.php')
