INFO - 2024-01-27 14:04:20 --> Session: Class initialized using 'CodeIgniter\Session\Handlers\FileHandler' driver.
CRITICAL - 2024-01-27 14:37:45 --> ErrorException: Undefined variable: datakategori
in APPPATH\Views\satuan\data_satuan.php on line 47.
 1 APPPATH\Views\satuan\data_satuan.php(47): CodeIgniter\Debug\Exceptions->errorHandler(8, 'Undefined variable: datakategori', 'C:\\xampp\\htdocs\\ci4\\app\\Views\\satuan\\data_satuan.php', 47, [...])
 2 SYSTEMPATH\View\View.php(228): include('C:\\xampp\\htdocs\\ci4\\app\\Views\\satuan\\data_satuan.php')
 3 SYSTEMPATH\View\View.php(231): CodeIgniter\View\View->CodeIgniter\View\{closure}()
 4 SYSTEMPATH\Common.php(1178): CodeIgniter\View\View->render('satuan/data_satuan', [], true)
 5 APPPATH\Controllers\Satuan.php(9): view('satuan/data_satuan')
 6 SYSTEMPATH\CodeIgniter.php(941): App\Controllers\Satuan->index()
 7 SYSTEMPATH\CodeIgniter.php(502): CodeIgniter\CodeIgniter->runController(Object(App\Controllers\Satuan))
 8 SYSTEMPATH\CodeIgniter.php(361): CodeIgniter\CodeIgniter->handleRequest(null, Object(Config\Cache), false)
 9 FCPATH\index.php(79): CodeIgniter\CodeIgniter->run()
10 SYSTEMPATH\Commands\Server\rewrite.php(47): require_once('C:\\xampp\\htdocs\\ci4\\public\\index.php')
CRITICAL - 2024-01-27 14:38:11 --> ErrorException: Undefined variable: datasatuan
in APPPATH\Views\satuan\data_satuan.php on line 47.
 1 APPPATH\Views\satuan\data_satuan.php(47): CodeIgniter\Debug\Exceptions->errorHandler(8, 'Undefined variable: datasatuan', 'C:\\xampp\\htdocs\\ci4\\app\\Views\\satuan\\data_satuan.php', 47, [...])
 2 SYSTEMPATH\View\View.php(228): include('C:\\xampp\\htdocs\\ci4\\app\\Views\\satuan\\data_satuan.php')
 3 SYSTEMPATH\View\View.php(231): CodeIgniter\View\View->CodeIgniter\View\{closure}()
 4 SYSTEMPATH\Common.php(1178): CodeIgniter\View\View->render('satuan/data_satuan', [], true)
 5 APPPATH\Controllers\Satuan.php(9): view('satuan/data_satuan')
 6 SYSTEMPATH\CodeIgniter.php(941): App\Controllers\Satuan->index()
 7 SYSTEMPATH\CodeIgniter.php(502): CodeIgniter\CodeIgniter->runController(Object(App\Controllers\Satuan))
 8 SYSTEMPATH\CodeIgniter.php(361): CodeIgniter\CodeIgniter->handleRequest(null, Object(Config\Cache), false)
 9 FCPATH\index.php(79): CodeIgniter\CodeIgniter->run()
10 SYSTEMPATH\Commands\Server\rewrite.php(47): require_once('C:\\xampp\\htdocs\\ci4\\public\\index.php')
CRITICAL - 2024-01-27 14:38:22 --> ErrorException: Undefined variable: data_satuan
in APPPATH\Views\satuan\data_satuan.php on line 47.
 1 APPPATH\Views\satuan\data_satuan.php(47): CodeIgniter\Debug\Exceptions->errorHandler(8, 'Undefined variable: data_satuan', 'C:\\xampp\\htdocs\\ci4\\app\\Views\\satuan\\data_satuan.php', 47, [...])
 2 SYSTEMPATH\View\View.php(228): include('C:\\xampp\\htdocs\\ci4\\app\\Views\\satuan\\data_satuan.php')
 3 SYSTEMPATH\View\View.php(231): CodeIgniter\View\View->CodeIgniter\View\{closure}()
 4 SYSTEMPATH\Common.php(1178): CodeIgniter\View\View->render('satuan/data_satuan', [], true)
 5 APPPATH\Controllers\Satuan.php(9): view('satuan/data_satuan')
 6 SYSTEMPATH\CodeIgniter.php(941): App\Controllers\Satuan->index()
 7 SYSTEMPATH\CodeIgniter.php(502): CodeIgniter\CodeIgniter->runController(Object(App\Controllers\Satuan))
 8 SYSTEMPATH\CodeIgniter.php(361): CodeIgniter\CodeIgniter->handleRequest(null, Object(Config\Cache), false)
 9 FCPATH\index.php(79): CodeIgniter\CodeIgniter->run()
10 SYSTEMPATH\Commands\Server\rewrite.php(47): require_once('C:\\xampp\\htdocs\\ci4\\public\\index.php')
CRITICAL - 2024-01-27 14:38:33 --> ErrorException: Undefined variable: satuan
in APPPATH\Views\satuan\data_satuan.php on line 47.
 1 APPPATH\Views\satuan\data_satuan.php(47): CodeIgniter\Debug\Exceptions->errorHandler(8, 'Undefined variable: satuan', 'C:\\xampp\\htdocs\\ci4\\app\\Views\\satuan\\data_satuan.php', 47, [...])
 2 SYSTEMPATH\View\View.php(228): include('C:\\xampp\\htdocs\\ci4\\app\\Views\\satuan\\data_satuan.php')
 3 SYSTEMPATH\View\View.php(231): CodeIgniter\View\View->CodeIgniter\View\{closure}()
 4 SYSTEMPATH\Common.php(1178): CodeIgniter\View\View->render('satuan/data_satuan', [], true)
 5 APPPATH\Controllers\Satuan.php(9): view('satuan/data_satuan')
 6 SYSTEMPATH\CodeIgniter.php(941): App\Controllers\Satuan->index()
 7 SYSTEMPATH\CodeIgniter.php(502): CodeIgniter\CodeIgniter->runController(Object(App\Controllers\Satuan))
 8 SYSTEMPATH\CodeIgniter.php(361): CodeIgniter\CodeIgniter->handleRequest(null, Object(Config\Cache), false)
 9 FCPATH\index.php(79): CodeIgniter\CodeIgniter->run()
10 SYSTEMPATH\Commands\Server\rewrite.php(47): require_once('C:\\xampp\\htdocs\\ci4\\public\\index.php')
CRITICAL - 2024-01-27 14:38:34 --> ErrorException: Undefined variable: satuan
in APPPATH\Views\satuan\data_satuan.php on line 47.
 1 APPPATH\Views\satuan\data_satuan.php(47): CodeIgniter\Debug\Exceptions->errorHandler(8, 'Undefined variable: satuan', 'C:\\xampp\\htdocs\\ci4\\app\\Views\\satuan\\data_satuan.php', 47, [...])
 2 SYSTEMPATH\View\View.php(228): include('C:\\xampp\\htdocs\\ci4\\app\\Views\\satuan\\data_satuan.php')
 3 SYSTEMPATH\View\View.php(231): CodeIgniter\View\View->CodeIgniter\View\{closure}()
 4 SYSTEMPATH\Common.php(1178): CodeIgniter\View\View->render('satuan/data_satuan', [], true)
 5 APPPATH\Controllers\Satuan.php(9): view('satuan/data_satuan')
 6 SYSTEMPATH\CodeIgniter.php(941): App\Controllers\Satuan->index()
 7 SYSTEMPATH\CodeIgniter.php(502): CodeIgniter\CodeIgniter->runController(Object(App\Controllers\Satuan))
 8 SYSTEMPATH\CodeIgniter.php(361): CodeIgniter\CodeIgniter->handleRequest(null, Object(Config\Cache), false)
 9 FCPATH\index.php(79): CodeIgniter\CodeIgniter->run()
10 SYSTEMPATH\Commands\Server\rewrite.php(47): require_once('C:\\xampp\\htdocs\\ci4\\public\\index.php')
CRITICAL - 2024-01-27 14:38:35 --> ErrorException: Undefined variable: satuan
in APPPATH\Views\satuan\data_satuan.php on line 47.
 1 APPPATH\Views\satuan\data_satuan.php(47): CodeIgniter\Debug\Exceptions->errorHandler(8, 'Undefined variable: satuan', 'C:\\xampp\\htdocs\\ci4\\app\\Views\\satuan\\data_satuan.php', 47, [...])
 2 SYSTEMPATH\View\View.php(228): include('C:\\xampp\\htdocs\\ci4\\app\\Views\\satuan\\data_satuan.php')
 3 SYSTEMPATH\View\View.php(231): CodeIgniter\View\View->CodeIgniter\View\{closure}()
 4 SYSTEMPATH\Common.php(1178): CodeIgniter\View\View->render('satuan/data_satuan', [], true)
 5 APPPATH\Controllers\Satuan.php(9): view('satuan/data_satuan')
 6 SYSTEMPATH\CodeIgniter.php(941): App\Controllers\Satuan->index()
 7 SYSTEMPATH\CodeIgniter.php(502): CodeIgniter\CodeIgniter->runController(Object(App\Controllers\Satuan))
 8 SYSTEMPATH\CodeIgniter.php(361): CodeIgniter\CodeIgniter->handleRequest(null, Object(Config\Cache), false)
 9 FCPATH\index.php(79): CodeIgniter\CodeIgniter->run()
10 SYSTEMPATH\Commands\Server\rewrite.php(47): require_once('C:\\xampp\\htdocs\\ci4\\public\\index.php')
CRITICAL - 2024-01-27 14:38:36 --> ErrorException: Undefined variable: satuan
in APPPATH\Views\satuan\data_satuan.php on line 47.
 1 APPPATH\Views\satuan\data_satuan.php(47): CodeIgniter\Debug\Exceptions->errorHandler(8, 'Undefined variable: satuan', 'C:\\xampp\\htdocs\\ci4\\app\\Views\\satuan\\data_satuan.php', 47, [...])
 2 SYSTEMPATH\View\View.php(228): include('C:\\xampp\\htdocs\\ci4\\app\\Views\\satuan\\data_satuan.php')
 3 SYSTEMPATH\View\View.php(231): CodeIgniter\View\View->CodeIgniter\View\{closure}()
 4 SYSTEMPATH\Common.php(1178): CodeIgniter\View\View->render('satuan/data_satuan', [], true)
 5 APPPATH\Controllers\Satuan.php(9): view('satuan/data_satuan')
 6 SYSTEMPATH\CodeIgniter.php(941): App\Controllers\Satuan->index()
 7 SYSTEMPATH\CodeIgniter.php(502): CodeIgniter\CodeIgniter->runController(Object(App\Controllers\Satuan))
 8 SYSTEMPATH\CodeIgniter.php(361): CodeIgniter\CodeIgniter->handleRequest(null, Object(Config\Cache), false)
 9 FCPATH\index.php(79): CodeIgniter\CodeIgniter->run()
10 SYSTEMPATH\Commands\Server\rewrite.php(47): require_once('C:\\xampp\\htdocs\\ci4\\public\\index.php')
CRITICAL - 2024-01-27 14:38:36 --> ErrorException: Undefined variable: satuan
in APPPATH\Views\satuan\data_satuan.php on line 47.
 1 APPPATH\Views\satuan\data_satuan.php(47): CodeIgniter\Debug\Exceptions->errorHandler(8, 'Undefined variable: satuan', 'C:\\xampp\\htdocs\\ci4\\app\\Views\\satuan\\data_satuan.php', 47, [...])
 2 SYSTEMPATH\View\View.php(228): include('C:\\xampp\\htdocs\\ci4\\app\\Views\\satuan\\data_satuan.php')
 3 SYSTEMPATH\View\View.php(231): CodeIgniter\View\View->CodeIgniter\View\{closure}()
 4 SYSTEMPATH\Common.php(1178): CodeIgniter\View\View->render('satuan/data_satuan', [], true)
 5 APPPATH\Controllers\Satuan.php(9): view('satuan/data_satuan')
 6 SYSTEMPATH\CodeIgniter.php(941): App\Controllers\Satuan->index()
 7 SYSTEMPATH\CodeIgniter.php(502): CodeIgniter\CodeIgniter->runController(Object(App\Controllers\Satuan))
 8 SYSTEMPATH\CodeIgniter.php(361): CodeIgniter\CodeIgniter->handleRequest(null, Object(Config\Cache), false)
 9 FCPATH\index.php(79): CodeIgniter\CodeIgniter->run()
10 SYSTEMPATH\Commands\Server\rewrite.php(47): require_once('C:\\xampp\\htdocs\\ci4\\public\\index.php')
CRITICAL - 2024-01-27 14:38:36 --> ErrorException: Undefined variable: satuan
in APPPATH\Views\satuan\data_satuan.php on line 47.
 1 APPPATH\Views\satuan\data_satuan.php(47): CodeIgniter\Debug\Exceptions->errorHandler(8, 'Undefined variable: satuan', 'C:\\xampp\\htdocs\\ci4\\app\\Views\\satuan\\data_satuan.php', 47, [...])
 2 SYSTEMPATH\View\View.php(228): include('C:\\xampp\\htdocs\\ci4\\app\\Views\\satuan\\data_satuan.php')
 3 SYSTEMPATH\View\View.php(231): CodeIgniter\View\View->CodeIgniter\View\{closure}()
 4 SYSTEMPATH\Common.php(1178): CodeIgniter\View\View->render('satuan/data_satuan', [], true)
 5 APPPATH\Controllers\Satuan.php(9): view('satuan/data_satuan')
 6 SYSTEMPATH\CodeIgniter.php(941): App\Controllers\Satuan->index()
 7 SYSTEMPATH\CodeIgniter.php(502): CodeIgniter\CodeIgniter->runController(Object(App\Controllers\Satuan))
 8 SYSTEMPATH\CodeIgniter.php(361): CodeIgniter\CodeIgniter->handleRequest(null, Object(Config\Cache), false)
 9 FCPATH\index.php(79): CodeIgniter\CodeIgniter->run()
10 SYSTEMPATH\Commands\Server\rewrite.php(47): require_once('C:\\xampp\\htdocs\\ci4\\public\\index.php')
