INFO - 2024-01-31 00:20:44 --> Session: Class initialized using 'CodeIgniter\Session\Handlers\FileHandler' driver.
INFO - 2024-01-31 00:21:58 --> Session: Class initialized using 'CodeIgniter\Session\Handlers\FileHandler' driver.
INFO - 2024-01-31 00:23:51 --> Session: Class initialized using 'CodeIgniter\Session\Handlers\FileHandler' driver.
INFO - 2024-01-31 00:24:33 --> Session: Class initialized using 'CodeIgniter\Session\Handlers\FileHandler' driver.
INFO - 2024-01-31 00:24:54 --> Session: Class initialized using 'CodeIgniter\Session\Handlers\FileHandler' driver.
INFO - 2024-01-31 00:25:05 --> Session: Class initialized using 'CodeIgniter\Session\Handlers\FileHandler' driver.
CRITICAL - 2024-01-31 00:28:10 --> CodeIgniter\View\Exceptions\ViewException: Invalid file: "kategori/tambah-kategori.php"
in SYSTEMPATH\Exceptions\FrameworkException.php on line 39.
 1 SYSTEMPATH\View\View.php(216): CodeIgniter\Exceptions\FrameworkException::forInvalidFile('kategori/tambah-kategori.php')
 2 SYSTEMPATH\Common.php(1178): CodeIgniter\View\View->render('kategori/tambah-kategori', [], true)
 3 APPPATH\Controllers\Kategori.php(32): view('kategori/tambah-kategori')
 4 SYSTEMPATH\CodeIgniter.php(941): App\Controllers\Kategori->tambahKategori()
 5 SYSTEMPATH\CodeIgniter.php(502): CodeIgniter\CodeIgniter->runController(Object(App\Controllers\Kategori))
 6 SYSTEMPATH\CodeIgniter.php(361): CodeIgniter\CodeIgniter->handleRequest(null, Object(Config\Cache), false)
 7 FCPATH\index.php(79): CodeIgniter\CodeIgniter->run()
 8 SYSTEMPATH\Commands\Server\rewrite.php(47): require_once('C:\\xampp\\htdocs\\ci4\\public\\index.php')
INFO - 2024-01-31 00:30:29 --> Session: Class initialized using 'CodeIgniter\Session\Handlers\FileHandler' driver.
INFO - 2024-01-31 00:30:35 --> Session: Class initialized using 'CodeIgniter\Session\Handlers\FileHandler' driver.
INFO - 2024-01-31 00:31:11 --> Session: Class initialized using 'CodeIgniter\Session\Handlers\FileHandler' driver.
INFO - 2024-01-31 00:31:22 --> Session: Class initialized using 'CodeIgniter\Session\Handlers\FileHandler' driver.
INFO - 2024-01-31 01:17:13 --> Session: Class initialized using 'CodeIgniter\Session\Handlers\FileHandler' driver.
INFO - 2024-01-31 01:18:19 --> Session: Class initialized using 'CodeIgniter\Session\Handlers\FileHandler' driver.
INFO - 2024-01-31 01:18:46 --> Session: Class initialized using 'CodeIgniter\Session\Handlers\FileHandler' driver.
CRITICAL - 2024-01-31 01:23:21 --> ErrorException: Undefined variable: pager
in APPPATH\Views\kategori\data_kategori.php on line 67.
 1 APPPATH\Views\kategori\data_kategori.php(67): CodeIgniter\Debug\Exceptions->errorHandler(8, 'Undefined variable: pager', 'C:\\xampp\\htdocs\\ci4\\app\\Views\\kategori\\data_kategori.php', 67, [...])
 2 SYSTEMPATH\View\View.php(228): include('C:\\xampp\\htdocs\\ci4\\app\\Views\\kategori\\data_kategori.php')
 3 SYSTEMPATH\View\View.php(231): CodeIgniter\View\View->CodeIgniter\View\{closure}()
 4 SYSTEMPATH\Common.php(1178): CodeIgniter\View\View->render('kategori/data_kategori', [], true)
 5 APPPATH\Controllers\Kategori.php(14): view('kategori/data_kategori', [...])
 6 SYSTEMPATH\CodeIgniter.php(941): App\Controllers\Kategori->index()
 7 SYSTEMPATH\CodeIgniter.php(502): CodeIgniter\CodeIgniter->runController(Object(App\Controllers\Kategori))
 8 SYSTEMPATH\CodeIgniter.php(361): CodeIgniter\CodeIgniter->handleRequest(null, Object(Config\Cache), false)
 9 FCPATH\index.php(79): CodeIgniter\CodeIgniter->run()
10 SYSTEMPATH\Commands\Server\rewrite.php(47): require_once('C:\\xampp\\htdocs\\ci4\\public\\index.php')
CRITICAL - 2024-01-31 14:30:12 --> ErrorException: Undefined index: katnama
in APPPATH\Views\satuan\data_satuan.php on line 52.
 1 APPPATH\Views\satuan\data_satuan.php(52): CodeIgniter\Debug\Exceptions->errorHandler(8, 'Undefined index: katnama', 'C:\\xampp\\htdocs\\ci4\\app\\Views\\satuan\\data_satuan.php', 52, [...])
 2 SYSTEMPATH\View\View.php(228): include('C:\\xampp\\htdocs\\ci4\\app\\Views\\satuan\\data_satuan.php')
 3 SYSTEMPATH\View\View.php(231): CodeIgniter\View\View->CodeIgniter\View\{closure}()
 4 SYSTEMPATH\Common.php(1178): CodeIgniter\View\View->render('satuan/data_satuan', [], true)
 5 APPPATH\Controllers\Satuan.php(14): view('satuan/data_satuan', [...])
 6 SYSTEMPATH\CodeIgniter.php(941): App\Controllers\Satuan->index()
 7 SYSTEMPATH\CodeIgniter.php(502): CodeIgniter\CodeIgniter->runController(Object(App\Controllers\Satuan))
 8 SYSTEMPATH\CodeIgniter.php(361): CodeIgniter\CodeIgniter->handleRequest(null, Object(Config\Cache), false)
 9 FCPATH\index.php(79): CodeIgniter\CodeIgniter->run()
10 SYSTEMPATH\Commands\Server\rewrite.php(47): require_once('C:\\xampp\\htdocs\\ci4\\public\\index.php')
