ERROR - 2024-02-08 04:58:32 --> mysqli_sql_exception: Table 'ci4.produkk' doesn't exist in C:\xampp\htdocs\ci4\vendor\codeigniter4\framework\system\Database\MySQLi\Connection.php:306
Stack trace:
#0 C:\xampp\htdocs\ci4\vendor\codeigniter4\framework\system\Database\MySQLi\Connection.php(306): mysqli->query('SELECT `produkk...', 0)
#1 C:\xampp\htdocs\ci4\vendor\codeigniter4\framework\system\Database\BaseConnection.php(693): CodeIgniter\Database\MySQLi\Connection->execute('SELECT `produkk...')
#2 C:\xampp\htdocs\ci4\vendor\codeigniter4\framework\system\Database\BaseConnection.php(607): CodeIgniter\Database\BaseConnection->simpleQuery('SELECT `produkk...')
#3 C:\xampp\htdocs\ci4\vendor\codeigniter4\framework\system\Database\BaseBuilder.php(1613): CodeIgniter\Database\BaseConnection->query('SELECT `produkk...', Array, false)
#4 C:\xampp\htdocs\ci4\vendor\codeigniter4\framework\system\Model.php(242): CodeIgniter\Database\BaseBuilder->get()
#5 C:\xampp\htdocs\ci4\vendor\codeigniter4\framework\system\BaseModel.php(638): CodeIgniter\Model->doFindAll(0, 0)
#6 C:\xampp\htdocs\ci4\app\Models\Mproduk.php(47): CodeIgniter\BaseModel->findAll()
#7 C:\xampp\htdocs\ci4\app\Controllers\Produk.php(12): App\Models\Mproduk->getAllProduk()
#8 C:\xampp\htdocs\ci4\vendor\codeigniter4\framework\system\CodeIgniter.php(941): App\Controllers\Produk->index()
#9 C:\xampp\htdocs\ci4\vendor\codeigniter4\framework\system\CodeIgniter.php(502): CodeIgniter\CodeIgniter->runController(Object(App\Controllers\Produk))
#10 C:\xampp\htdocs\ci4\vendor\codeigniter4\framework\system\CodeIgniter.php(361): CodeIgniter\CodeIgniter->handleRequest(NULL, Object(Config\Cache), false)
#11 C:\xampp\htdocs\ci4\public\index.php(79): CodeIgniter\CodeIgniter->run()
#12 C:\xampp\htdocs\ci4\vendor\codeigniter4\framework\system\Commands\Server\rewrite.php(47): require_once('C:\\xampp\\htdocs...')
#13 {main}
CRITICAL - 2024-02-08 04:58:32 --> CodeIgniter\Database\Exceptions\DatabaseException: Table 'ci4.produkk' doesn't exist
in SYSTEMPATH\Database\BaseConnection.php on line 647.
 1 SYSTEMPATH\Database\BaseBuilder.php(1613): CodeIgniter\Database\BaseConnection->query('SELECT `produkk`.`idProduk`, `produkk`.`kode_produk`, `produkk`.`nama_produk`, `produkk`.`harga_beli`, `produkk`.`harga_jual`, `produkk`.`diskon`, `satuan`.`satnama`, `kategori`.`katnama`, `produkk`.`stok`
FROM `produkk`
JOIN `satuan` ON `satuan`.`satid`=`produkk`.`satid`
JOIN `kategori` ON `kategori`.`katid`=`kategori`.`katid`', [], false)
 2 SYSTEMPATH\Model.php(242): CodeIgniter\Database\BaseBuilder->get()
 3 SYSTEMPATH\BaseModel.php(638): CodeIgniter\Model->doFindAll(0, 0)
 4 APPPATH\Models\Mproduk.php(47): CodeIgniter\BaseModel->findAll()
 5 APPPATH\Controllers\Produk.php(12): App\Models\Mproduk->getAllProduk()
 6 SYSTEMPATH\CodeIgniter.php(941): App\Controllers\Produk->index()
 7 SYSTEMPATH\CodeIgniter.php(502): CodeIgniter\CodeIgniter->runController(Object(App\Controllers\Produk))
 8 SYSTEMPATH\CodeIgniter.php(361): CodeIgniter\CodeIgniter->handleRequest(null, Object(Config\Cache), false)
 9 FCPATH\index.php(79): CodeIgniter\CodeIgniter->run()
10 SYSTEMPATH\Commands\Server\rewrite.php(47): require_once('C:\\xampp\\htdocs\\ci4\\public\\index.php')
CRITICAL - 2024-02-08 04:58:32 --> [Caused by] CodeIgniter\Database\Exceptions\DatabaseException: Table 'ci4.produkk' doesn't exist
in SYSTEMPATH\Database\MySQLi\Connection.php on line 311.
 1 SYSTEMPATH\Database\BaseConnection.php(693): CodeIgniter\Database\MySQLi\Connection->execute('SELECT `produkk`.`idProduk`, `produkk`.`kode_produk`, `produkk`.`nama_produk`, `produkk`.`harga_beli`, `produkk`.`harga_jual`, `produkk`.`diskon`, `satuan`.`satnama`, `kategori`.`katnama`, `produkk`.`stok`
FROM `produkk`
JOIN `satuan` ON `satuan`.`satid`=`produkk`.`satid`
JOIN `kategori` ON `kategori`.`katid`=`kategori`.`katid`')
 2 SYSTEMPATH\Database\BaseConnection.php(607): CodeIgniter\Database\BaseConnection->simpleQuery('SELECT `produkk`.`idProduk`, `produkk`.`kode_produk`, `produkk`.`nama_produk`, `produkk`.`harga_beli`, `produkk`.`harga_jual`, `produkk`.`diskon`, `satuan`.`satnama`, `kategori`.`katnama`, `produkk`.`stok`
FROM `produkk`
JOIN `satuan` ON `satuan`.`satid`=`produkk`.`satid`
JOIN `kategori` ON `kategori`.`katid`=`kategori`.`katid`')
 3 SYSTEMPATH\Database\BaseBuilder.php(1613): CodeIgniter\Database\BaseConnection->query('SELECT `produkk`.`idProduk`, `produkk`.`kode_produk`, `produkk`.`nama_produk`, `produkk`.`harga_beli`, `produkk`.`harga_jual`, `produkk`.`diskon`, `satuan`.`satnama`, `kategori`.`katnama`, `produkk`.`stok`
FROM `produkk`
JOIN `satuan` ON `satuan`.`satid`=`produkk`.`satid`
JOIN `kategori` ON `kategori`.`katid`=`kategori`.`katid`', [], false)
 4 SYSTEMPATH\Model.php(242): CodeIgniter\Database\BaseBuilder->get()
 5 SYSTEMPATH\BaseModel.php(638): CodeIgniter\Model->doFindAll(0, 0)
 6 APPPATH\Models\Mproduk.php(47): CodeIgniter\BaseModel->findAll()
 7 APPPATH\Controllers\Produk.php(12): App\Models\Mproduk->getAllProduk()
 8 SYSTEMPATH\CodeIgniter.php(941): App\Controllers\Produk->index()
 9 SYSTEMPATH\CodeIgniter.php(502): CodeIgniter\CodeIgniter->runController(Object(App\Controllers\Produk))
10 SYSTEMPATH\CodeIgniter.php(361): CodeIgniter\CodeIgniter->handleRequest(null, Object(Config\Cache), false)
11 FCPATH\index.php(79): CodeIgniter\CodeIgniter->run()
12 SYSTEMPATH\Commands\Server\rewrite.php(47): require_once('C:\\xampp\\htdocs\\ci4\\public\\index.php')
CRITICAL - 2024-02-08 04:58:32 --> [Caused by] mysqli_sql_exception: Table 'ci4.produkk' doesn't exist
in SYSTEMPATH\Database\MySQLi\Connection.php on line 306.
 1 SYSTEMPATH\Database\MySQLi\Connection.php(306): mysqli->query('SELECT `produkk`.`idProduk`, `produkk`.`kode_produk`, `produkk`.`nama_produk`, `produkk`.`harga_beli`, `produkk`.`harga_jual`, `produkk`.`diskon`, `satuan`.`satnama`, `kategori`.`katnama`, `produkk`.`stok`
FROM `produkk`
JOIN `satuan` ON `satuan`.`satid`=`produkk`.`satid`
JOIN `kategori` ON `kategori`.`katid`=`kategori`.`katid`', 0)
 2 SYSTEMPATH\Database\BaseConnection.php(693): CodeIgniter\Database\MySQLi\Connection->execute('SELECT `produkk`.`idProduk`, `produkk`.`kode_produk`, `produkk`.`nama_produk`, `produkk`.`harga_beli`, `produkk`.`harga_jual`, `produkk`.`diskon`, `satuan`.`satnama`, `kategori`.`katnama`, `produkk`.`stok`
FROM `produkk`
JOIN `satuan` ON `satuan`.`satid`=`produkk`.`satid`
JOIN `kategori` ON `kategori`.`katid`=`kategori`.`katid`')
 3 SYSTEMPATH\Database\BaseConnection.php(607): CodeIgniter\Database\BaseConnection->simpleQuery('SELECT `produkk`.`idProduk`, `produkk`.`kode_produk`, `produkk`.`nama_produk`, `produkk`.`harga_beli`, `produkk`.`harga_jual`, `produkk`.`diskon`, `satuan`.`satnama`, `kategori`.`katnama`, `produkk`.`stok`
FROM `produkk`
JOIN `satuan` ON `satuan`.`satid`=`produkk`.`satid`
JOIN `kategori` ON `kategori`.`katid`=`kategori`.`katid`')
 4 SYSTEMPATH\Database\BaseBuilder.php(1613): CodeIgniter\Database\BaseConnection->query('SELECT `produkk`.`idProduk`, `produkk`.`kode_produk`, `produkk`.`nama_produk`, `produkk`.`harga_beli`, `produkk`.`harga_jual`, `produkk`.`diskon`, `satuan`.`satnama`, `kategori`.`katnama`, `produkk`.`stok`
FROM `produkk`
JOIN `satuan` ON `satuan`.`satid`=`produkk`.`satid`
JOIN `kategori` ON `kategori`.`katid`=`kategori`.`katid`', [], false)
 5 SYSTEMPATH\Model.php(242): CodeIgniter\Database\BaseBuilder->get()
 6 SYSTEMPATH\BaseModel.php(638): CodeIgniter\Model->doFindAll(0, 0)
 7 APPPATH\Models\Mproduk.php(47): CodeIgniter\BaseModel->findAll()
 8 APPPATH\Controllers\Produk.php(12): App\Models\Mproduk->getAllProduk()
 9 SYSTEMPATH\CodeIgniter.php(941): App\Controllers\Produk->index()
10 SYSTEMPATH\CodeIgniter.php(502): CodeIgniter\CodeIgniter->runController(Object(App\Controllers\Produk))
11 SYSTEMPATH\CodeIgniter.php(361): CodeIgniter\CodeIgniter->handleRequest(null, Object(Config\Cache), false)
12 FCPATH\index.php(79): CodeIgniter\CodeIgniter->run()
13 SYSTEMPATH\Commands\Server\rewrite.php(47): require_once('C:\\xampp\\htdocs\\ci4\\public\\index.php')
ERROR - 2024-02-08 06:25:20 --> mysqli_sql_exception: Unknown column 'produkk.idProduk' in 'field list' in C:\xampp\htdocs\ci4\vendor\codeigniter4\framework\system\Database\MySQLi\Connection.php:306
Stack trace:
#0 C:\xampp\htdocs\ci4\vendor\codeigniter4\framework\system\Database\MySQLi\Connection.php(306): mysqli->query('SELECT `produkk...', 0)
#1 C:\xampp\htdocs\ci4\vendor\codeigniter4\framework\system\Database\BaseConnection.php(693): CodeIgniter\Database\MySQLi\Connection->execute('SELECT `produkk...')
#2 C:\xampp\htdocs\ci4\vendor\codeigniter4\framework\system\Database\BaseConnection.php(607): CodeIgniter\Database\BaseConnection->simpleQuery('SELECT `produkk...')
#3 C:\xampp\htdocs\ci4\vendor\codeigniter4\framework\system\Database\BaseBuilder.php(1613): CodeIgniter\Database\BaseConnection->query('SELECT `produkk...', Array, false)
#4 C:\xampp\htdocs\ci4\vendor\codeigniter4\framework\system\Model.php(242): CodeIgniter\Database\BaseBuilder->get()
#5 C:\xampp\htdocs\ci4\vendor\codeigniter4\framework\system\BaseModel.php(638): CodeIgniter\Model->doFindAll(0, 0)
#6 C:\xampp\htdocs\ci4\app\Models\Mproduk.php(47): CodeIgniter\BaseModel->findAll()
#7 C:\xampp\htdocs\ci4\app\Controllers\Produk.php(12): App\Models\Mproduk->getAllProduk()
#8 C:\xampp\htdocs\ci4\vendor\codeigniter4\framework\system\CodeIgniter.php(941): App\Controllers\Produk->index()
#9 C:\xampp\htdocs\ci4\vendor\codeigniter4\framework\system\CodeIgniter.php(502): CodeIgniter\CodeIgniter->runController(Object(App\Controllers\Produk))
#10 C:\xampp\htdocs\ci4\vendor\codeigniter4\framework\system\CodeIgniter.php(361): CodeIgniter\CodeIgniter->handleRequest(NULL, Object(Config\Cache), false)
#11 C:\xampp\htdocs\ci4\public\index.php(79): CodeIgniter\CodeIgniter->run()
#12 C:\xampp\htdocs\ci4\vendor\codeigniter4\framework\system\Commands\Server\rewrite.php(47): require_once('C:\\xampp\\htdocs...')
#13 {main}
CRITICAL - 2024-02-08 06:25:20 --> CodeIgniter\Database\Exceptions\DatabaseException: Unknown column 'produkk.idProduk' in 'field list'
in SYSTEMPATH\Database\BaseConnection.php on line 647.
 1 SYSTEMPATH\Database\BaseBuilder.php(1613): CodeIgniter\Database\BaseConnection->query('SELECT `produkk`.`idProduk`, `produkk`.`kode_produk`, `produkk`.`nama_produk`, `produkk`.`harga_beli`, `produkk`.`harga_jual`, `produkk`.`diskon`, `satuan`.`satnama`, `kategori`.`katnama`, `produkk`.`stok`
FROM `produk`
JOIN `satuan` ON `satuan`.`satid`=`produkk`.`satid`
JOIN `kategori` ON `kategori`.`katid`=`kategori`.`katid`', [], false)
 2 SYSTEMPATH\Model.php(242): CodeIgniter\Database\BaseBuilder->get()
 3 SYSTEMPATH\BaseModel.php(638): CodeIgniter\Model->doFindAll(0, 0)
 4 APPPATH\Models\Mproduk.php(47): CodeIgniter\BaseModel->findAll()
 5 APPPATH\Controllers\Produk.php(12): App\Models\Mproduk->getAllProduk()
 6 SYSTEMPATH\CodeIgniter.php(941): App\Controllers\Produk->index()
 7 SYSTEMPATH\CodeIgniter.php(502): CodeIgniter\CodeIgniter->runController(Object(App\Controllers\Produk))
 8 SYSTEMPATH\CodeIgniter.php(361): CodeIgniter\CodeIgniter->handleRequest(null, Object(Config\Cache), false)
 9 FCPATH\index.php(79): CodeIgniter\CodeIgniter->run()
10 SYSTEMPATH\Commands\Server\rewrite.php(47): require_once('C:\\xampp\\htdocs\\ci4\\public\\index.php')
CRITICAL - 2024-02-08 06:25:20 --> [Caused by] CodeIgniter\Database\Exceptions\DatabaseException: Unknown column 'produkk.idProduk' in 'field list'
in SYSTEMPATH\Database\MySQLi\Connection.php on line 311.
 1 SYSTEMPATH\Database\BaseConnection.php(693): CodeIgniter\Database\MySQLi\Connection->execute('SELECT `produkk`.`idProduk`, `produkk`.`kode_produk`, `produkk`.`nama_produk`, `produkk`.`harga_beli`, `produkk`.`harga_jual`, `produkk`.`diskon`, `satuan`.`satnama`, `kategori`.`katnama`, `produkk`.`stok`
FROM `produk`
JOIN `satuan` ON `satuan`.`satid`=`produkk`.`satid`
JOIN `kategori` ON `kategori`.`katid`=`kategori`.`katid`')
 2 SYSTEMPATH\Database\BaseConnection.php(607): CodeIgniter\Database\BaseConnection->simpleQuery('SELECT `produkk`.`idProduk`, `produkk`.`kode_produk`, `produkk`.`nama_produk`, `produkk`.`harga_beli`, `produkk`.`harga_jual`, `produkk`.`diskon`, `satuan`.`satnama`, `kategori`.`katnama`, `produkk`.`stok`
FROM `produk`
JOIN `satuan` ON `satuan`.`satid`=`produkk`.`satid`
JOIN `kategori` ON `kategori`.`katid`=`kategori`.`katid`')
 3 SYSTEMPATH\Database\BaseBuilder.php(1613): CodeIgniter\Database\BaseConnection->query('SELECT `produkk`.`idProduk`, `produkk`.`kode_produk`, `produkk`.`nama_produk`, `produkk`.`harga_beli`, `produkk`.`harga_jual`, `produkk`.`diskon`, `satuan`.`satnama`, `kategori`.`katnama`, `produkk`.`stok`
FROM `produk`
JOIN `satuan` ON `satuan`.`satid`=`produkk`.`satid`
JOIN `kategori` ON `kategori`.`katid`=`kategori`.`katid`', [], false)
 4 SYSTEMPATH\Model.php(242): CodeIgniter\Database\BaseBuilder->get()
 5 SYSTEMPATH\BaseModel.php(638): CodeIgniter\Model->doFindAll(0, 0)
 6 APPPATH\Models\Mproduk.php(47): CodeIgniter\BaseModel->findAll()
 7 APPPATH\Controllers\Produk.php(12): App\Models\Mproduk->getAllProduk()
 8 SYSTEMPATH\CodeIgniter.php(941): App\Controllers\Produk->index()
 9 SYSTEMPATH\CodeIgniter.php(502): CodeIgniter\CodeIgniter->runController(Object(App\Controllers\Produk))
10 SYSTEMPATH\CodeIgniter.php(361): CodeIgniter\CodeIgniter->handleRequest(null, Object(Config\Cache), false)
11 FCPATH\index.php(79): CodeIgniter\CodeIgniter->run()
12 SYSTEMPATH\Commands\Server\rewrite.php(47): require_once('C:\\xampp\\htdocs\\ci4\\public\\index.php')
CRITICAL - 2024-02-08 06:25:20 --> [Caused by] mysqli_sql_exception: Unknown column 'produkk.idProduk' in 'field list'
in SYSTEMPATH\Database\MySQLi\Connection.php on line 306.
 1 SYSTEMPATH\Database\MySQLi\Connection.php(306): mysqli->query('SELECT `produkk`.`idProduk`, `produkk`.`kode_produk`, `produkk`.`nama_produk`, `produkk`.`harga_beli`, `produkk`.`harga_jual`, `produkk`.`diskon`, `satuan`.`satnama`, `kategori`.`katnama`, `produkk`.`stok`
FROM `produk`
JOIN `satuan` ON `satuan`.`satid`=`produkk`.`satid`
JOIN `kategori` ON `kategori`.`katid`=`kategori`.`katid`', 0)
 2 SYSTEMPATH\Database\BaseConnection.php(693): CodeIgniter\Database\MySQLi\Connection->execute('SELECT `produkk`.`idProduk`, `produkk`.`kode_produk`, `produkk`.`nama_produk`, `produkk`.`harga_beli`, `produkk`.`harga_jual`, `produkk`.`diskon`, `satuan`.`satnama`, `kategori`.`katnama`, `produkk`.`stok`
FROM `produk`
JOIN `satuan` ON `satuan`.`satid`=`produkk`.`satid`
JOIN `kategori` ON `kategori`.`katid`=`kategori`.`katid`')
 3 SYSTEMPATH\Database\BaseConnection.php(607): CodeIgniter\Database\BaseConnection->simpleQuery('SELECT `produkk`.`idProduk`, `produkk`.`kode_produk`, `produkk`.`nama_produk`, `produkk`.`harga_beli`, `produkk`.`harga_jual`, `produkk`.`diskon`, `satuan`.`satnama`, `kategori`.`katnama`, `produkk`.`stok`
FROM `produk`
JOIN `satuan` ON `satuan`.`satid`=`produkk`.`satid`
JOIN `kategori` ON `kategori`.`katid`=`kategori`.`katid`')
 4 SYSTEMPATH\Database\BaseBuilder.php(1613): CodeIgniter\Database\BaseConnection->query('SELECT `produkk`.`idProduk`, `produkk`.`kode_produk`, `produkk`.`nama_produk`, `produkk`.`harga_beli`, `produkk`.`harga_jual`, `produkk`.`diskon`, `satuan`.`satnama`, `kategori`.`katnama`, `produkk`.`stok`
FROM `produk`
JOIN `satuan` ON `satuan`.`satid`=`produkk`.`satid`
JOIN `kategori` ON `kategori`.`katid`=`kategori`.`katid`', [], false)
 5 SYSTEMPATH\Model.php(242): CodeIgniter\Database\BaseBuilder->get()
 6 SYSTEMPATH\BaseModel.php(638): CodeIgniter\Model->doFindAll(0, 0)
 7 APPPATH\Models\Mproduk.php(47): CodeIgniter\BaseModel->findAll()
 8 APPPATH\Controllers\Produk.php(12): App\Models\Mproduk->getAllProduk()
 9 SYSTEMPATH\CodeIgniter.php(941): App\Controllers\Produk->index()
10 SYSTEMPATH\CodeIgniter.php(502): CodeIgniter\CodeIgniter->runController(Object(App\Controllers\Produk))
11 SYSTEMPATH\CodeIgniter.php(361): CodeIgniter\CodeIgniter->handleRequest(null, Object(Config\Cache), false)
12 FCPATH\index.php(79): CodeIgniter\CodeIgniter->run()
13 SYSTEMPATH\Commands\Server\rewrite.php(47): require_once('C:\\xampp\\htdocs\\ci4\\public\\index.php')
CRITICAL - 2024-02-08 08:03:14 --> ErrorException: Undefined index: nama_user
in APPPATH\Views\pengguna\edit-pengguna.php on line 20.
 1 APPPATH\Views\pengguna\edit-pengguna.php(20): CodeIgniter\Debug\Exceptions->errorHandler(8, 'Undefined index: nama_user', 'C:\\xampp\\htdocs\\ci4\\app\\Views\\pengguna\\edit-pengguna.php', 20, [...])
 2 SYSTEMPATH\View\View.php(228): include('C:\\xampp\\htdocs\\ci4\\app\\Views\\pengguna\\edit-pengguna.php')
 3 SYSTEMPATH\View\View.php(231): CodeIgniter\View\View->CodeIgniter\View\{closure}()
 4 SYSTEMPATH\Common.php(1178): CodeIgniter\View\View->render('pengguna/edit-pengguna', [], true)
 5 APPPATH\Controllers\Pengguna.php(43): view('pengguna/edit-pengguna', [...])
 6 SYSTEMPATH\CodeIgniter.php(941): App\Controllers\Pengguna->editPengguna('1')
 7 SYSTEMPATH\CodeIgniter.php(502): CodeIgniter\CodeIgniter->runController(Object(App\Controllers\Pengguna))
 8 SYSTEMPATH\CodeIgniter.php(361): CodeIgniter\CodeIgniter->handleRequest(null, Object(Config\Cache), false)
 9 FCPATH\index.php(79): CodeIgniter\CodeIgniter->run()
10 SYSTEMPATH\Commands\Server\rewrite.php(47): require_once('C:\\xampp\\htdocs\\ci4\\public\\index.php')
CRITICAL - 2024-02-08 08:03:49 --> ErrorException: Undefined index: Nama_user
in APPPATH\Views\pengguna\edit-pengguna.php on line 20.
 1 APPPATH\Views\pengguna\edit-pengguna.php(20): CodeIgniter\Debug\Exceptions->errorHandler(8, 'Undefined index: Nama_user', 'C:\\xampp\\htdocs\\ci4\\app\\Views\\pengguna\\edit-pengguna.php', 20, [...])
 2 SYSTEMPATH\View\View.php(228): include('C:\\xampp\\htdocs\\ci4\\app\\Views\\pengguna\\edit-pengguna.php')
 3 SYSTEMPATH\View\View.php(231): CodeIgniter\View\View->CodeIgniter\View\{closure}()
 4 SYSTEMPATH\Common.php(1178): CodeIgniter\View\View->render('pengguna/edit-pengguna', [], true)
 5 APPPATH\Controllers\Pengguna.php(43): view('pengguna/edit-pengguna', [...])
 6 SYSTEMPATH\CodeIgniter.php(941): App\Controllers\Pengguna->editPengguna('1')
 7 SYSTEMPATH\CodeIgniter.php(502): CodeIgniter\CodeIgniter->runController(Object(App\Controllers\Pengguna))
 8 SYSTEMPATH\CodeIgniter.php(361): CodeIgniter\CodeIgniter->handleRequest(null, Object(Config\Cache), false)
 9 FCPATH\index.php(79): CodeIgniter\CodeIgniter->run()
10 SYSTEMPATH\Commands\Server\rewrite.php(47): require_once('C:\\xampp\\htdocs\\ci4\\public\\index.php')
CRITICAL - 2024-02-08 08:05:24 --> ErrorException: Undefined index: Nama_user
in APPPATH\Views\pengguna\edit-pengguna.php on line 20.
 1 APPPATH\Views\pengguna\edit-pengguna.php(20): CodeIgniter\Debug\Exceptions->errorHandler(8, 'Undefined index: Nama_user', 'C:\\xampp\\htdocs\\ci4\\app\\Views\\pengguna\\edit-pengguna.php', 20, [...])
 2 SYSTEMPATH\View\View.php(228): include('C:\\xampp\\htdocs\\ci4\\app\\Views\\pengguna\\edit-pengguna.php')
 3 SYSTEMPATH\View\View.php(231): CodeIgniter\View\View->CodeIgniter\View\{closure}()
 4 SYSTEMPATH\Common.php(1178): CodeIgniter\View\View->render('pengguna/edit-pengguna', [], true)
 5 APPPATH\Controllers\Pengguna.php(43): view('pengguna/edit-pengguna', [...])
 6 SYSTEMPATH\CodeIgniter.php(941): App\Controllers\Pengguna->editPengguna('1')
 7 SYSTEMPATH\CodeIgniter.php(502): CodeIgniter\CodeIgniter->runController(Object(App\Controllers\Pengguna))
 8 SYSTEMPATH\CodeIgniter.php(361): CodeIgniter\CodeIgniter->handleRequest(null, Object(Config\Cache), false)
 9 FCPATH\index.php(79): CodeIgniter\CodeIgniter->run()
10 SYSTEMPATH\Commands\Server\rewrite.php(47): require_once('C:\\xampp\\htdocs\\ci4\\public\\index.php')
CRITICAL - 2024-02-08 08:05:25 --> ErrorException: Undefined index: Nama_user
in APPPATH\Views\pengguna\edit-pengguna.php on line 20.
 1 APPPATH\Views\pengguna\edit-pengguna.php(20): CodeIgniter\Debug\Exceptions->errorHandler(8, 'Undefined index: Nama_user', 'C:\\xampp\\htdocs\\ci4\\app\\Views\\pengguna\\edit-pengguna.php', 20, [...])
 2 SYSTEMPATH\View\View.php(228): include('C:\\xampp\\htdocs\\ci4\\app\\Views\\pengguna\\edit-pengguna.php')
 3 SYSTEMPATH\View\View.php(231): CodeIgniter\View\View->CodeIgniter\View\{closure}()
 4 SYSTEMPATH\Common.php(1178): CodeIgniter\View\View->render('pengguna/edit-pengguna', [], true)
 5 APPPATH\Controllers\Pengguna.php(43): view('pengguna/edit-pengguna', [...])
 6 SYSTEMPATH\CodeIgniter.php(941): App\Controllers\Pengguna->editPengguna('1')
 7 SYSTEMPATH\CodeIgniter.php(502): CodeIgniter\CodeIgniter->runController(Object(App\Controllers\Pengguna))
 8 SYSTEMPATH\CodeIgniter.php(361): CodeIgniter\CodeIgniter->handleRequest(null, Object(Config\Cache), false)
 9 FCPATH\index.php(79): CodeIgniter\CodeIgniter->run()
10 SYSTEMPATH\Commands\Server\rewrite.php(47): require_once('C:\\xampp\\htdocs\\ci4\\public\\index.php')
CRITICAL - 2024-02-08 08:05:25 --> ErrorException: Undefined index: Nama_user
in APPPATH\Views\pengguna\edit-pengguna.php on line 20.
 1 APPPATH\Views\pengguna\edit-pengguna.php(20): CodeIgniter\Debug\Exceptions->errorHandler(8, 'Undefined index: Nama_user', 'C:\\xampp\\htdocs\\ci4\\app\\Views\\pengguna\\edit-pengguna.php', 20, [...])
 2 SYSTEMPATH\View\View.php(228): include('C:\\xampp\\htdocs\\ci4\\app\\Views\\pengguna\\edit-pengguna.php')
 3 SYSTEMPATH\View\View.php(231): CodeIgniter\View\View->CodeIgniter\View\{closure}()
 4 SYSTEMPATH\Common.php(1178): CodeIgniter\View\View->render('pengguna/edit-pengguna', [], true)
 5 APPPATH\Controllers\Pengguna.php(43): view('pengguna/edit-pengguna', [...])
 6 SYSTEMPATH\CodeIgniter.php(941): App\Controllers\Pengguna->editPengguna('1')
 7 SYSTEMPATH\CodeIgniter.php(502): CodeIgniter\CodeIgniter->runController(Object(App\Controllers\Pengguna))
 8 SYSTEMPATH\CodeIgniter.php(361): CodeIgniter\CodeIgniter->handleRequest(null, Object(Config\Cache), false)
 9 FCPATH\index.php(79): CodeIgniter\CodeIgniter->run()
10 SYSTEMPATH\Commands\Server\rewrite.php(47): require_once('C:\\xampp\\htdocs\\ci4\\public\\index.php')
CRITICAL - 2024-02-08 08:05:26 --> ErrorException: Undefined index: Nama_user
in APPPATH\Views\pengguna\edit-pengguna.php on line 20.
 1 APPPATH\Views\pengguna\edit-pengguna.php(20): CodeIgniter\Debug\Exceptions->errorHandler(8, 'Undefined index: Nama_user', 'C:\\xampp\\htdocs\\ci4\\app\\Views\\pengguna\\edit-pengguna.php', 20, [...])
 2 SYSTEMPATH\View\View.php(228): include('C:\\xampp\\htdocs\\ci4\\app\\Views\\pengguna\\edit-pengguna.php')
 3 SYSTEMPATH\View\View.php(231): CodeIgniter\View\View->CodeIgniter\View\{closure}()
 4 SYSTEMPATH\Common.php(1178): CodeIgniter\View\View->render('pengguna/edit-pengguna', [], true)
 5 APPPATH\Controllers\Pengguna.php(43): view('pengguna/edit-pengguna', [...])
 6 SYSTEMPATH\CodeIgniter.php(941): App\Controllers\Pengguna->editPengguna('1')
 7 SYSTEMPATH\CodeIgniter.php(502): CodeIgniter\CodeIgniter->runController(Object(App\Controllers\Pengguna))
 8 SYSTEMPATH\CodeIgniter.php(361): CodeIgniter\CodeIgniter->handleRequest(null, Object(Config\Cache), false)
 9 FCPATH\index.php(79): CodeIgniter\CodeIgniter->run()
10 SYSTEMPATH\Commands\Server\rewrite.php(47): require_once('C:\\xampp\\htdocs\\ci4\\public\\index.php')
CRITICAL - 2024-02-08 08:09:18 --> ErrorException: Undefined index: Nama_user
in APPPATH\Views\pengguna\edit-pengguna.php on line 20.
 1 APPPATH\Views\pengguna\edit-pengguna.php(20): CodeIgniter\Debug\Exceptions->errorHandler(8, 'Undefined index: Nama_user', 'C:\\xampp\\htdocs\\ci4\\app\\Views\\pengguna\\edit-pengguna.php', 20, [...])
 2 SYSTEMPATH\View\View.php(228): include('C:\\xampp\\htdocs\\ci4\\app\\Views\\pengguna\\edit-pengguna.php')
 3 SYSTEMPATH\View\View.php(231): CodeIgniter\View\View->CodeIgniter\View\{closure}()
 4 SYSTEMPATH\Common.php(1178): CodeIgniter\View\View->render('pengguna/edit-pengguna', [], true)
 5 APPPATH\Controllers\Pengguna.php(43): view('pengguna/edit-pengguna', [...])
 6 SYSTEMPATH\CodeIgniter.php(941): App\Controllers\Pengguna->editPengguna('1')
 7 SYSTEMPATH\CodeIgniter.php(502): CodeIgniter\CodeIgniter->runController(Object(App\Controllers\Pengguna))
 8 SYSTEMPATH\CodeIgniter.php(361): CodeIgniter\CodeIgniter->handleRequest(null, Object(Config\Cache), false)
 9 FCPATH\index.php(79): CodeIgniter\CodeIgniter->run()
10 SYSTEMPATH\Commands\Server\rewrite.php(47): require_once('C:\\xampp\\htdocs\\ci4\\public\\index.php')
CRITICAL - 2024-02-08 08:09:50 --> ErrorException: Undefined index: Nama_user
in APPPATH\Views\pengguna\edit-pengguna.php on line 20.
 1 APPPATH\Views\pengguna\edit-pengguna.php(20): CodeIgniter\Debug\Exceptions->errorHandler(8, 'Undefined index: Nama_user', 'C:\\xampp\\htdocs\\ci4\\app\\Views\\pengguna\\edit-pengguna.php', 20, [...])
 2 SYSTEMPATH\View\View.php(228): include('C:\\xampp\\htdocs\\ci4\\app\\Views\\pengguna\\edit-pengguna.php')
 3 SYSTEMPATH\View\View.php(231): CodeIgniter\View\View->CodeIgniter\View\{closure}()
 4 SYSTEMPATH\Common.php(1178): CodeIgniter\View\View->render('pengguna/edit-pengguna', [], true)
 5 APPPATH\Controllers\Pengguna.php(43): view('pengguna/edit-pengguna', [...])
 6 SYSTEMPATH\CodeIgniter.php(941): App\Controllers\Pengguna->editPengguna('1')
 7 SYSTEMPATH\CodeIgniter.php(502): CodeIgniter\CodeIgniter->runController(Object(App\Controllers\Pengguna))
 8 SYSTEMPATH\CodeIgniter.php(361): CodeIgniter\CodeIgniter->handleRequest(null, Object(Config\Cache), false)
 9 FCPATH\index.php(79): CodeIgniter\CodeIgniter->run()
10 SYSTEMPATH\Commands\Server\rewrite.php(47): require_once('C:\\xampp\\htdocs\\ci4\\public\\index.php')
CRITICAL - 2024-02-08 08:09:52 --> ErrorException: Undefined index: Nama_user
in APPPATH\Views\pengguna\edit-pengguna.php on line 20.
 1 APPPATH\Views\pengguna\edit-pengguna.php(20): CodeIgniter\Debug\Exceptions->errorHandler(8, 'Undefined index: Nama_user', 'C:\\xampp\\htdocs\\ci4\\app\\Views\\pengguna\\edit-pengguna.php', 20, [...])
 2 SYSTEMPATH\View\View.php(228): include('C:\\xampp\\htdocs\\ci4\\app\\Views\\pengguna\\edit-pengguna.php')
 3 SYSTEMPATH\View\View.php(231): CodeIgniter\View\View->CodeIgniter\View\{closure}()
 4 SYSTEMPATH\Common.php(1178): CodeIgniter\View\View->render('pengguna/edit-pengguna', [], true)
 5 APPPATH\Controllers\Pengguna.php(43): view('pengguna/edit-pengguna', [...])
 6 SYSTEMPATH\CodeIgniter.php(941): App\Controllers\Pengguna->editPengguna('1')
 7 SYSTEMPATH\CodeIgniter.php(502): CodeIgniter\CodeIgniter->runController(Object(App\Controllers\Pengguna))
 8 SYSTEMPATH\CodeIgniter.php(361): CodeIgniter\CodeIgniter->handleRequest(null, Object(Config\Cache), false)
 9 FCPATH\index.php(79): CodeIgniter\CodeIgniter->run()
10 SYSTEMPATH\Commands\Server\rewrite.php(47): require_once('C:\\xampp\\htdocs\\ci4\\public\\index.php')
CRITICAL - 2024-02-08 08:09:57 --> ErrorException: Undefined index: Nama_user
in APPPATH\Views\pengguna\edit-pengguna.php on line 20.
 1 APPPATH\Views\pengguna\edit-pengguna.php(20): CodeIgniter\Debug\Exceptions->errorHandler(8, 'Undefined index: Nama_user', 'C:\\xampp\\htdocs\\ci4\\app\\Views\\pengguna\\edit-pengguna.php', 20, [...])
 2 SYSTEMPATH\View\View.php(228): include('C:\\xampp\\htdocs\\ci4\\app\\Views\\pengguna\\edit-pengguna.php')
 3 SYSTEMPATH\View\View.php(231): CodeIgniter\View\View->CodeIgniter\View\{closure}()
 4 SYSTEMPATH\Common.php(1178): CodeIgniter\View\View->render('pengguna/edit-pengguna', [], true)
 5 APPPATH\Controllers\Pengguna.php(43): view('pengguna/edit-pengguna', [...])
 6 SYSTEMPATH\CodeIgniter.php(941): App\Controllers\Pengguna->editPengguna('1')
 7 SYSTEMPATH\CodeIgniter.php(502): CodeIgniter\CodeIgniter->runController(Object(App\Controllers\Pengguna))
 8 SYSTEMPATH\CodeIgniter.php(361): CodeIgniter\CodeIgniter->handleRequest(null, Object(Config\Cache), false)
 9 FCPATH\index.php(79): CodeIgniter\CodeIgniter->run()
10 SYSTEMPATH\Commands\Server\rewrite.php(47): require_once('C:\\xampp\\htdocs\\ci4\\public\\index.php')
CRITICAL - 2024-02-08 08:10:42 --> ErrorException: Undefined index: Nama_user
in APPPATH\Views\pengguna\edit-pengguna.php on line 20.
 1 APPPATH\Views\pengguna\edit-pengguna.php(20): CodeIgniter\Debug\Exceptions->errorHandler(8, 'Undefined index: Nama_user', 'C:\\xampp\\htdocs\\ci4\\app\\Views\\pengguna\\edit-pengguna.php', 20, [...])
 2 SYSTEMPATH\View\View.php(228): include('C:\\xampp\\htdocs\\ci4\\app\\Views\\pengguna\\edit-pengguna.php')
 3 SYSTEMPATH\View\View.php(231): CodeIgniter\View\View->CodeIgniter\View\{closure}()
 4 SYSTEMPATH\Common.php(1178): CodeIgniter\View\View->render('pengguna/edit-pengguna', [], true)
 5 APPPATH\Controllers\Pengguna.php(43): view('pengguna/edit-pengguna', [...])
 6 SYSTEMPATH\CodeIgniter.php(941): App\Controllers\Pengguna->editPengguna('1')
 7 SYSTEMPATH\CodeIgniter.php(502): CodeIgniter\CodeIgniter->runController(Object(App\Controllers\Pengguna))
 8 SYSTEMPATH\CodeIgniter.php(361): CodeIgniter\CodeIgniter->handleRequest(null, Object(Config\Cache), false)
 9 FCPATH\index.php(79): CodeIgniter\CodeIgniter->run()
10 SYSTEMPATH\Commands\Server\rewrite.php(47): require_once('C:\\xampp\\htdocs\\ci4\\public\\index.php')
CRITICAL - 2024-02-08 08:11:11 --> ErrorException: Undefined index: Nama_user
in APPPATH\Views\pengguna\edit-pengguna.php on line 20.
 1 APPPATH\Views\pengguna\edit-pengguna.php(20): CodeIgniter\Debug\Exceptions->errorHandler(8, 'Undefined index: Nama_user', 'C:\\xampp\\htdocs\\ci4\\app\\Views\\pengguna\\edit-pengguna.php', 20, [...])
 2 SYSTEMPATH\View\View.php(228): include('C:\\xampp\\htdocs\\ci4\\app\\Views\\pengguna\\edit-pengguna.php')
 3 SYSTEMPATH\View\View.php(231): CodeIgniter\View\View->CodeIgniter\View\{closure}()
 4 SYSTEMPATH\Common.php(1178): CodeIgniter\View\View->render('pengguna/edit-pengguna', [], true)
 5 APPPATH\Controllers\Pengguna.php(43): view('pengguna/edit-pengguna', [...])
 6 SYSTEMPATH\CodeIgniter.php(941): App\Controllers\Pengguna->editPengguna('1')
 7 SYSTEMPATH\CodeIgniter.php(502): CodeIgniter\CodeIgniter->runController(Object(App\Controllers\Pengguna))
 8 SYSTEMPATH\CodeIgniter.php(361): CodeIgniter\CodeIgniter->handleRequest(null, Object(Config\Cache), false)
 9 FCPATH\index.php(79): CodeIgniter\CodeIgniter->run()
10 SYSTEMPATH\Commands\Server\rewrite.php(47): require_once('C:\\xampp\\htdocs\\ci4\\public\\index.php')
ERROR - 2024-02-08 08:33:06 --> mysqli_sql_exception: Column 'kode_produk' cannot be null in C:\xampp\htdocs\ci4\vendor\codeigniter4\framework\system\Database\MySQLi\Connection.php:306
Stack trace:
#0 C:\xampp\htdocs\ci4\vendor\codeigniter4\framework\system\Database\MySQLi\Connection.php(306): mysqli->query('INSERT INTO `pr...', 0)
#1 C:\xampp\htdocs\ci4\vendor\codeigniter4\framework\system\Database\BaseConnection.php(693): CodeIgniter\Database\MySQLi\Connection->execute('INSERT INTO `pr...')
#2 C:\xampp\htdocs\ci4\vendor\codeigniter4\framework\system\Database\BaseConnection.php(607): CodeIgniter\Database\BaseConnection->simpleQuery('INSERT INTO `pr...')
#3 C:\xampp\htdocs\ci4\vendor\codeigniter4\framework\system\Database\BaseBuilder.php(2302): CodeIgniter\Database\BaseConnection->query('INSERT INTO `pr...', Array, false)
#4 C:\xampp\htdocs\ci4\vendor\codeigniter4\framework\system\Model.php(326): CodeIgniter\Database\BaseBuilder->insert()
#5 C:\xampp\htdocs\ci4\vendor\codeigniter4\framework\system\BaseModel.php(802): CodeIgniter\Model->doInsert(Array)
#6 C:\xampp\htdocs\ci4\vendor\codeigniter4\framework\system\Model.php(744): CodeIgniter\BaseModel->insert(Array, true)
#7 C:\xampp\htdocs\ci4\app\Controllers\Produk.php(34): CodeIgniter\Model->insert(Array)
#8 C:\xampp\htdocs\ci4\vendor\codeigniter4\framework\system\CodeIgniter.php(941): App\Controllers\Produk->simpanProduk()
#9 C:\xampp\htdocs\ci4\vendor\codeigniter4\framework\system\CodeIgniter.php(502): CodeIgniter\CodeIgniter->runController(Object(App\Controllers\Produk))
#10 C:\xampp\htdocs\ci4\vendor\codeigniter4\framework\system\CodeIgniter.php(361): CodeIgniter\CodeIgniter->handleRequest(NULL, Object(Config\Cache), false)
#11 C:\xampp\htdocs\ci4\public\index.php(79): CodeIgniter\CodeIgniter->run()
#12 C:\xampp\htdocs\ci4\vendor\codeigniter4\framework\system\Commands\Server\rewrite.php(47): require_once('C:\\xampp\\htdocs...')
#13 {main}
CRITICAL - 2024-02-08 08:33:06 --> CodeIgniter\Database\Exceptions\DatabaseException: Column 'kode_produk' cannot be null
in SYSTEMPATH\Database\BaseConnection.php on line 647.
 1 SYSTEMPATH\Database\BaseBuilder.php(2302): CodeIgniter\Database\BaseConnection->query('INSERT INTO `produk` (`kode_produk`, `nama_produk`, `harga_beli`, `harga_jual`, `diskon`, `katid`, `satid`, `stok`) VALUES (:kode_produk:, :nama_produk:, :harga_beli:, :harga_jual:, :diskon:, :katid:, :satid:, :stok:)', [...], false)
 2 SYSTEMPATH\Model.php(326): CodeIgniter\Database\BaseBuilder->insert()
 3 SYSTEMPATH\BaseModel.php(802): CodeIgniter\Model->doInsert([...])
 4 SYSTEMPATH\Model.php(744): CodeIgniter\BaseModel->insert([...], true)
 5 APPPATH\Controllers\Produk.php(34): CodeIgniter\Model->insert([...])
 6 SYSTEMPATH\CodeIgniter.php(941): App\Controllers\Produk->simpanProduk()
 7 SYSTEMPATH\CodeIgniter.php(502): CodeIgniter\CodeIgniter->runController(Object(App\Controllers\Produk))
 8 SYSTEMPATH\CodeIgniter.php(361): CodeIgniter\CodeIgniter->handleRequest(null, Object(Config\Cache), false)
 9 FCPATH\index.php(79): CodeIgniter\CodeIgniter->run()
10 SYSTEMPATH\Commands\Server\rewrite.php(47): require_once('C:\\xampp\\htdocs\\ci4\\public\\index.php')
CRITICAL - 2024-02-08 08:33:06 --> [Caused by] CodeIgniter\Database\Exceptions\DatabaseException: Column 'kode_produk' cannot be null
in SYSTEMPATH\Database\MySQLi\Connection.php on line 311.
 1 SYSTEMPATH\Database\BaseConnection.php(693): CodeIgniter\Database\MySQLi\Connection->execute('INSERT INTO `produk` (`kode_produk`, `nama_produk`, `harga_beli`, `harga_jual`, `diskon`, `katid`, `satid`, `stok`) VALUES (NULL, NULL, NULL, NULL, NULL, NULL, NULL, NULL)')
 2 SYSTEMPATH\Database\BaseConnection.php(607): CodeIgniter\Database\BaseConnection->simpleQuery('INSERT INTO `produk` (`kode_produk`, `nama_produk`, `harga_beli`, `harga_jual`, `diskon`, `katid`, `satid`, `stok`) VALUES (NULL, NULL, NULL, NULL, NULL, NULL, NULL, NULL)')
 3 SYSTEMPATH\Database\BaseBuilder.php(2302): CodeIgniter\Database\BaseConnection->query('INSERT INTO `produk` (`kode_produk`, `nama_produk`, `harga_beli`, `harga_jual`, `diskon`, `katid`, `satid`, `stok`) VALUES (:kode_produk:, :nama_produk:, :harga_beli:, :harga_jual:, :diskon:, :katid:, :satid:, :stok:)', [...], false)
 4 SYSTEMPATH\Model.php(326): CodeIgniter\Database\BaseBuilder->insert()
 5 SYSTEMPATH\BaseModel.php(802): CodeIgniter\Model->doInsert([...])
 6 SYSTEMPATH\Model.php(744): CodeIgniter\BaseModel->insert([...], true)
 7 APPPATH\Controllers\Produk.php(34): CodeIgniter\Model->insert([...])
 8 SYSTEMPATH\CodeIgniter.php(941): App\Controllers\Produk->simpanProduk()
 9 SYSTEMPATH\CodeIgniter.php(502): CodeIgniter\CodeIgniter->runController(Object(App\Controllers\Produk))
10 SYSTEMPATH\CodeIgniter.php(361): CodeIgniter\CodeIgniter->handleRequest(null, Object(Config\Cache), false)
11 FCPATH\index.php(79): CodeIgniter\CodeIgniter->run()
12 SYSTEMPATH\Commands\Server\rewrite.php(47): require_once('C:\\xampp\\htdocs\\ci4\\public\\index.php')
CRITICAL - 2024-02-08 08:33:06 --> [Caused by] mysqli_sql_exception: Column 'kode_produk' cannot be null
in SYSTEMPATH\Database\MySQLi\Connection.php on line 306.
 1 SYSTEMPATH\Database\MySQLi\Connection.php(306): mysqli->query('INSERT INTO `produk` (`kode_produk`, `nama_produk`, `harga_beli`, `harga_jual`, `diskon`, `katid`, `satid`, `stok`) VALUES (NULL, NULL, NULL, NULL, NULL, NULL, NULL, NULL)', 0)
 2 SYSTEMPATH\Database\BaseConnection.php(693): CodeIgniter\Database\MySQLi\Connection->execute('INSERT INTO `produk` (`kode_produk`, `nama_produk`, `harga_beli`, `harga_jual`, `diskon`, `katid`, `satid`, `stok`) VALUES (NULL, NULL, NULL, NULL, NULL, NULL, NULL, NULL)')
 3 SYSTEMPATH\Database\BaseConnection.php(607): CodeIgniter\Database\BaseConnection->simpleQuery('INSERT INTO `produk` (`kode_produk`, `nama_produk`, `harga_beli`, `harga_jual`, `diskon`, `katid`, `satid`, `stok`) VALUES (NULL, NULL, NULL, NULL, NULL, NULL, NULL, NULL)')
 4 SYSTEMPATH\Database\BaseBuilder.php(2302): CodeIgniter\Database\BaseConnection->query('INSERT INTO `produk` (`kode_produk`, `nama_produk`, `harga_beli`, `harga_jual`, `diskon`, `katid`, `satid`, `stok`) VALUES (:kode_produk:, :nama_produk:, :harga_beli:, :harga_jual:, :diskon:, :katid:, :satid:, :stok:)', [...], false)
 5 SYSTEMPATH\Model.php(326): CodeIgniter\Database\BaseBuilder->insert()
 6 SYSTEMPATH\BaseModel.php(802): CodeIgniter\Model->doInsert([...])
 7 SYSTEMPATH\Model.php(744): CodeIgniter\BaseModel->insert([...], true)
 8 APPPATH\Controllers\Produk.php(34): CodeIgniter\Model->insert([...])
 9 SYSTEMPATH\CodeIgniter.php(941): App\Controllers\Produk->simpanProduk()
10 SYSTEMPATH\CodeIgniter.php(502): CodeIgniter\CodeIgniter->runController(Object(App\Controllers\Produk))
11 SYSTEMPATH\CodeIgniter.php(361): CodeIgniter\CodeIgniter->handleRequest(null, Object(Config\Cache), false)
12 FCPATH\index.php(79): CodeIgniter\CodeIgniter->run()
13 SYSTEMPATH\Commands\Server\rewrite.php(47): require_once('C:\\xampp\\htdocs\\ci4\\public\\index.php')
ERROR - 2024-02-08 08:34:04 --> mysqli_sql_exception: Column 'nama_produk' cannot be null in C:\xampp\htdocs\ci4\vendor\codeigniter4\framework\system\Database\MySQLi\Connection.php:306
Stack trace:
#0 C:\xampp\htdocs\ci4\vendor\codeigniter4\framework\system\Database\MySQLi\Connection.php(306): mysqli->query('INSERT INTO `pr...', 0)
#1 C:\xampp\htdocs\ci4\vendor\codeigniter4\framework\system\Database\BaseConnection.php(693): CodeIgniter\Database\MySQLi\Connection->execute('INSERT INTO `pr...')
#2 C:\xampp\htdocs\ci4\vendor\codeigniter4\framework\system\Database\BaseConnection.php(607): CodeIgniter\Database\BaseConnection->simpleQuery('INSERT INTO `pr...')
#3 C:\xampp\htdocs\ci4\vendor\codeigniter4\framework\system\Database\BaseBuilder.php(2302): CodeIgniter\Database\BaseConnection->query('INSERT INTO `pr...', Array, false)
#4 C:\xampp\htdocs\ci4\vendor\codeigniter4\framework\system\Model.php(326): CodeIgniter\Database\BaseBuilder->insert()
#5 C:\xampp\htdocs\ci4\vendor\codeigniter4\framework\system\BaseModel.php(802): CodeIgniter\Model->doInsert(Array)
#6 C:\xampp\htdocs\ci4\vendor\codeigniter4\framework\system\Model.php(744): CodeIgniter\BaseModel->insert(Array, true)
#7 C:\xampp\htdocs\ci4\app\Controllers\Produk.php(34): CodeIgniter\Model->insert(Array)
#8 C:\xampp\htdocs\ci4\vendor\codeigniter4\framework\system\CodeIgniter.php(941): App\Controllers\Produk->simpanProduk()
#9 C:\xampp\htdocs\ci4\vendor\codeigniter4\framework\system\CodeIgniter.php(502): CodeIgniter\CodeIgniter->runController(Object(App\Controllers\Produk))
#10 C:\xampp\htdocs\ci4\vendor\codeigniter4\framework\system\CodeIgniter.php(361): CodeIgniter\CodeIgniter->handleRequest(NULL, Object(Config\Cache), false)
#11 C:\xampp\htdocs\ci4\public\index.php(79): CodeIgniter\CodeIgniter->run()
#12 C:\xampp\htdocs\ci4\vendor\codeigniter4\framework\system\Commands\Server\rewrite.php(47): require_once('C:\\xampp\\htdocs...')
#13 {main}
CRITICAL - 2024-02-08 08:34:04 --> CodeIgniter\Database\Exceptions\DatabaseException: Column 'nama_produk' cannot be null
in SYSTEMPATH\Database\BaseConnection.php on line 647.
 1 SYSTEMPATH\Database\BaseBuilder.php(2302): CodeIgniter\Database\BaseConnection->query('INSERT INTO `produk` (`kode_produk`, `nama_produk`, `harga_beli`, `harga_jual`, `diskon`, `katid`, `satid`, `stok`) VALUES (:kode_produk:, :nama_produk:, :harga_beli:, :harga_jual:, :diskon:, :katid:, :satid:, :stok:)', [...], false)
 2 SYSTEMPATH\Model.php(326): CodeIgniter\Database\BaseBuilder->insert()
 3 SYSTEMPATH\BaseModel.php(802): CodeIgniter\Model->doInsert([...])
 4 SYSTEMPATH\Model.php(744): CodeIgniter\BaseModel->insert([...], true)
 5 APPPATH\Controllers\Produk.php(34): CodeIgniter\Model->insert([...])
 6 SYSTEMPATH\CodeIgniter.php(941): App\Controllers\Produk->simpanProduk()
 7 SYSTEMPATH\CodeIgniter.php(502): CodeIgniter\CodeIgniter->runController(Object(App\Controllers\Produk))
 8 SYSTEMPATH\CodeIgniter.php(361): CodeIgniter\CodeIgniter->handleRequest(null, Object(Config\Cache), false)
 9 FCPATH\index.php(79): CodeIgniter\CodeIgniter->run()
10 SYSTEMPATH\Commands\Server\rewrite.php(47): require_once('C:\\xampp\\htdocs\\ci4\\public\\index.php')
CRITICAL - 2024-02-08 08:34:04 --> [Caused by] CodeIgniter\Database\Exceptions\DatabaseException: Column 'nama_produk' cannot be null
in SYSTEMPATH\Database\MySQLi\Connection.php on line 311.
 1 SYSTEMPATH\Database\BaseConnection.php(693): CodeIgniter\Database\MySQLi\Connection->execute('INSERT INTO `produk` (`kode_produk`, `nama_produk`, `harga_beli`, `harga_jual`, `diskon`, `katid`, `satid`, `stok`) VALUES (\'rr\', NULL, NULL, NULL, NULL, NULL, NULL, NULL)')
 2 SYSTEMPATH\Database\BaseConnection.php(607): CodeIgniter\Database\BaseConnection->simpleQuery('INSERT INTO `produk` (`kode_produk`, `nama_produk`, `harga_beli`, `harga_jual`, `diskon`, `katid`, `satid`, `stok`) VALUES (\'rr\', NULL, NULL, NULL, NULL, NULL, NULL, NULL)')
 3 SYSTEMPATH\Database\BaseBuilder.php(2302): CodeIgniter\Database\BaseConnection->query('INSERT INTO `produk` (`kode_produk`, `nama_produk`, `harga_beli`, `harga_jual`, `diskon`, `katid`, `satid`, `stok`) VALUES (:kode_produk:, :nama_produk:, :harga_beli:, :harga_jual:, :diskon:, :katid:, :satid:, :stok:)', [...], false)
 4 SYSTEMPATH\Model.php(326): CodeIgniter\Database\BaseBuilder->insert()
 5 SYSTEMPATH\BaseModel.php(802): CodeIgniter\Model->doInsert([...])
 6 SYSTEMPATH\Model.php(744): CodeIgniter\BaseModel->insert([...], true)
 7 APPPATH\Controllers\Produk.php(34): CodeIgniter\Model->insert([...])
 8 SYSTEMPATH\CodeIgniter.php(941): App\Controllers\Produk->simpanProduk()
 9 SYSTEMPATH\CodeIgniter.php(502): CodeIgniter\CodeIgniter->runController(Object(App\Controllers\Produk))
10 SYSTEMPATH\CodeIgniter.php(361): CodeIgniter\CodeIgniter->handleRequest(null, Object(Config\Cache), false)
11 FCPATH\index.php(79): CodeIgniter\CodeIgniter->run()
12 SYSTEMPATH\Commands\Server\rewrite.php(47): require_once('C:\\xampp\\htdocs\\ci4\\public\\index.php')
CRITICAL - 2024-02-08 08:34:04 --> [Caused by] mysqli_sql_exception: Column 'nama_produk' cannot be null
in SYSTEMPATH\Database\MySQLi\Connection.php on line 306.
 1 SYSTEMPATH\Database\MySQLi\Connection.php(306): mysqli->query('INSERT INTO `produk` (`kode_produk`, `nama_produk`, `harga_beli`, `harga_jual`, `diskon`, `katid`, `satid`, `stok`) VALUES (\'rr\', NULL, NULL, NULL, NULL, NULL, NULL, NULL)', 0)
 2 SYSTEMPATH\Database\BaseConnection.php(693): CodeIgniter\Database\MySQLi\Connection->execute('INSERT INTO `produk` (`kode_produk`, `nama_produk`, `harga_beli`, `harga_jual`, `diskon`, `katid`, `satid`, `stok`) VALUES (\'rr\', NULL, NULL, NULL, NULL, NULL, NULL, NULL)')
 3 SYSTEMPATH\Database\BaseConnection.php(607): CodeIgniter\Database\BaseConnection->simpleQuery('INSERT INTO `produk` (`kode_produk`, `nama_produk`, `harga_beli`, `harga_jual`, `diskon`, `katid`, `satid`, `stok`) VALUES (\'rr\', NULL, NULL, NULL, NULL, NULL, NULL, NULL)')
 4 SYSTEMPATH\Database\BaseBuilder.php(2302): CodeIgniter\Database\BaseConnection->query('INSERT INTO `produk` (`kode_produk`, `nama_produk`, `harga_beli`, `harga_jual`, `diskon`, `katid`, `satid`, `stok`) VALUES (:kode_produk:, :nama_produk:, :harga_beli:, :harga_jual:, :diskon:, :katid:, :satid:, :stok:)', [...], false)
 5 SYSTEMPATH\Model.php(326): CodeIgniter\Database\BaseBuilder->insert()
 6 SYSTEMPATH\BaseModel.php(802): CodeIgniter\Model->doInsert([...])
 7 SYSTEMPATH\Model.php(744): CodeIgniter\BaseModel->insert([...], true)
 8 APPPATH\Controllers\Produk.php(34): CodeIgniter\Model->insert([...])
 9 SYSTEMPATH\CodeIgniter.php(941): App\Controllers\Produk->simpanProduk()
10 SYSTEMPATH\CodeIgniter.php(502): CodeIgniter\CodeIgniter->runController(Object(App\Controllers\Produk))
11 SYSTEMPATH\CodeIgniter.php(361): CodeIgniter\CodeIgniter->handleRequest(null, Object(Config\Cache), false)
12 FCPATH\index.php(79): CodeIgniter\CodeIgniter->run()
13 SYSTEMPATH\Commands\Server\rewrite.php(47): require_once('C:\\xampp\\htdocs\\ci4\\public\\index.php')
ERROR - 2024-02-08 08:34:27 --> mysqli_sql_exception: Column 'nama_produk' cannot be null in C:\xampp\htdocs\ci4\vendor\codeigniter4\framework\system\Database\MySQLi\Connection.php:306
Stack trace:
#0 C:\xampp\htdocs\ci4\vendor\codeigniter4\framework\system\Database\MySQLi\Connection.php(306): mysqli->query('INSERT INTO `pr...', 0)
#1 C:\xampp\htdocs\ci4\vendor\codeigniter4\framework\system\Database\BaseConnection.php(693): CodeIgniter\Database\MySQLi\Connection->execute('INSERT INTO `pr...')
#2 C:\xampp\htdocs\ci4\vendor\codeigniter4\framework\system\Database\BaseConnection.php(607): CodeIgniter\Database\BaseConnection->simpleQuery('INSERT INTO `pr...')
#3 C:\xampp\htdocs\ci4\vendor\codeigniter4\framework\system\Database\BaseBuilder.php(2302): CodeIgniter\Database\BaseConnection->query('INSERT INTO `pr...', Array, false)
#4 C:\xampp\htdocs\ci4\vendor\codeigniter4\framework\system\Model.php(326): CodeIgniter\Database\BaseBuilder->insert()
#5 C:\xampp\htdocs\ci4\vendor\codeigniter4\framework\system\BaseModel.php(802): CodeIgniter\Model->doInsert(Array)
#6 C:\xampp\htdocs\ci4\vendor\codeigniter4\framework\system\Model.php(744): CodeIgniter\BaseModel->insert(Array, true)
#7 C:\xampp\htdocs\ci4\app\Controllers\Produk.php(34): CodeIgniter\Model->insert(Array)
#8 C:\xampp\htdocs\ci4\vendor\codeigniter4\framework\system\CodeIgniter.php(941): App\Controllers\Produk->simpanProduk()
#9 C:\xampp\htdocs\ci4\vendor\codeigniter4\framework\system\CodeIgniter.php(502): CodeIgniter\CodeIgniter->runController(Object(App\Controllers\Produk))
#10 C:\xampp\htdocs\ci4\vendor\codeigniter4\framework\system\CodeIgniter.php(361): CodeIgniter\CodeIgniter->handleRequest(NULL, Object(Config\Cache), false)
#11 C:\xampp\htdocs\ci4\public\index.php(79): CodeIgniter\CodeIgniter->run()
#12 C:\xampp\htdocs\ci4\vendor\codeigniter4\framework\system\Commands\Server\rewrite.php(47): require_once('C:\\xampp\\htdocs...')
#13 {main}
CRITICAL - 2024-02-08 08:34:27 --> CodeIgniter\Database\Exceptions\DatabaseException: Column 'nama_produk' cannot be null
in SYSTEMPATH\Database\BaseConnection.php on line 647.
 1 SYSTEMPATH\Database\BaseBuilder.php(2302): CodeIgniter\Database\BaseConnection->query('INSERT INTO `produk` (`kode_produk`, `nama_produk`, `harga_beli`, `harga_jual`, `diskon`, `katid`, `satid`, `stok`) VALUES (:kode_produk:, :nama_produk:, :harga_beli:, :harga_jual:, :diskon:, :katid:, :satid:, :stok:)', [...], false)
 2 SYSTEMPATH\Model.php(326): CodeIgniter\Database\BaseBuilder->insert()
 3 SYSTEMPATH\BaseModel.php(802): CodeIgniter\Model->doInsert([...])
 4 SYSTEMPATH\Model.php(744): CodeIgniter\BaseModel->insert([...], true)
 5 APPPATH\Controllers\Produk.php(34): CodeIgniter\Model->insert([...])
 6 SYSTEMPATH\CodeIgniter.php(941): App\Controllers\Produk->simpanProduk()
 7 SYSTEMPATH\CodeIgniter.php(502): CodeIgniter\CodeIgniter->runController(Object(App\Controllers\Produk))
 8 SYSTEMPATH\CodeIgniter.php(361): CodeIgniter\CodeIgniter->handleRequest(null, Object(Config\Cache), false)
 9 FCPATH\index.php(79): CodeIgniter\CodeIgniter->run()
10 SYSTEMPATH\Commands\Server\rewrite.php(47): require_once('C:\\xampp\\htdocs\\ci4\\public\\index.php')
CRITICAL - 2024-02-08 08:34:27 --> [Caused by] CodeIgniter\Database\Exceptions\DatabaseException: Column 'nama_produk' cannot be null
in SYSTEMPATH\Database\MySQLi\Connection.php on line 311.
 1 SYSTEMPATH\Database\BaseConnection.php(693): CodeIgniter\Database\MySQLi\Connection->execute('INSERT INTO `produk` (`kode_produk`, `nama_produk`, `harga_beli`, `harga_jual`, `diskon`, `katid`, `satid`, `stok`) VALUES (\'rr\', NULL, NULL, NULL, NULL, NULL, NULL, NULL)')
 2 SYSTEMPATH\Database\BaseConnection.php(607): CodeIgniter\Database\BaseConnection->simpleQuery('INSERT INTO `produk` (`kode_produk`, `nama_produk`, `harga_beli`, `harga_jual`, `diskon`, `katid`, `satid`, `stok`) VALUES (\'rr\', NULL, NULL, NULL, NULL, NULL, NULL, NULL)')
 3 SYSTEMPATH\Database\BaseBuilder.php(2302): CodeIgniter\Database\BaseConnection->query('INSERT INTO `produk` (`kode_produk`, `nama_produk`, `harga_beli`, `harga_jual`, `diskon`, `katid`, `satid`, `stok`) VALUES (:kode_produk:, :nama_produk:, :harga_beli:, :harga_jual:, :diskon:, :katid:, :satid:, :stok:)', [...], false)
 4 SYSTEMPATH\Model.php(326): CodeIgniter\Database\BaseBuilder->insert()
 5 SYSTEMPATH\BaseModel.php(802): CodeIgniter\Model->doInsert([...])
 6 SYSTEMPATH\Model.php(744): CodeIgniter\BaseModel->insert([...], true)
 7 APPPATH\Controllers\Produk.php(34): CodeIgniter\Model->insert([...])
 8 SYSTEMPATH\CodeIgniter.php(941): App\Controllers\Produk->simpanProduk()
 9 SYSTEMPATH\CodeIgniter.php(502): CodeIgniter\CodeIgniter->runController(Object(App\Controllers\Produk))
10 SYSTEMPATH\CodeIgniter.php(361): CodeIgniter\CodeIgniter->handleRequest(null, Object(Config\Cache), false)
11 FCPATH\index.php(79): CodeIgniter\CodeIgniter->run()
12 SYSTEMPATH\Commands\Server\rewrite.php(47): require_once('C:\\xampp\\htdocs\\ci4\\public\\index.php')
CRITICAL - 2024-02-08 08:34:27 --> [Caused by] mysqli_sql_exception: Column 'nama_produk' cannot be null
in SYSTEMPATH\Database\MySQLi\Connection.php on line 306.
 1 SYSTEMPATH\Database\MySQLi\Connection.php(306): mysqli->query('INSERT INTO `produk` (`kode_produk`, `nama_produk`, `harga_beli`, `harga_jual`, `diskon`, `katid`, `satid`, `stok`) VALUES (\'rr\', NULL, NULL, NULL, NULL, NULL, NULL, NULL)', 0)
 2 SYSTEMPATH\Database\BaseConnection.php(693): CodeIgniter\Database\MySQLi\Connection->execute('INSERT INTO `produk` (`kode_produk`, `nama_produk`, `harga_beli`, `harga_jual`, `diskon`, `katid`, `satid`, `stok`) VALUES (\'rr\', NULL, NULL, NULL, NULL, NULL, NULL, NULL)')
 3 SYSTEMPATH\Database\BaseConnection.php(607): CodeIgniter\Database\BaseConnection->simpleQuery('INSERT INTO `produk` (`kode_produk`, `nama_produk`, `harga_beli`, `harga_jual`, `diskon`, `katid`, `satid`, `stok`) VALUES (\'rr\', NULL, NULL, NULL, NULL, NULL, NULL, NULL)')
 4 SYSTEMPATH\Database\BaseBuilder.php(2302): CodeIgniter\Database\BaseConnection->query('INSERT INTO `produk` (`kode_produk`, `nama_produk`, `harga_beli`, `harga_jual`, `diskon`, `katid`, `satid`, `stok`) VALUES (:kode_produk:, :nama_produk:, :harga_beli:, :harga_jual:, :diskon:, :katid:, :satid:, :stok:)', [...], false)
 5 SYSTEMPATH\Model.php(326): CodeIgniter\Database\BaseBuilder->insert()
 6 SYSTEMPATH\BaseModel.php(802): CodeIgniter\Model->doInsert([...])
 7 SYSTEMPATH\Model.php(744): CodeIgniter\BaseModel->insert([...], true)
 8 APPPATH\Controllers\Produk.php(34): CodeIgniter\Model->insert([...])
 9 SYSTEMPATH\CodeIgniter.php(941): App\Controllers\Produk->simpanProduk()
10 SYSTEMPATH\CodeIgniter.php(502): CodeIgniter\CodeIgniter->runController(Object(App\Controllers\Produk))
11 SYSTEMPATH\CodeIgniter.php(361): CodeIgniter\CodeIgniter->handleRequest(null, Object(Config\Cache), false)
12 FCPATH\index.php(79): CodeIgniter\CodeIgniter->run()
13 SYSTEMPATH\Commands\Server\rewrite.php(47): require_once('C:\\xampp\\htdocs\\ci4\\public\\index.php')
ERROR - 2024-02-08 08:34:31 --> mysqli_sql_exception: Column 'nama_produk' cannot be null in C:\xampp\htdocs\ci4\vendor\codeigniter4\framework\system\Database\MySQLi\Connection.php:306
Stack trace:
#0 C:\xampp\htdocs\ci4\vendor\codeigniter4\framework\system\Database\MySQLi\Connection.php(306): mysqli->query('INSERT INTO `pr...', 0)
#1 C:\xampp\htdocs\ci4\vendor\codeigniter4\framework\system\Database\BaseConnection.php(693): CodeIgniter\Database\MySQLi\Connection->execute('INSERT INTO `pr...')
#2 C:\xampp\htdocs\ci4\vendor\codeigniter4\framework\system\Database\BaseConnection.php(607): CodeIgniter\Database\BaseConnection->simpleQuery('INSERT INTO `pr...')
#3 C:\xampp\htdocs\ci4\vendor\codeigniter4\framework\system\Database\BaseBuilder.php(2302): CodeIgniter\Database\BaseConnection->query('INSERT INTO `pr...', Array, false)
#4 C:\xampp\htdocs\ci4\vendor\codeigniter4\framework\system\Model.php(326): CodeIgniter\Database\BaseBuilder->insert()
#5 C:\xampp\htdocs\ci4\vendor\codeigniter4\framework\system\BaseModel.php(802): CodeIgniter\Model->doInsert(Array)
#6 C:\xampp\htdocs\ci4\vendor\codeigniter4\framework\system\Model.php(744): CodeIgniter\BaseModel->insert(Array, true)
#7 C:\xampp\htdocs\ci4\app\Controllers\Produk.php(34): CodeIgniter\Model->insert(Array)
#8 C:\xampp\htdocs\ci4\vendor\codeigniter4\framework\system\CodeIgniter.php(941): App\Controllers\Produk->simpanProduk()
#9 C:\xampp\htdocs\ci4\vendor\codeigniter4\framework\system\CodeIgniter.php(502): CodeIgniter\CodeIgniter->runController(Object(App\Controllers\Produk))
#10 C:\xampp\htdocs\ci4\vendor\codeigniter4\framework\system\CodeIgniter.php(361): CodeIgniter\CodeIgniter->handleRequest(NULL, Object(Config\Cache), false)
#11 C:\xampp\htdocs\ci4\public\index.php(79): CodeIgniter\CodeIgniter->run()
#12 C:\xampp\htdocs\ci4\vendor\codeigniter4\framework\system\Commands\Server\rewrite.php(47): require_once('C:\\xampp\\htdocs...')
#13 {main}
CRITICAL - 2024-02-08 08:34:31 --> CodeIgniter\Database\Exceptions\DatabaseException: Column 'nama_produk' cannot be null
in SYSTEMPATH\Database\BaseConnection.php on line 647.
 1 SYSTEMPATH\Database\BaseBuilder.php(2302): CodeIgniter\Database\BaseConnection->query('INSERT INTO `produk` (`kode_produk`, `nama_produk`, `harga_beli`, `harga_jual`, `diskon`, `katid`, `satid`, `stok`) VALUES (:kode_produk:, :nama_produk:, :harga_beli:, :harga_jual:, :diskon:, :katid:, :satid:, :stok:)', [...], false)
 2 SYSTEMPATH\Model.php(326): CodeIgniter\Database\BaseBuilder->insert()
 3 SYSTEMPATH\BaseModel.php(802): CodeIgniter\Model->doInsert([...])
 4 SYSTEMPATH\Model.php(744): CodeIgniter\BaseModel->insert([...], true)
 5 APPPATH\Controllers\Produk.php(34): CodeIgniter\Model->insert([...])
 6 SYSTEMPATH\CodeIgniter.php(941): App\Controllers\Produk->simpanProduk()
 7 SYSTEMPATH\CodeIgniter.php(502): CodeIgniter\CodeIgniter->runController(Object(App\Controllers\Produk))
 8 SYSTEMPATH\CodeIgniter.php(361): CodeIgniter\CodeIgniter->handleRequest(null, Object(Config\Cache), false)
 9 FCPATH\index.php(79): CodeIgniter\CodeIgniter->run()
10 SYSTEMPATH\Commands\Server\rewrite.php(47): require_once('C:\\xampp\\htdocs\\ci4\\public\\index.php')
CRITICAL - 2024-02-08 08:34:31 --> [Caused by] CodeIgniter\Database\Exceptions\DatabaseException: Column 'nama_produk' cannot be null
in SYSTEMPATH\Database\MySQLi\Connection.php on line 311.
 1 SYSTEMPATH\Database\BaseConnection.php(693): CodeIgniter\Database\MySQLi\Connection->execute('INSERT INTO `produk` (`kode_produk`, `nama_produk`, `harga_beli`, `harga_jual`, `diskon`, `katid`, `satid`, `stok`) VALUES (\'rr\', NULL, NULL, NULL, NULL, NULL, NULL, NULL)')
 2 SYSTEMPATH\Database\BaseConnection.php(607): CodeIgniter\Database\BaseConnection->simpleQuery('INSERT INTO `produk` (`kode_produk`, `nama_produk`, `harga_beli`, `harga_jual`, `diskon`, `katid`, `satid`, `stok`) VALUES (\'rr\', NULL, NULL, NULL, NULL, NULL, NULL, NULL)')
 3 SYSTEMPATH\Database\BaseBuilder.php(2302): CodeIgniter\Database\BaseConnection->query('INSERT INTO `produk` (`kode_produk`, `nama_produk`, `harga_beli`, `harga_jual`, `diskon`, `katid`, `satid`, `stok`) VALUES (:kode_produk:, :nama_produk:, :harga_beli:, :harga_jual:, :diskon:, :katid:, :satid:, :stok:)', [...], false)
 4 SYSTEMPATH\Model.php(326): CodeIgniter\Database\BaseBuilder->insert()
 5 SYSTEMPATH\BaseModel.php(802): CodeIgniter\Model->doInsert([...])
 6 SYSTEMPATH\Model.php(744): CodeIgniter\BaseModel->insert([...], true)
 7 APPPATH\Controllers\Produk.php(34): CodeIgniter\Model->insert([...])
 8 SYSTEMPATH\CodeIgniter.php(941): App\Controllers\Produk->simpanProduk()
 9 SYSTEMPATH\CodeIgniter.php(502): CodeIgniter\CodeIgniter->runController(Object(App\Controllers\Produk))
10 SYSTEMPATH\CodeIgniter.php(361): CodeIgniter\CodeIgniter->handleRequest(null, Object(Config\Cache), false)
11 FCPATH\index.php(79): CodeIgniter\CodeIgniter->run()
12 SYSTEMPATH\Commands\Server\rewrite.php(47): require_once('C:\\xampp\\htdocs\\ci4\\public\\index.php')
CRITICAL - 2024-02-08 08:34:31 --> [Caused by] mysqli_sql_exception: Column 'nama_produk' cannot be null
in SYSTEMPATH\Database\MySQLi\Connection.php on line 306.
 1 SYSTEMPATH\Database\MySQLi\Connection.php(306): mysqli->query('INSERT INTO `produk` (`kode_produk`, `nama_produk`, `harga_beli`, `harga_jual`, `diskon`, `katid`, `satid`, `stok`) VALUES (\'rr\', NULL, NULL, NULL, NULL, NULL, NULL, NULL)', 0)
 2 SYSTEMPATH\Database\BaseConnection.php(693): CodeIgniter\Database\MySQLi\Connection->execute('INSERT INTO `produk` (`kode_produk`, `nama_produk`, `harga_beli`, `harga_jual`, `diskon`, `katid`, `satid`, `stok`) VALUES (\'rr\', NULL, NULL, NULL, NULL, NULL, NULL, NULL)')
 3 SYSTEMPATH\Database\BaseConnection.php(607): CodeIgniter\Database\BaseConnection->simpleQuery('INSERT INTO `produk` (`kode_produk`, `nama_produk`, `harga_beli`, `harga_jual`, `diskon`, `katid`, `satid`, `stok`) VALUES (\'rr\', NULL, NULL, NULL, NULL, NULL, NULL, NULL)')
 4 SYSTEMPATH\Database\BaseBuilder.php(2302): CodeIgniter\Database\BaseConnection->query('INSERT INTO `produk` (`kode_produk`, `nama_produk`, `harga_beli`, `harga_jual`, `diskon`, `katid`, `satid`, `stok`) VALUES (:kode_produk:, :nama_produk:, :harga_beli:, :harga_jual:, :diskon:, :katid:, :satid:, :stok:)', [...], false)
 5 SYSTEMPATH\Model.php(326): CodeIgniter\Database\BaseBuilder->insert()
 6 SYSTEMPATH\BaseModel.php(802): CodeIgniter\Model->doInsert([...])
 7 SYSTEMPATH\Model.php(744): CodeIgniter\BaseModel->insert([...], true)
 8 APPPATH\Controllers\Produk.php(34): CodeIgniter\Model->insert([...])
 9 SYSTEMPATH\CodeIgniter.php(941): App\Controllers\Produk->simpanProduk()
10 SYSTEMPATH\CodeIgniter.php(502): CodeIgniter\CodeIgniter->runController(Object(App\Controllers\Produk))
11 SYSTEMPATH\CodeIgniter.php(361): CodeIgniter\CodeIgniter->handleRequest(null, Object(Config\Cache), false)
12 FCPATH\index.php(79): CodeIgniter\CodeIgniter->run()
13 SYSTEMPATH\Commands\Server\rewrite.php(47): require_once('C:\\xampp\\htdocs\\ci4\\public\\index.php')
ERROR - 2024-02-08 08:34:47 --> mysqli_sql_exception: Column 'nama_produk' cannot be null in C:\xampp\htdocs\ci4\vendor\codeigniter4\framework\system\Database\MySQLi\Connection.php:306
Stack trace:
#0 C:\xampp\htdocs\ci4\vendor\codeigniter4\framework\system\Database\MySQLi\Connection.php(306): mysqli->query('INSERT INTO `pr...', 0)
#1 C:\xampp\htdocs\ci4\vendor\codeigniter4\framework\system\Database\BaseConnection.php(693): CodeIgniter\Database\MySQLi\Connection->execute('INSERT INTO `pr...')
#2 C:\xampp\htdocs\ci4\vendor\codeigniter4\framework\system\Database\BaseConnection.php(607): CodeIgniter\Database\BaseConnection->simpleQuery('INSERT INTO `pr...')
#3 C:\xampp\htdocs\ci4\vendor\codeigniter4\framework\system\Database\BaseBuilder.php(2302): CodeIgniter\Database\BaseConnection->query('INSERT INTO `pr...', Array, false)
#4 C:\xampp\htdocs\ci4\vendor\codeigniter4\framework\system\Model.php(326): CodeIgniter\Database\BaseBuilder->insert()
#5 C:\xampp\htdocs\ci4\vendor\codeigniter4\framework\system\BaseModel.php(802): CodeIgniter\Model->doInsert(Array)
#6 C:\xampp\htdocs\ci4\vendor\codeigniter4\framework\system\Model.php(744): CodeIgniter\BaseModel->insert(Array, true)
#7 C:\xampp\htdocs\ci4\app\Controllers\Produk.php(34): CodeIgniter\Model->insert(Array)
#8 C:\xampp\htdocs\ci4\vendor\codeigniter4\framework\system\CodeIgniter.php(941): App\Controllers\Produk->simpanProduk()
#9 C:\xampp\htdocs\ci4\vendor\codeigniter4\framework\system\CodeIgniter.php(502): CodeIgniter\CodeIgniter->runController(Object(App\Controllers\Produk))
#10 C:\xampp\htdocs\ci4\vendor\codeigniter4\framework\system\CodeIgniter.php(361): CodeIgniter\CodeIgniter->handleRequest(NULL, Object(Config\Cache), false)
#11 C:\xampp\htdocs\ci4\public\index.php(79): CodeIgniter\CodeIgniter->run()
#12 C:\xampp\htdocs\ci4\vendor\codeigniter4\framework\system\Commands\Server\rewrite.php(47): require_once('C:\\xampp\\htdocs...')
#13 {main}
CRITICAL - 2024-02-08 08:34:47 --> CodeIgniter\Database\Exceptions\DatabaseException: Column 'nama_produk' cannot be null
in SYSTEMPATH\Database\BaseConnection.php on line 647.
 1 SYSTEMPATH\Database\BaseBuilder.php(2302): CodeIgniter\Database\BaseConnection->query('INSERT INTO `produk` (`kode_produk`, `nama_produk`, `harga_beli`, `harga_jual`, `diskon`, `katid`, `satid`, `stok`) VALUES (:kode_produk:, :nama_produk:, :harga_beli:, :harga_jual:, :diskon:, :katid:, :satid:, :stok:)', [...], false)
 2 SYSTEMPATH\Model.php(326): CodeIgniter\Database\BaseBuilder->insert()
 3 SYSTEMPATH\BaseModel.php(802): CodeIgniter\Model->doInsert([...])
 4 SYSTEMPATH\Model.php(744): CodeIgniter\BaseModel->insert([...], true)
 5 APPPATH\Controllers\Produk.php(34): CodeIgniter\Model->insert([...])
 6 SYSTEMPATH\CodeIgniter.php(941): App\Controllers\Produk->simpanProduk()
 7 SYSTEMPATH\CodeIgniter.php(502): CodeIgniter\CodeIgniter->runController(Object(App\Controllers\Produk))
 8 SYSTEMPATH\CodeIgniter.php(361): CodeIgniter\CodeIgniter->handleRequest(null, Object(Config\Cache), false)
 9 FCPATH\index.php(79): CodeIgniter\CodeIgniter->run()
10 SYSTEMPATH\Commands\Server\rewrite.php(47): require_once('C:\\xampp\\htdocs\\ci4\\public\\index.php')
CRITICAL - 2024-02-08 08:34:47 --> [Caused by] CodeIgniter\Database\Exceptions\DatabaseException: Column 'nama_produk' cannot be null
in SYSTEMPATH\Database\MySQLi\Connection.php on line 311.
 1 SYSTEMPATH\Database\BaseConnection.php(693): CodeIgniter\Database\MySQLi\Connection->execute('INSERT INTO `produk` (`kode_produk`, `nama_produk`, `harga_beli`, `harga_jual`, `diskon`, `katid`, `satid`, `stok`) VALUES (\'rr\', NULL, NULL, NULL, NULL, NULL, NULL, NULL)')
 2 SYSTEMPATH\Database\BaseConnection.php(607): CodeIgniter\Database\BaseConnection->simpleQuery('INSERT INTO `produk` (`kode_produk`, `nama_produk`, `harga_beli`, `harga_jual`, `diskon`, `katid`, `satid`, `stok`) VALUES (\'rr\', NULL, NULL, NULL, NULL, NULL, NULL, NULL)')
 3 SYSTEMPATH\Database\BaseBuilder.php(2302): CodeIgniter\Database\BaseConnection->query('INSERT INTO `produk` (`kode_produk`, `nama_produk`, `harga_beli`, `harga_jual`, `diskon`, `katid`, `satid`, `stok`) VALUES (:kode_produk:, :nama_produk:, :harga_beli:, :harga_jual:, :diskon:, :katid:, :satid:, :stok:)', [...], false)
 4 SYSTEMPATH\Model.php(326): CodeIgniter\Database\BaseBuilder->insert()
 5 SYSTEMPATH\BaseModel.php(802): CodeIgniter\Model->doInsert([...])
 6 SYSTEMPATH\Model.php(744): CodeIgniter\BaseModel->insert([...], true)
 7 APPPATH\Controllers\Produk.php(34): CodeIgniter\Model->insert([...])
 8 SYSTEMPATH\CodeIgniter.php(941): App\Controllers\Produk->simpanProduk()
 9 SYSTEMPATH\CodeIgniter.php(502): CodeIgniter\CodeIgniter->runController(Object(App\Controllers\Produk))
10 SYSTEMPATH\CodeIgniter.php(361): CodeIgniter\CodeIgniter->handleRequest(null, Object(Config\Cache), false)
11 FCPATH\index.php(79): CodeIgniter\CodeIgniter->run()
12 SYSTEMPATH\Commands\Server\rewrite.php(47): require_once('C:\\xampp\\htdocs\\ci4\\public\\index.php')
CRITICAL - 2024-02-08 08:34:47 --> [Caused by] mysqli_sql_exception: Column 'nama_produk' cannot be null
in SYSTEMPATH\Database\MySQLi\Connection.php on line 306.
 1 SYSTEMPATH\Database\MySQLi\Connection.php(306): mysqli->query('INSERT INTO `produk` (`kode_produk`, `nama_produk`, `harga_beli`, `harga_jual`, `diskon`, `katid`, `satid`, `stok`) VALUES (\'rr\', NULL, NULL, NULL, NULL, NULL, NULL, NULL)', 0)
 2 SYSTEMPATH\Database\BaseConnection.php(693): CodeIgniter\Database\MySQLi\Connection->execute('INSERT INTO `produk` (`kode_produk`, `nama_produk`, `harga_beli`, `harga_jual`, `diskon`, `katid`, `satid`, `stok`) VALUES (\'rr\', NULL, NULL, NULL, NULL, NULL, NULL, NULL)')
 3 SYSTEMPATH\Database\BaseConnection.php(607): CodeIgniter\Database\BaseConnection->simpleQuery('INSERT INTO `produk` (`kode_produk`, `nama_produk`, `harga_beli`, `harga_jual`, `diskon`, `katid`, `satid`, `stok`) VALUES (\'rr\', NULL, NULL, NULL, NULL, NULL, NULL, NULL)')
 4 SYSTEMPATH\Database\BaseBuilder.php(2302): CodeIgniter\Database\BaseConnection->query('INSERT INTO `produk` (`kode_produk`, `nama_produk`, `harga_beli`, `harga_jual`, `diskon`, `katid`, `satid`, `stok`) VALUES (:kode_produk:, :nama_produk:, :harga_beli:, :harga_jual:, :diskon:, :katid:, :satid:, :stok:)', [...], false)
 5 SYSTEMPATH\Model.php(326): CodeIgniter\Database\BaseBuilder->insert()
 6 SYSTEMPATH\BaseModel.php(802): CodeIgniter\Model->doInsert([...])
 7 SYSTEMPATH\Model.php(744): CodeIgniter\BaseModel->insert([...], true)
 8 APPPATH\Controllers\Produk.php(34): CodeIgniter\Model->insert([...])
 9 SYSTEMPATH\CodeIgniter.php(941): App\Controllers\Produk->simpanProduk()
10 SYSTEMPATH\CodeIgniter.php(502): CodeIgniter\CodeIgniter->runController(Object(App\Controllers\Produk))
11 SYSTEMPATH\CodeIgniter.php(361): CodeIgniter\CodeIgniter->handleRequest(null, Object(Config\Cache), false)
12 FCPATH\index.php(79): CodeIgniter\CodeIgniter->run()
13 SYSTEMPATH\Commands\Server\rewrite.php(47): require_once('C:\\xampp\\htdocs\\ci4\\public\\index.php')
ERROR - 2024-02-08 08:36:06 --> mysqli_sql_exception: Column 'nama_produk' cannot be null in C:\xampp\htdocs\ci4\vendor\codeigniter4\framework\system\Database\MySQLi\Connection.php:306
Stack trace:
#0 C:\xampp\htdocs\ci4\vendor\codeigniter4\framework\system\Database\MySQLi\Connection.php(306): mysqli->query('INSERT INTO `pr...', 0)
#1 C:\xampp\htdocs\ci4\vendor\codeigniter4\framework\system\Database\BaseConnection.php(693): CodeIgniter\Database\MySQLi\Connection->execute('INSERT INTO `pr...')
#2 C:\xampp\htdocs\ci4\vendor\codeigniter4\framework\system\Database\BaseConnection.php(607): CodeIgniter\Database\BaseConnection->simpleQuery('INSERT INTO `pr...')
#3 C:\xampp\htdocs\ci4\vendor\codeigniter4\framework\system\Database\BaseBuilder.php(2302): CodeIgniter\Database\BaseConnection->query('INSERT INTO `pr...', Array, false)
#4 C:\xampp\htdocs\ci4\vendor\codeigniter4\framework\system\Model.php(326): CodeIgniter\Database\BaseBuilder->insert()
#5 C:\xampp\htdocs\ci4\vendor\codeigniter4\framework\system\BaseModel.php(802): CodeIgniter\Model->doInsert(Array)
#6 C:\xampp\htdocs\ci4\vendor\codeigniter4\framework\system\Model.php(744): CodeIgniter\BaseModel->insert(Array, true)
#7 C:\xampp\htdocs\ci4\app\Controllers\Produk.php(34): CodeIgniter\Model->insert(Array)
#8 C:\xampp\htdocs\ci4\vendor\codeigniter4\framework\system\CodeIgniter.php(941): App\Controllers\Produk->simpanProduk()
#9 C:\xampp\htdocs\ci4\vendor\codeigniter4\framework\system\CodeIgniter.php(502): CodeIgniter\CodeIgniter->runController(Object(App\Controllers\Produk))
#10 C:\xampp\htdocs\ci4\vendor\codeigniter4\framework\system\CodeIgniter.php(361): CodeIgniter\CodeIgniter->handleRequest(NULL, Object(Config\Cache), false)
#11 C:\xampp\htdocs\ci4\public\index.php(79): CodeIgniter\CodeIgniter->run()
#12 C:\xampp\htdocs\ci4\vendor\codeigniter4\framework\system\Commands\Server\rewrite.php(47): require_once('C:\\xampp\\htdocs...')
#13 {main}
CRITICAL - 2024-02-08 08:36:06 --> CodeIgniter\Database\Exceptions\DatabaseException: Column 'nama_produk' cannot be null
in SYSTEMPATH\Database\BaseConnection.php on line 647.
 1 SYSTEMPATH\Database\BaseBuilder.php(2302): CodeIgniter\Database\BaseConnection->query('INSERT INTO `produk` (`kode_produk`, `nama_produk`, `harga_beli`, `harga_jual`, `diskon`, `katid`, `satid`, `stok`) VALUES (:kode_produk:, :nama_produk:, :harga_beli:, :harga_jual:, :diskon:, :katid:, :satid:, :stok:)', [...], false)
 2 SYSTEMPATH\Model.php(326): CodeIgniter\Database\BaseBuilder->insert()
 3 SYSTEMPATH\BaseModel.php(802): CodeIgniter\Model->doInsert([...])
 4 SYSTEMPATH\Model.php(744): CodeIgniter\BaseModel->insert([...], true)
 5 APPPATH\Controllers\Produk.php(34): CodeIgniter\Model->insert([...])
 6 SYSTEMPATH\CodeIgniter.php(941): App\Controllers\Produk->simpanProduk()
 7 SYSTEMPATH\CodeIgniter.php(502): CodeIgniter\CodeIgniter->runController(Object(App\Controllers\Produk))
 8 SYSTEMPATH\CodeIgniter.php(361): CodeIgniter\CodeIgniter->handleRequest(null, Object(Config\Cache), false)
 9 FCPATH\index.php(79): CodeIgniter\CodeIgniter->run()
10 SYSTEMPATH\Commands\Server\rewrite.php(47): require_once('C:\\xampp\\htdocs\\ci4\\public\\index.php')
CRITICAL - 2024-02-08 08:36:06 --> [Caused by] CodeIgniter\Database\Exceptions\DatabaseException: Column 'nama_produk' cannot be null
in SYSTEMPATH\Database\MySQLi\Connection.php on line 311.
 1 SYSTEMPATH\Database\BaseConnection.php(693): CodeIgniter\Database\MySQLi\Connection->execute('INSERT INTO `produk` (`kode_produk`, `nama_produk`, `harga_beli`, `harga_jual`, `diskon`, `katid`, `satid`, `stok`) VALUES (\'rr\', NULL, NULL, NULL, NULL, NULL, NULL, NULL)')
 2 SYSTEMPATH\Database\BaseConnection.php(607): CodeIgniter\Database\BaseConnection->simpleQuery('INSERT INTO `produk` (`kode_produk`, `nama_produk`, `harga_beli`, `harga_jual`, `diskon`, `katid`, `satid`, `stok`) VALUES (\'rr\', NULL, NULL, NULL, NULL, NULL, NULL, NULL)')
 3 SYSTEMPATH\Database\BaseBuilder.php(2302): CodeIgniter\Database\BaseConnection->query('INSERT INTO `produk` (`kode_produk`, `nama_produk`, `harga_beli`, `harga_jual`, `diskon`, `katid`, `satid`, `stok`) VALUES (:kode_produk:, :nama_produk:, :harga_beli:, :harga_jual:, :diskon:, :katid:, :satid:, :stok:)', [...], false)
 4 SYSTEMPATH\Model.php(326): CodeIgniter\Database\BaseBuilder->insert()
 5 SYSTEMPATH\BaseModel.php(802): CodeIgniter\Model->doInsert([...])
 6 SYSTEMPATH\Model.php(744): CodeIgniter\BaseModel->insert([...], true)
 7 APPPATH\Controllers\Produk.php(34): CodeIgniter\Model->insert([...])
 8 SYSTEMPATH\CodeIgniter.php(941): App\Controllers\Produk->simpanProduk()
 9 SYSTEMPATH\CodeIgniter.php(502): CodeIgniter\CodeIgniter->runController(Object(App\Controllers\Produk))
10 SYSTEMPATH\CodeIgniter.php(361): CodeIgniter\CodeIgniter->handleRequest(null, Object(Config\Cache), false)
11 FCPATH\index.php(79): CodeIgniter\CodeIgniter->run()
12 SYSTEMPATH\Commands\Server\rewrite.php(47): require_once('C:\\xampp\\htdocs\\ci4\\public\\index.php')
CRITICAL - 2024-02-08 08:36:06 --> [Caused by] mysqli_sql_exception: Column 'nama_produk' cannot be null
in SYSTEMPATH\Database\MySQLi\Connection.php on line 306.
 1 SYSTEMPATH\Database\MySQLi\Connection.php(306): mysqli->query('INSERT INTO `produk` (`kode_produk`, `nama_produk`, `harga_beli`, `harga_jual`, `diskon`, `katid`, `satid`, `stok`) VALUES (\'rr\', NULL, NULL, NULL, NULL, NULL, NULL, NULL)', 0)
 2 SYSTEMPATH\Database\BaseConnection.php(693): CodeIgniter\Database\MySQLi\Connection->execute('INSERT INTO `produk` (`kode_produk`, `nama_produk`, `harga_beli`, `harga_jual`, `diskon`, `katid`, `satid`, `stok`) VALUES (\'rr\', NULL, NULL, NULL, NULL, NULL, NULL, NULL)')
 3 SYSTEMPATH\Database\BaseConnection.php(607): CodeIgniter\Database\BaseConnection->simpleQuery('INSERT INTO `produk` (`kode_produk`, `nama_produk`, `harga_beli`, `harga_jual`, `diskon`, `katid`, `satid`, `stok`) VALUES (\'rr\', NULL, NULL, NULL, NULL, NULL, NULL, NULL)')
 4 SYSTEMPATH\Database\BaseBuilder.php(2302): CodeIgniter\Database\BaseConnection->query('INSERT INTO `produk` (`kode_produk`, `nama_produk`, `harga_beli`, `harga_jual`, `diskon`, `katid`, `satid`, `stok`) VALUES (:kode_produk:, :nama_produk:, :harga_beli:, :harga_jual:, :diskon:, :katid:, :satid:, :stok:)', [...], false)
 5 SYSTEMPATH\Model.php(326): CodeIgniter\Database\BaseBuilder->insert()
 6 SYSTEMPATH\BaseModel.php(802): CodeIgniter\Model->doInsert([...])
 7 SYSTEMPATH\Model.php(744): CodeIgniter\BaseModel->insert([...], true)
 8 APPPATH\Controllers\Produk.php(34): CodeIgniter\Model->insert([...])
 9 SYSTEMPATH\CodeIgniter.php(941): App\Controllers\Produk->simpanProduk()
10 SYSTEMPATH\CodeIgniter.php(502): CodeIgniter\CodeIgniter->runController(Object(App\Controllers\Produk))
11 SYSTEMPATH\CodeIgniter.php(361): CodeIgniter\CodeIgniter->handleRequest(null, Object(Config\Cache), false)
12 FCPATH\index.php(79): CodeIgniter\CodeIgniter->run()
13 SYSTEMPATH\Commands\Server\rewrite.php(47): require_once('C:\\xampp\\htdocs\\ci4\\public\\index.php')
ERROR - 2024-02-08 08:36:40 --> mysqli_sql_exception: Column 'nama_produk' cannot be null in C:\xampp\htdocs\ci4\vendor\codeigniter4\framework\system\Database\MySQLi\Connection.php:306
Stack trace:
#0 C:\xampp\htdocs\ci4\vendor\codeigniter4\framework\system\Database\MySQLi\Connection.php(306): mysqli->query('INSERT INTO `pr...', 0)
#1 C:\xampp\htdocs\ci4\vendor\codeigniter4\framework\system\Database\BaseConnection.php(693): CodeIgniter\Database\MySQLi\Connection->execute('INSERT INTO `pr...')
#2 C:\xampp\htdocs\ci4\vendor\codeigniter4\framework\system\Database\BaseConnection.php(607): CodeIgniter\Database\BaseConnection->simpleQuery('INSERT INTO `pr...')
#3 C:\xampp\htdocs\ci4\vendor\codeigniter4\framework\system\Database\BaseBuilder.php(2302): CodeIgniter\Database\BaseConnection->query('INSERT INTO `pr...', Array, false)
#4 C:\xampp\htdocs\ci4\vendor\codeigniter4\framework\system\Model.php(326): CodeIgniter\Database\BaseBuilder->insert()
#5 C:\xampp\htdocs\ci4\vendor\codeigniter4\framework\system\BaseModel.php(802): CodeIgniter\Model->doInsert(Array)
#6 C:\xampp\htdocs\ci4\vendor\codeigniter4\framework\system\Model.php(744): CodeIgniter\BaseModel->insert(Array, true)
#7 C:\xampp\htdocs\ci4\app\Controllers\Produk.php(34): CodeIgniter\Model->insert(Array)
#8 C:\xampp\htdocs\ci4\vendor\codeigniter4\framework\system\CodeIgniter.php(941): App\Controllers\Produk->simpanProduk()
#9 C:\xampp\htdocs\ci4\vendor\codeigniter4\framework\system\CodeIgniter.php(502): CodeIgniter\CodeIgniter->runController(Object(App\Controllers\Produk))
#10 C:\xampp\htdocs\ci4\vendor\codeigniter4\framework\system\CodeIgniter.php(361): CodeIgniter\CodeIgniter->handleRequest(NULL, Object(Config\Cache), false)
#11 C:\xampp\htdocs\ci4\public\index.php(79): CodeIgniter\CodeIgniter->run()
#12 C:\xampp\htdocs\ci4\vendor\codeigniter4\framework\system\Commands\Server\rewrite.php(47): require_once('C:\\xampp\\htdocs...')
#13 {main}
CRITICAL - 2024-02-08 08:36:40 --> CodeIgniter\Database\Exceptions\DatabaseException: Column 'nama_produk' cannot be null
in SYSTEMPATH\Database\BaseConnection.php on line 647.
 1 SYSTEMPATH\Database\BaseBuilder.php(2302): CodeIgniter\Database\BaseConnection->query('INSERT INTO `produk` (`kode_produk`, `nama_produk`, `harga_beli`, `harga_jual`, `diskon`, `katid`, `satid`, `stok`) VALUES (:kode_produk:, :nama_produk:, :harga_beli:, :harga_jual:, :diskon:, :katid:, :satid:, :stok:)', [...], false)
 2 SYSTEMPATH\Model.php(326): CodeIgniter\Database\BaseBuilder->insert()
 3 SYSTEMPATH\BaseModel.php(802): CodeIgniter\Model->doInsert([...])
 4 SYSTEMPATH\Model.php(744): CodeIgniter\BaseModel->insert([...], true)
 5 APPPATH\Controllers\Produk.php(34): CodeIgniter\Model->insert([...])
 6 SYSTEMPATH\CodeIgniter.php(941): App\Controllers\Produk->simpanProduk()
 7 SYSTEMPATH\CodeIgniter.php(502): CodeIgniter\CodeIgniter->runController(Object(App\Controllers\Produk))
 8 SYSTEMPATH\CodeIgniter.php(361): CodeIgniter\CodeIgniter->handleRequest(null, Object(Config\Cache), false)
 9 FCPATH\index.php(79): CodeIgniter\CodeIgniter->run()
10 SYSTEMPATH\Commands\Server\rewrite.php(47): require_once('C:\\xampp\\htdocs\\ci4\\public\\index.php')
CRITICAL - 2024-02-08 08:36:40 --> [Caused by] CodeIgniter\Database\Exceptions\DatabaseException: Column 'nama_produk' cannot be null
in SYSTEMPATH\Database\MySQLi\Connection.php on line 311.
 1 SYSTEMPATH\Database\BaseConnection.php(693): CodeIgniter\Database\MySQLi\Connection->execute('INSERT INTO `produk` (`kode_produk`, `nama_produk`, `harga_beli`, `harga_jual`, `diskon`, `katid`, `satid`, `stok`) VALUES (\'123\', NULL, NULL, NULL, NULL, NULL, NULL, NULL)')
 2 SYSTEMPATH\Database\BaseConnection.php(607): CodeIgniter\Database\BaseConnection->simpleQuery('INSERT INTO `produk` (`kode_produk`, `nama_produk`, `harga_beli`, `harga_jual`, `diskon`, `katid`, `satid`, `stok`) VALUES (\'123\', NULL, NULL, NULL, NULL, NULL, NULL, NULL)')
 3 SYSTEMPATH\Database\BaseBuilder.php(2302): CodeIgniter\Database\BaseConnection->query('INSERT INTO `produk` (`kode_produk`, `nama_produk`, `harga_beli`, `harga_jual`, `diskon`, `katid`, `satid`, `stok`) VALUES (:kode_produk:, :nama_produk:, :harga_beli:, :harga_jual:, :diskon:, :katid:, :satid:, :stok:)', [...], false)
 4 SYSTEMPATH\Model.php(326): CodeIgniter\Database\BaseBuilder->insert()
 5 SYSTEMPATH\BaseModel.php(802): CodeIgniter\Model->doInsert([...])
 6 SYSTEMPATH\Model.php(744): CodeIgniter\BaseModel->insert([...], true)
 7 APPPATH\Controllers\Produk.php(34): CodeIgniter\Model->insert([...])
 8 SYSTEMPATH\CodeIgniter.php(941): App\Controllers\Produk->simpanProduk()
 9 SYSTEMPATH\CodeIgniter.php(502): CodeIgniter\CodeIgniter->runController(Object(App\Controllers\Produk))
10 SYSTEMPATH\CodeIgniter.php(361): CodeIgniter\CodeIgniter->handleRequest(null, Object(Config\Cache), false)
11 FCPATH\index.php(79): CodeIgniter\CodeIgniter->run()
12 SYSTEMPATH\Commands\Server\rewrite.php(47): require_once('C:\\xampp\\htdocs\\ci4\\public\\index.php')
CRITICAL - 2024-02-08 08:36:40 --> [Caused by] mysqli_sql_exception: Column 'nama_produk' cannot be null
in SYSTEMPATH\Database\MySQLi\Connection.php on line 306.
 1 SYSTEMPATH\Database\MySQLi\Connection.php(306): mysqli->query('INSERT INTO `produk` (`kode_produk`, `nama_produk`, `harga_beli`, `harga_jual`, `diskon`, `katid`, `satid`, `stok`) VALUES (\'123\', NULL, NULL, NULL, NULL, NULL, NULL, NULL)', 0)
 2 SYSTEMPATH\Database\BaseConnection.php(693): CodeIgniter\Database\MySQLi\Connection->execute('INSERT INTO `produk` (`kode_produk`, `nama_produk`, `harga_beli`, `harga_jual`, `diskon`, `katid`, `satid`, `stok`) VALUES (\'123\', NULL, NULL, NULL, NULL, NULL, NULL, NULL)')
 3 SYSTEMPATH\Database\BaseConnection.php(607): CodeIgniter\Database\BaseConnection->simpleQuery('INSERT INTO `produk` (`kode_produk`, `nama_produk`, `harga_beli`, `harga_jual`, `diskon`, `katid`, `satid`, `stok`) VALUES (\'123\', NULL, NULL, NULL, NULL, NULL, NULL, NULL)')
 4 SYSTEMPATH\Database\BaseBuilder.php(2302): CodeIgniter\Database\BaseConnection->query('INSERT INTO `produk` (`kode_produk`, `nama_produk`, `harga_beli`, `harga_jual`, `diskon`, `katid`, `satid`, `stok`) VALUES (:kode_produk:, :nama_produk:, :harga_beli:, :harga_jual:, :diskon:, :katid:, :satid:, :stok:)', [...], false)
 5 SYSTEMPATH\Model.php(326): CodeIgniter\Database\BaseBuilder->insert()
 6 SYSTEMPATH\BaseModel.php(802): CodeIgniter\Model->doInsert([...])
 7 SYSTEMPATH\Model.php(744): CodeIgniter\BaseModel->insert([...], true)
 8 APPPATH\Controllers\Produk.php(34): CodeIgniter\Model->insert([...])
 9 SYSTEMPATH\CodeIgniter.php(941): App\Controllers\Produk->simpanProduk()
10 SYSTEMPATH\CodeIgniter.php(502): CodeIgniter\CodeIgniter->runController(Object(App\Controllers\Produk))
11 SYSTEMPATH\CodeIgniter.php(361): CodeIgniter\CodeIgniter->handleRequest(null, Object(Config\Cache), false)
12 FCPATH\index.php(79): CodeIgniter\CodeIgniter->run()
13 SYSTEMPATH\Commands\Server\rewrite.php(47): require_once('C:\\xampp\\htdocs\\ci4\\public\\index.php')
ERROR - 2024-02-08 08:38:39 --> mysqli_sql_exception: Column 'harga_beli' cannot be null in C:\xampp\htdocs\ci4\vendor\codeigniter4\framework\system\Database\MySQLi\Connection.php:306
Stack trace:
#0 C:\xampp\htdocs\ci4\vendor\codeigniter4\framework\system\Database\MySQLi\Connection.php(306): mysqli->query('INSERT INTO `pr...', 0)
#1 C:\xampp\htdocs\ci4\vendor\codeigniter4\framework\system\Database\BaseConnection.php(693): CodeIgniter\Database\MySQLi\Connection->execute('INSERT INTO `pr...')
#2 C:\xampp\htdocs\ci4\vendor\codeigniter4\framework\system\Database\BaseConnection.php(607): CodeIgniter\Database\BaseConnection->simpleQuery('INSERT INTO `pr...')
#3 C:\xampp\htdocs\ci4\vendor\codeigniter4\framework\system\Database\BaseBuilder.php(2302): CodeIgniter\Database\BaseConnection->query('INSERT INTO `pr...', Array, false)
#4 C:\xampp\htdocs\ci4\vendor\codeigniter4\framework\system\Model.php(326): CodeIgniter\Database\BaseBuilder->insert()
#5 C:\xampp\htdocs\ci4\vendor\codeigniter4\framework\system\BaseModel.php(802): CodeIgniter\Model->doInsert(Array)
#6 C:\xampp\htdocs\ci4\vendor\codeigniter4\framework\system\Model.php(744): CodeIgniter\BaseModel->insert(Array, true)
#7 C:\xampp\htdocs\ci4\app\Controllers\Produk.php(34): CodeIgniter\Model->insert(Array)
#8 C:\xampp\htdocs\ci4\vendor\codeigniter4\framework\system\CodeIgniter.php(941): App\Controllers\Produk->simpanProduk()
#9 C:\xampp\htdocs\ci4\vendor\codeigniter4\framework\system\CodeIgniter.php(502): CodeIgniter\CodeIgniter->runController(Object(App\Controllers\Produk))
#10 C:\xampp\htdocs\ci4\vendor\codeigniter4\framework\system\CodeIgniter.php(361): CodeIgniter\CodeIgniter->handleRequest(NULL, Object(Config\Cache), false)
#11 C:\xampp\htdocs\ci4\public\index.php(79): CodeIgniter\CodeIgniter->run()
#12 C:\xampp\htdocs\ci4\vendor\codeigniter4\framework\system\Commands\Server\rewrite.php(47): require_once('C:\\xampp\\htdocs...')
#13 {main}
CRITICAL - 2024-02-08 08:38:39 --> CodeIgniter\Database\Exceptions\DatabaseException: Column 'harga_beli' cannot be null
in SYSTEMPATH\Database\BaseConnection.php on line 647.
 1 SYSTEMPATH\Database\BaseBuilder.php(2302): CodeIgniter\Database\BaseConnection->query('INSERT INTO `produk` (`kode_produk`, `nama_produk`, `harga_beli`, `harga_jual`, `diskon`, `katid`, `satid`, `stok`) VALUES (:kode_produk:, :nama_produk:, :harga_beli:, :harga_jual:, :diskon:, :katid:, :satid:, :stok:)', [...], false)
 2 SYSTEMPATH\Model.php(326): CodeIgniter\Database\BaseBuilder->insert()
 3 SYSTEMPATH\BaseModel.php(802): CodeIgniter\Model->doInsert([...])
 4 SYSTEMPATH\Model.php(744): CodeIgniter\BaseModel->insert([...], true)
 5 APPPATH\Controllers\Produk.php(34): CodeIgniter\Model->insert([...])
 6 SYSTEMPATH\CodeIgniter.php(941): App\Controllers\Produk->simpanProduk()
 7 SYSTEMPATH\CodeIgniter.php(502): CodeIgniter\CodeIgniter->runController(Object(App\Controllers\Produk))
 8 SYSTEMPATH\CodeIgniter.php(361): CodeIgniter\CodeIgniter->handleRequest(null, Object(Config\Cache), false)
 9 FCPATH\index.php(79): CodeIgniter\CodeIgniter->run()
10 SYSTEMPATH\Commands\Server\rewrite.php(47): require_once('C:\\xampp\\htdocs\\ci4\\public\\index.php')
CRITICAL - 2024-02-08 08:38:39 --> [Caused by] CodeIgniter\Database\Exceptions\DatabaseException: Column 'harga_beli' cannot be null
in SYSTEMPATH\Database\MySQLi\Connection.php on line 311.
 1 SYSTEMPATH\Database\BaseConnection.php(693): CodeIgniter\Database\MySQLi\Connection->execute('INSERT INTO `produk` (`kode_produk`, `nama_produk`, `harga_beli`, `harga_jual`, `diskon`, `katid`, `satid`, `stok`) VALUES (\'123\', \'ppp\', NULL, NULL, NULL, NULL, NULL, NULL)')
 2 SYSTEMPATH\Database\BaseConnection.php(607): CodeIgniter\Database\BaseConnection->simpleQuery('INSERT INTO `produk` (`kode_produk`, `nama_produk`, `harga_beli`, `harga_jual`, `diskon`, `katid`, `satid`, `stok`) VALUES (\'123\', \'ppp\', NULL, NULL, NULL, NULL, NULL, NULL)')
 3 SYSTEMPATH\Database\BaseBuilder.php(2302): CodeIgniter\Database\BaseConnection->query('INSERT INTO `produk` (`kode_produk`, `nama_produk`, `harga_beli`, `harga_jual`, `diskon`, `katid`, `satid`, `stok`) VALUES (:kode_produk:, :nama_produk:, :harga_beli:, :harga_jual:, :diskon:, :katid:, :satid:, :stok:)', [...], false)
 4 SYSTEMPATH\Model.php(326): CodeIgniter\Database\BaseBuilder->insert()
 5 SYSTEMPATH\BaseModel.php(802): CodeIgniter\Model->doInsert([...])
 6 SYSTEMPATH\Model.php(744): CodeIgniter\BaseModel->insert([...], true)
 7 APPPATH\Controllers\Produk.php(34): CodeIgniter\Model->insert([...])
 8 SYSTEMPATH\CodeIgniter.php(941): App\Controllers\Produk->simpanProduk()
 9 SYSTEMPATH\CodeIgniter.php(502): CodeIgniter\CodeIgniter->runController(Object(App\Controllers\Produk))
10 SYSTEMPATH\CodeIgniter.php(361): CodeIgniter\CodeIgniter->handleRequest(null, Object(Config\Cache), false)
11 FCPATH\index.php(79): CodeIgniter\CodeIgniter->run()
12 SYSTEMPATH\Commands\Server\rewrite.php(47): require_once('C:\\xampp\\htdocs\\ci4\\public\\index.php')
CRITICAL - 2024-02-08 08:38:39 --> [Caused by] mysqli_sql_exception: Column 'harga_beli' cannot be null
in SYSTEMPATH\Database\MySQLi\Connection.php on line 306.
 1 SYSTEMPATH\Database\MySQLi\Connection.php(306): mysqli->query('INSERT INTO `produk` (`kode_produk`, `nama_produk`, `harga_beli`, `harga_jual`, `diskon`, `katid`, `satid`, `stok`) VALUES (\'123\', \'ppp\', NULL, NULL, NULL, NULL, NULL, NULL)', 0)
 2 SYSTEMPATH\Database\BaseConnection.php(693): CodeIgniter\Database\MySQLi\Connection->execute('INSERT INTO `produk` (`kode_produk`, `nama_produk`, `harga_beli`, `harga_jual`, `diskon`, `katid`, `satid`, `stok`) VALUES (\'123\', \'ppp\', NULL, NULL, NULL, NULL, NULL, NULL)')
 3 SYSTEMPATH\Database\BaseConnection.php(607): CodeIgniter\Database\BaseConnection->simpleQuery('INSERT INTO `produk` (`kode_produk`, `nama_produk`, `harga_beli`, `harga_jual`, `diskon`, `katid`, `satid`, `stok`) VALUES (\'123\', \'ppp\', NULL, NULL, NULL, NULL, NULL, NULL)')
 4 SYSTEMPATH\Database\BaseBuilder.php(2302): CodeIgniter\Database\BaseConnection->query('INSERT INTO `produk` (`kode_produk`, `nama_produk`, `harga_beli`, `harga_jual`, `diskon`, `katid`, `satid`, `stok`) VALUES (:kode_produk:, :nama_produk:, :harga_beli:, :harga_jual:, :diskon:, :katid:, :satid:, :stok:)', [...], false)
 5 SYSTEMPATH\Model.php(326): CodeIgniter\Database\BaseBuilder->insert()
 6 SYSTEMPATH\BaseModel.php(802): CodeIgniter\Model->doInsert([...])
 7 SYSTEMPATH\Model.php(744): CodeIgniter\BaseModel->insert([...], true)
 8 APPPATH\Controllers\Produk.php(34): CodeIgniter\Model->insert([...])
 9 SYSTEMPATH\CodeIgniter.php(941): App\Controllers\Produk->simpanProduk()
10 SYSTEMPATH\CodeIgniter.php(502): CodeIgniter\CodeIgniter->runController(Object(App\Controllers\Produk))
11 SYSTEMPATH\CodeIgniter.php(361): CodeIgniter\CodeIgniter->handleRequest(null, Object(Config\Cache), false)
12 FCPATH\index.php(79): CodeIgniter\CodeIgniter->run()
13 SYSTEMPATH\Commands\Server\rewrite.php(47): require_once('C:\\xampp\\htdocs\\ci4\\public\\index.php')
ERROR - 2024-02-08 08:39:41 --> mysqli_sql_exception: Column 'harga_beli' cannot be null in C:\xampp\htdocs\ci4\vendor\codeigniter4\framework\system\Database\MySQLi\Connection.php:306
Stack trace:
#0 C:\xampp\htdocs\ci4\vendor\codeigniter4\framework\system\Database\MySQLi\Connection.php(306): mysqli->query('INSERT INTO `pr...', 0)
#1 C:\xampp\htdocs\ci4\vendor\codeigniter4\framework\system\Database\BaseConnection.php(693): CodeIgniter\Database\MySQLi\Connection->execute('INSERT INTO `pr...')
#2 C:\xampp\htdocs\ci4\vendor\codeigniter4\framework\system\Database\BaseConnection.php(607): CodeIgniter\Database\BaseConnection->simpleQuery('INSERT INTO `pr...')
#3 C:\xampp\htdocs\ci4\vendor\codeigniter4\framework\system\Database\BaseBuilder.php(2302): CodeIgniter\Database\BaseConnection->query('INSERT INTO `pr...', Array, false)
#4 C:\xampp\htdocs\ci4\vendor\codeigniter4\framework\system\Model.php(326): CodeIgniter\Database\BaseBuilder->insert()
#5 C:\xampp\htdocs\ci4\vendor\codeigniter4\framework\system\BaseModel.php(802): CodeIgniter\Model->doInsert(Array)
#6 C:\xampp\htdocs\ci4\vendor\codeigniter4\framework\system\Model.php(744): CodeIgniter\BaseModel->insert(Array, true)
#7 C:\xampp\htdocs\ci4\app\Controllers\Produk.php(34): CodeIgniter\Model->insert(Array)
#8 C:\xampp\htdocs\ci4\vendor\codeigniter4\framework\system\CodeIgniter.php(941): App\Controllers\Produk->simpanProduk()
#9 C:\xampp\htdocs\ci4\vendor\codeigniter4\framework\system\CodeIgniter.php(502): CodeIgniter\CodeIgniter->runController(Object(App\Controllers\Produk))
#10 C:\xampp\htdocs\ci4\vendor\codeigniter4\framework\system\CodeIgniter.php(361): CodeIgniter\CodeIgniter->handleRequest(NULL, Object(Config\Cache), false)
#11 C:\xampp\htdocs\ci4\public\index.php(79): CodeIgniter\CodeIgniter->run()
#12 C:\xampp\htdocs\ci4\vendor\codeigniter4\framework\system\Commands\Server\rewrite.php(47): require_once('C:\\xampp\\htdocs...')
#13 {main}
CRITICAL - 2024-02-08 08:39:41 --> CodeIgniter\Database\Exceptions\DatabaseException: Column 'harga_beli' cannot be null
in SYSTEMPATH\Database\BaseConnection.php on line 647.
 1 SYSTEMPATH\Database\BaseBuilder.php(2302): CodeIgniter\Database\BaseConnection->query('INSERT INTO `produk` (`kode_produk`, `nama_produk`, `harga_beli`, `harga_jual`, `diskon`, `katid`, `satid`, `stok`) VALUES (:kode_produk:, :nama_produk:, :harga_beli:, :harga_jual:, :diskon:, :katid:, :satid:, :stok:)', [...], false)
 2 SYSTEMPATH\Model.php(326): CodeIgniter\Database\BaseBuilder->insert()
 3 SYSTEMPATH\BaseModel.php(802): CodeIgniter\Model->doInsert([...])
 4 SYSTEMPATH\Model.php(744): CodeIgniter\BaseModel->insert([...], true)
 5 APPPATH\Controllers\Produk.php(34): CodeIgniter\Model->insert([...])
 6 SYSTEMPATH\CodeIgniter.php(941): App\Controllers\Produk->simpanProduk()
 7 SYSTEMPATH\CodeIgniter.php(502): CodeIgniter\CodeIgniter->runController(Object(App\Controllers\Produk))
 8 SYSTEMPATH\CodeIgniter.php(361): CodeIgniter\CodeIgniter->handleRequest(null, Object(Config\Cache), false)
 9 FCPATH\index.php(79): CodeIgniter\CodeIgniter->run()
10 SYSTEMPATH\Commands\Server\rewrite.php(47): require_once('C:\\xampp\\htdocs\\ci4\\public\\index.php')
CRITICAL - 2024-02-08 08:39:41 --> [Caused by] CodeIgniter\Database\Exceptions\DatabaseException: Column 'harga_beli' cannot be null
in SYSTEMPATH\Database\MySQLi\Connection.php on line 311.
 1 SYSTEMPATH\Database\BaseConnection.php(693): CodeIgniter\Database\MySQLi\Connection->execute('INSERT INTO `produk` (`kode_produk`, `nama_produk`, `harga_beli`, `harga_jual`, `diskon`, `katid`, `satid`, `stok`) VALUES (\'123\', \'ppp\', NULL, NULL, NULL, NULL, NULL, NULL)')
 2 SYSTEMPATH\Database\BaseConnection.php(607): CodeIgniter\Database\BaseConnection->simpleQuery('INSERT INTO `produk` (`kode_produk`, `nama_produk`, `harga_beli`, `harga_jual`, `diskon`, `katid`, `satid`, `stok`) VALUES (\'123\', \'ppp\', NULL, NULL, NULL, NULL, NULL, NULL)')
 3 SYSTEMPATH\Database\BaseBuilder.php(2302): CodeIgniter\Database\BaseConnection->query('INSERT INTO `produk` (`kode_produk`, `nama_produk`, `harga_beli`, `harga_jual`, `diskon`, `katid`, `satid`, `stok`) VALUES (:kode_produk:, :nama_produk:, :harga_beli:, :harga_jual:, :diskon:, :katid:, :satid:, :stok:)', [...], false)
 4 SYSTEMPATH\Model.php(326): CodeIgniter\Database\BaseBuilder->insert()
 5 SYSTEMPATH\BaseModel.php(802): CodeIgniter\Model->doInsert([...])
 6 SYSTEMPATH\Model.php(744): CodeIgniter\BaseModel->insert([...], true)
 7 APPPATH\Controllers\Produk.php(34): CodeIgniter\Model->insert([...])
 8 SYSTEMPATH\CodeIgniter.php(941): App\Controllers\Produk->simpanProduk()
 9 SYSTEMPATH\CodeIgniter.php(502): CodeIgniter\CodeIgniter->runController(Object(App\Controllers\Produk))
10 SYSTEMPATH\CodeIgniter.php(361): CodeIgniter\CodeIgniter->handleRequest(null, Object(Config\Cache), false)
11 FCPATH\index.php(79): CodeIgniter\CodeIgniter->run()
12 SYSTEMPATH\Commands\Server\rewrite.php(47): require_once('C:\\xampp\\htdocs\\ci4\\public\\index.php')
CRITICAL - 2024-02-08 08:39:41 --> [Caused by] mysqli_sql_exception: Column 'harga_beli' cannot be null
in SYSTEMPATH\Database\MySQLi\Connection.php on line 306.
 1 SYSTEMPATH\Database\MySQLi\Connection.php(306): mysqli->query('INSERT INTO `produk` (`kode_produk`, `nama_produk`, `harga_beli`, `harga_jual`, `diskon`, `katid`, `satid`, `stok`) VALUES (\'123\', \'ppp\', NULL, NULL, NULL, NULL, NULL, NULL)', 0)
 2 SYSTEMPATH\Database\BaseConnection.php(693): CodeIgniter\Database\MySQLi\Connection->execute('INSERT INTO `produk` (`kode_produk`, `nama_produk`, `harga_beli`, `harga_jual`, `diskon`, `katid`, `satid`, `stok`) VALUES (\'123\', \'ppp\', NULL, NULL, NULL, NULL, NULL, NULL)')
 3 SYSTEMPATH\Database\BaseConnection.php(607): CodeIgniter\Database\BaseConnection->simpleQuery('INSERT INTO `produk` (`kode_produk`, `nama_produk`, `harga_beli`, `harga_jual`, `diskon`, `katid`, `satid`, `stok`) VALUES (\'123\', \'ppp\', NULL, NULL, NULL, NULL, NULL, NULL)')
 4 SYSTEMPATH\Database\BaseBuilder.php(2302): CodeIgniter\Database\BaseConnection->query('INSERT INTO `produk` (`kode_produk`, `nama_produk`, `harga_beli`, `harga_jual`, `diskon`, `katid`, `satid`, `stok`) VALUES (:kode_produk:, :nama_produk:, :harga_beli:, :harga_jual:, :diskon:, :katid:, :satid:, :stok:)', [...], false)
 5 SYSTEMPATH\Model.php(326): CodeIgniter\Database\BaseBuilder->insert()
 6 SYSTEMPATH\BaseModel.php(802): CodeIgniter\Model->doInsert([...])
 7 SYSTEMPATH\Model.php(744): CodeIgniter\BaseModel->insert([...], true)
 8 APPPATH\Controllers\Produk.php(34): CodeIgniter\Model->insert([...])
 9 SYSTEMPATH\CodeIgniter.php(941): App\Controllers\Produk->simpanProduk()
10 SYSTEMPATH\CodeIgniter.php(502): CodeIgniter\CodeIgniter->runController(Object(App\Controllers\Produk))
11 SYSTEMPATH\CodeIgniter.php(361): CodeIgniter\CodeIgniter->handleRequest(null, Object(Config\Cache), false)
12 FCPATH\index.php(79): CodeIgniter\CodeIgniter->run()
13 SYSTEMPATH\Commands\Server\rewrite.php(47): require_once('C:\\xampp\\htdocs\\ci4\\public\\index.php')
ERROR - 2024-02-08 08:43:16 --> mysqli_sql_exception: Table 'ci4.penjualann' doesn't exist in C:\xampp\htdocs\ci4\vendor\codeigniter4\framework\system\Database\MySQLi\Connection.php:306
Stack trace:
#0 C:\xampp\htdocs\ci4\vendor\codeigniter4\framework\system\Database\MySQLi\Connection.php(306): mysqli->query('SELECT *\nFROM `...', 0)
#1 C:\xampp\htdocs\ci4\vendor\codeigniter4\framework\system\Database\BaseConnection.php(693): CodeIgniter\Database\MySQLi\Connection->execute('SELECT *\nFROM `...')
#2 C:\xampp\htdocs\ci4\vendor\codeigniter4\framework\system\Database\BaseConnection.php(607): CodeIgniter\Database\BaseConnection->simpleQuery('SELECT *\nFROM `...')
#3 C:\xampp\htdocs\ci4\vendor\codeigniter4\framework\system\Database\BaseBuilder.php(1613): CodeIgniter\Database\BaseConnection->query('SELECT *\nFROM `...', Array, false)
#4 C:\xampp\htdocs\ci4\vendor\codeigniter4\framework\system\Model.php(242): CodeIgniter\Database\BaseBuilder->get()
#5 C:\xampp\htdocs\ci4\vendor\codeigniter4\framework\system\BaseModel.php(638): CodeIgniter\Model->doFindAll(0, 0)
#6 C:\xampp\htdocs\ci4\app\Controllers\Penjualan.php(11): CodeIgniter\BaseModel->findAll()
#7 C:\xampp\htdocs\ci4\vendor\codeigniter4\framework\system\CodeIgniter.php(941): App\Controllers\Penjualan->index()
#8 C:\xampp\htdocs\ci4\vendor\codeigniter4\framework\system\CodeIgniter.php(502): CodeIgniter\CodeIgniter->runController(Object(App\Controllers\Penjualan))
#9 C:\xampp\htdocs\ci4\vendor\codeigniter4\framework\system\CodeIgniter.php(361): CodeIgniter\CodeIgniter->handleRequest(NULL, Object(Config\Cache), false)
#10 C:\xampp\htdocs\ci4\public\index.php(79): CodeIgniter\CodeIgniter->run()
#11 C:\xampp\htdocs\ci4\vendor\codeigniter4\framework\system\Commands\Server\rewrite.php(47): require_once('C:\\xampp\\htdocs...')
#12 {main}
CRITICAL - 2024-02-08 08:43:16 --> CodeIgniter\Database\Exceptions\DatabaseException: Table 'ci4.penjualann' doesn't exist
in SYSTEMPATH\Database\BaseConnection.php on line 647.
 1 SYSTEMPATH\Database\BaseBuilder.php(1613): CodeIgniter\Database\BaseConnection->query('SELECT *
FROM `penjualann`', [], false)
 2 SYSTEMPATH\Model.php(242): CodeIgniter\Database\BaseBuilder->get()
 3 SYSTEMPATH\BaseModel.php(638): CodeIgniter\Model->doFindAll(0, 0)
 4 APPPATH\Controllers\Penjualan.php(11): CodeIgniter\BaseModel->findAll()
 5 SYSTEMPATH\CodeIgniter.php(941): App\Controllers\Penjualan->index()
 6 SYSTEMPATH\CodeIgniter.php(502): CodeIgniter\CodeIgniter->runController(Object(App\Controllers\Penjualan))
 7 SYSTEMPATH\CodeIgniter.php(361): CodeIgniter\CodeIgniter->handleRequest(null, Object(Config\Cache), false)
 8 FCPATH\index.php(79): CodeIgniter\CodeIgniter->run()
 9 SYSTEMPATH\Commands\Server\rewrite.php(47): require_once('C:\\xampp\\htdocs\\ci4\\public\\index.php')
CRITICAL - 2024-02-08 08:43:16 --> [Caused by] CodeIgniter\Database\Exceptions\DatabaseException: Table 'ci4.penjualann' doesn't exist
in SYSTEMPATH\Database\MySQLi\Connection.php on line 311.
 1 SYSTEMPATH\Database\BaseConnection.php(693): CodeIgniter\Database\MySQLi\Connection->execute('SELECT *
FROM `penjualann`')
 2 SYSTEMPATH\Database\BaseConnection.php(607): CodeIgniter\Database\BaseConnection->simpleQuery('SELECT *
FROM `penjualann`')
 3 SYSTEMPATH\Database\BaseBuilder.php(1613): CodeIgniter\Database\BaseConnection->query('SELECT *
FROM `penjualann`', [], false)
 4 SYSTEMPATH\Model.php(242): CodeIgniter\Database\BaseBuilder->get()
 5 SYSTEMPATH\BaseModel.php(638): CodeIgniter\Model->doFindAll(0, 0)
 6 APPPATH\Controllers\Penjualan.php(11): CodeIgniter\BaseModel->findAll()
 7 SYSTEMPATH\CodeIgniter.php(941): App\Controllers\Penjualan->index()
 8 SYSTEMPATH\CodeIgniter.php(502): CodeIgniter\CodeIgniter->runController(Object(App\Controllers\Penjualan))
 9 SYSTEMPATH\CodeIgniter.php(361): CodeIgniter\CodeIgniter->handleRequest(null, Object(Config\Cache), false)
10 FCPATH\index.php(79): CodeIgniter\CodeIgniter->run()
11 SYSTEMPATH\Commands\Server\rewrite.php(47): require_once('C:\\xampp\\htdocs\\ci4\\public\\index.php')
CRITICAL - 2024-02-08 08:43:16 --> [Caused by] mysqli_sql_exception: Table 'ci4.penjualann' doesn't exist
in SYSTEMPATH\Database\MySQLi\Connection.php on line 306.
 1 SYSTEMPATH\Database\MySQLi\Connection.php(306): mysqli->query('SELECT *
FROM `penjualann`', 0)
 2 SYSTEMPATH\Database\BaseConnection.php(693): CodeIgniter\Database\MySQLi\Connection->execute('SELECT *
FROM `penjualann`')
 3 SYSTEMPATH\Database\BaseConnection.php(607): CodeIgniter\Database\BaseConnection->simpleQuery('SELECT *
FROM `penjualann`')
 4 SYSTEMPATH\Database\BaseBuilder.php(1613): CodeIgniter\Database\BaseConnection->query('SELECT *
FROM `penjualann`', [], false)
 5 SYSTEMPATH\Model.php(242): CodeIgniter\Database\BaseBuilder->get()
 6 SYSTEMPATH\BaseModel.php(638): CodeIgniter\Model->doFindAll(0, 0)
 7 APPPATH\Controllers\Penjualan.php(11): CodeIgniter\BaseModel->findAll()
 8 SYSTEMPATH\CodeIgniter.php(941): App\Controllers\Penjualan->index()
 9 SYSTEMPATH\CodeIgniter.php(502): CodeIgniter\CodeIgniter->runController(Object(App\Controllers\Penjualan))
10 SYSTEMPATH\CodeIgniter.php(361): CodeIgniter\CodeIgniter->handleRequest(null, Object(Config\Cache), false)
11 FCPATH\index.php(79): CodeIgniter\CodeIgniter->run()
12 SYSTEMPATH\Commands\Server\rewrite.php(47): require_once('C:\\xampp\\htdocs\\ci4\\public\\index.php')
CRITICAL - 2024-02-08 17:29:00 --> Error: Class 'APP\Models\Muser' not found
in APPPATH\Controllers\Login.php on line 14.
 1 SYSTEMPATH\CodeIgniter.php(941): App\Controllers\Login->login()
 2 SYSTEMPATH\CodeIgniter.php(502): CodeIgniter\CodeIgniter->runController(Object(App\Controllers\Login))
 3 SYSTEMPATH\CodeIgniter.php(361): CodeIgniter\CodeIgniter->handleRequest(null, Object(Config\Cache), false)
 4 FCPATH\index.php(79): CodeIgniter\CodeIgniter->run()
 5 SYSTEMPATH\Commands\Server\rewrite.php(47): require_once('C:\\xampp\\htdocs\\ci4\\public\\index.php')
INFO - 2024-02-08 17:33:57 --> Session: Class initialized using 'CodeIgniter\Session\Handlers\FileHandler' driver.
INFO - 2024-02-08 17:34:11 --> Session: Class initialized using 'CodeIgniter\Session\Handlers\FileHandler' driver.
INFO - 2024-02-08 17:34:14 --> Session: Class initialized using 'CodeIgniter\Session\Handlers\FileHandler' driver.
INFO - 2024-02-08 17:34:16 --> Session: Class initialized using 'CodeIgniter\Session\Handlers\FileHandler' driver.
INFO - 2024-02-08 17:34:20 --> Session: Class initialized using 'CodeIgniter\Session\Handlers\FileHandler' driver.
